[2023-05-24T18:45:19.279+0200] {processor.py:156} INFO - Started process (PID=7902) to work on /home/choco/.local/lib/python3.10/site-packages/airflow/example_dags/example_short_circuit_decorator.py
[2023-05-24T18:45:19.280+0200] {processor.py:799} INFO - Processing file /home/choco/.local/lib/python3.10/site-packages/airflow/example_dags/example_short_circuit_decorator.py for tasks to queue
[2023-05-24T18:45:19.280+0200] {logging_mixin.py:149} INFO - [2023-05-24T18:45:19.280+0200] {dagbag.py:541} INFO - Filling up the DagBag from /home/choco/.local/lib/python3.10/site-packages/airflow/example_dags/example_short_circuit_decorator.py
[2023-05-24T18:45:19.293+0200] {processor.py:809} INFO - DAG(s) dict_keys(['example_short_circuit_decorator']) retrieved from /home/choco/.local/lib/python3.10/site-packages/airflow/example_dags/example_short_circuit_decorator.py
[2023-05-24T18:45:19.491+0200] {logging_mixin.py:149} INFO - [2023-05-24T18:45:19.490+0200] {manager.py:504} INFO - Created Permission View: can edit on DAG:example_short_circuit_decorator
[2023-05-24T18:45:19.507+0200] {logging_mixin.py:149} INFO - [2023-05-24T18:45:19.507+0200] {manager.py:504} INFO - Created Permission View: can read on DAG:example_short_circuit_decorator
[2023-05-24T18:45:19.521+0200] {logging_mixin.py:149} INFO - [2023-05-24T18:45:19.521+0200] {manager.py:504} INFO - Created Permission View: can delete on DAG:example_short_circuit_decorator
[2023-05-24T18:45:19.522+0200] {logging_mixin.py:149} INFO - [2023-05-24T18:45:19.522+0200] {dag.py:2726} INFO - Sync 1 DAGs
[2023-05-24T18:45:19.542+0200] {logging_mixin.py:149} INFO - [2023-05-24T18:45:19.542+0200] {dag.py:2747} INFO - Creating ORM DAG for example_short_circuit_decorator
[2023-05-24T18:45:19.554+0200] {logging_mixin.py:149} INFO - [2023-05-24T18:45:19.554+0200] {dag.py:3486} INFO - Setting next_dagrun for example_short_circuit_decorator to 2023-05-23T16:45:19.554049+00:00, run_after=2023-05-24T16:45:19.554049+00:00
[2023-05-24T18:45:19.807+0200] {processor.py:178} INFO - Processing /home/choco/.local/lib/python3.10/site-packages/airflow/example_dags/example_short_circuit_decorator.py took 0.533 seconds
[2023-05-24T18:46:20.480+0200] {processor.py:156} INFO - Started process (PID=7949) to work on /home/choco/.local/lib/python3.10/site-packages/airflow/example_dags/example_short_circuit_decorator.py
[2023-05-24T18:46:20.516+0200] {processor.py:799} INFO - Processing file /home/choco/.local/lib/python3.10/site-packages/airflow/example_dags/example_short_circuit_decorator.py for tasks to queue
[2023-05-24T18:46:20.518+0200] {logging_mixin.py:149} INFO - [2023-05-24T18:46:20.517+0200] {dagbag.py:541} INFO - Filling up the DagBag from /home/choco/.local/lib/python3.10/site-packages/airflow/example_dags/example_short_circuit_decorator.py
[2023-05-24T18:46:20.534+0200] {processor.py:809} INFO - DAG(s) dict_keys(['example_short_circuit_decorator']) retrieved from /home/choco/.local/lib/python3.10/site-packages/airflow/example_dags/example_short_circuit_decorator.py
[2023-05-24T18:46:20.572+0200] {logging_mixin.py:149} INFO - [2023-05-24T18:46:20.572+0200] {dag.py:2726} INFO - Sync 1 DAGs
[2023-05-24T18:46:20.597+0200] {logging_mixin.py:149} INFO - [2023-05-24T18:46:20.596+0200] {dag.py:3486} INFO - Setting next_dagrun for example_short_circuit_decorator to 2023-05-23T16:46:20.596535+00:00, run_after=2023-05-24T16:46:20.596535+00:00
[2023-05-24T18:46:20.630+0200] {processor.py:178} INFO - Processing /home/choco/.local/lib/python3.10/site-packages/airflow/example_dags/example_short_circuit_decorator.py took 0.154 seconds
[2023-05-24T18:47:11.081+0200] {processor.py:156} INFO - Started process (PID=7994) to work on /home/choco/.local/lib/python3.10/site-packages/airflow/example_dags/example_short_circuit_decorator.py
[2023-05-24T18:47:11.110+0200] {processor.py:799} INFO - Processing file /home/choco/.local/lib/python3.10/site-packages/airflow/example_dags/example_short_circuit_decorator.py for tasks to queue
[2023-05-24T18:47:11.112+0200] {logging_mixin.py:149} INFO - [2023-05-24T18:47:11.112+0200] {dagbag.py:541} INFO - Filling up the DagBag from /home/choco/.local/lib/python3.10/site-packages/airflow/example_dags/example_short_circuit_decorator.py
[2023-05-24T18:47:11.163+0200] {processor.py:809} INFO - DAG(s) dict_keys(['example_short_circuit_decorator']) retrieved from /home/choco/.local/lib/python3.10/site-packages/airflow/example_dags/example_short_circuit_decorator.py
[2023-05-24T18:47:11.192+0200] {logging_mixin.py:149} INFO - [2023-05-24T18:47:11.192+0200] {dag.py:2726} INFO - Sync 1 DAGs
[2023-05-24T18:47:11.369+0200] {logging_mixin.py:149} INFO - [2023-05-24T18:47:11.368+0200] {dag.py:3486} INFO - Setting next_dagrun for example_short_circuit_decorator to 2023-05-23T16:47:11.368508+00:00, run_after=2023-05-24T16:47:11.368508+00:00
[2023-05-24T18:47:11.434+0200] {processor.py:178} INFO - Processing /home/choco/.local/lib/python3.10/site-packages/airflow/example_dags/example_short_circuit_decorator.py took 0.360 seconds
[2023-05-24T21:47:01.611+0200] {processor.py:156} INFO - Started process (PID=8064) to work on /home/choco/.local/lib/python3.10/site-packages/airflow/example_dags/example_short_circuit_decorator.py
[2023-05-24T21:47:01.650+0200] {processor.py:799} INFO - Processing file /home/choco/.local/lib/python3.10/site-packages/airflow/example_dags/example_short_circuit_decorator.py for tasks to queue
[2023-05-24T21:47:01.650+0200] {logging_mixin.py:149} INFO - [2023-05-24T21:47:01.650+0200] {dagbag.py:541} INFO - Filling up the DagBag from /home/choco/.local/lib/python3.10/site-packages/airflow/example_dags/example_short_circuit_decorator.py
[2023-05-24T21:47:01.659+0200] {processor.py:809} INFO - DAG(s) dict_keys(['example_short_circuit_decorator']) retrieved from /home/choco/.local/lib/python3.10/site-packages/airflow/example_dags/example_short_circuit_decorator.py
[2023-05-24T21:47:01.769+0200] {logging_mixin.py:149} INFO - [2023-05-24T21:47:01.769+0200] {dag.py:2726} INFO - Sync 1 DAGs
[2023-05-24T21:47:01.789+0200] {logging_mixin.py:149} INFO - [2023-05-24T21:47:01.789+0200] {dag.py:3486} INFO - Setting next_dagrun for example_short_circuit_decorator to 2023-05-23T19:47:01.789366+00:00, run_after=2023-05-24T19:47:01.789366+00:00
[2023-05-24T21:47:01.850+0200] {processor.py:178} INFO - Processing /home/choco/.local/lib/python3.10/site-packages/airflow/example_dags/example_short_circuit_decorator.py took 0.241 seconds
[2023-05-24T21:47:50.202+0200] {processor.py:156} INFO - Started process (PID=8111) to work on /home/choco/.local/lib/python3.10/site-packages/airflow/example_dags/example_short_circuit_decorator.py
[2023-05-24T21:47:50.204+0200] {processor.py:799} INFO - Processing file /home/choco/.local/lib/python3.10/site-packages/airflow/example_dags/example_short_circuit_decorator.py for tasks to queue
[2023-05-24T21:47:50.205+0200] {logging_mixin.py:149} INFO - [2023-05-24T21:47:50.205+0200] {dagbag.py:541} INFO - Filling up the DagBag from /home/choco/.local/lib/python3.10/site-packages/airflow/example_dags/example_short_circuit_decorator.py
[2023-05-24T21:47:50.215+0200] {processor.py:809} INFO - DAG(s) dict_keys(['example_short_circuit_decorator']) retrieved from /home/choco/.local/lib/python3.10/site-packages/airflow/example_dags/example_short_circuit_decorator.py
[2023-05-24T21:47:50.240+0200] {logging_mixin.py:149} INFO - [2023-05-24T21:47:50.240+0200] {dag.py:2726} INFO - Sync 1 DAGs
[2023-05-24T21:47:50.264+0200] {logging_mixin.py:149} INFO - [2023-05-24T21:47:50.264+0200] {dag.py:3486} INFO - Setting next_dagrun for example_short_circuit_decorator to 2023-05-23T19:47:50.263910+00:00, run_after=2023-05-24T19:47:50.263910+00:00
[2023-05-24T21:47:50.294+0200] {processor.py:178} INFO - Processing /home/choco/.local/lib/python3.10/site-packages/airflow/example_dags/example_short_circuit_decorator.py took 0.095 seconds
[2023-05-24T21:48:36.329+0200] {processor.py:156} INFO - Started process (PID=8158) to work on /home/choco/.local/lib/python3.10/site-packages/airflow/example_dags/example_short_circuit_decorator.py
[2023-05-24T21:48:36.330+0200] {processor.py:799} INFO - Processing file /home/choco/.local/lib/python3.10/site-packages/airflow/example_dags/example_short_circuit_decorator.py for tasks to queue
[2023-05-24T21:48:36.331+0200] {logging_mixin.py:149} INFO - [2023-05-24T21:48:36.331+0200] {dagbag.py:541} INFO - Filling up the DagBag from /home/choco/.local/lib/python3.10/site-packages/airflow/example_dags/example_short_circuit_decorator.py
[2023-05-24T21:48:36.341+0200] {processor.py:809} INFO - DAG(s) dict_keys(['example_short_circuit_decorator']) retrieved from /home/choco/.local/lib/python3.10/site-packages/airflow/example_dags/example_short_circuit_decorator.py
[2023-05-24T21:48:36.365+0200] {logging_mixin.py:149} INFO - [2023-05-24T21:48:36.364+0200] {dag.py:2726} INFO - Sync 1 DAGs
[2023-05-24T21:48:36.387+0200] {logging_mixin.py:149} INFO - [2023-05-24T21:48:36.387+0200] {dag.py:3486} INFO - Setting next_dagrun for example_short_circuit_decorator to 2023-05-23T19:48:36.387233+00:00, run_after=2023-05-24T19:48:36.387233+00:00
[2023-05-24T21:48:36.424+0200] {processor.py:178} INFO - Processing /home/choco/.local/lib/python3.10/site-packages/airflow/example_dags/example_short_circuit_decorator.py took 0.099 seconds
[2023-05-24T21:49:15.787+0200] {processor.py:156} INFO - Started process (PID=8195) to work on /home/choco/.local/lib/python3.10/site-packages/airflow/example_dags/example_short_circuit_decorator.py
[2023-05-24T21:49:15.788+0200] {processor.py:799} INFO - Processing file /home/choco/.local/lib/python3.10/site-packages/airflow/example_dags/example_short_circuit_decorator.py for tasks to queue
[2023-05-24T21:49:15.789+0200] {logging_mixin.py:149} INFO - [2023-05-24T21:49:15.789+0200] {dagbag.py:541} INFO - Filling up the DagBag from /home/choco/.local/lib/python3.10/site-packages/airflow/example_dags/example_short_circuit_decorator.py
[2023-05-24T21:49:15.797+0200] {processor.py:809} INFO - DAG(s) dict_keys(['example_short_circuit_decorator']) retrieved from /home/choco/.local/lib/python3.10/site-packages/airflow/example_dags/example_short_circuit_decorator.py
[2023-05-24T21:49:15.814+0200] {logging_mixin.py:149} INFO - [2023-05-24T21:49:15.814+0200] {dag.py:2726} INFO - Sync 1 DAGs
[2023-05-24T21:49:15.840+0200] {logging_mixin.py:149} INFO - [2023-05-24T21:49:15.840+0200] {dag.py:3486} INFO - Setting next_dagrun for example_short_circuit_decorator to 2023-05-23T19:49:15.840390+00:00, run_after=2023-05-24T19:49:15.840390+00:00
[2023-05-24T21:49:15.863+0200] {processor.py:178} INFO - Processing /home/choco/.local/lib/python3.10/site-packages/airflow/example_dags/example_short_circuit_decorator.py took 0.078 seconds
[2023-05-24T21:50:03.986+0200] {processor.py:156} INFO - Started process (PID=8243) to work on /home/choco/.local/lib/python3.10/site-packages/airflow/example_dags/example_short_circuit_decorator.py
[2023-05-24T21:50:03.987+0200] {processor.py:799} INFO - Processing file /home/choco/.local/lib/python3.10/site-packages/airflow/example_dags/example_short_circuit_decorator.py for tasks to queue
[2023-05-24T21:50:03.988+0200] {logging_mixin.py:149} INFO - [2023-05-24T21:50:03.988+0200] {dagbag.py:541} INFO - Filling up the DagBag from /home/choco/.local/lib/python3.10/site-packages/airflow/example_dags/example_short_circuit_decorator.py
[2023-05-24T21:50:03.998+0200] {processor.py:809} INFO - DAG(s) dict_keys(['example_short_circuit_decorator']) retrieved from /home/choco/.local/lib/python3.10/site-packages/airflow/example_dags/example_short_circuit_decorator.py
[2023-05-24T21:50:04.017+0200] {logging_mixin.py:149} INFO - [2023-05-24T21:50:04.017+0200] {dag.py:2726} INFO - Sync 1 DAGs
[2023-05-24T21:50:04.034+0200] {logging_mixin.py:149} INFO - [2023-05-24T21:50:04.034+0200] {dag.py:3486} INFO - Setting next_dagrun for example_short_circuit_decorator to 2023-05-23T19:50:04.033914+00:00, run_after=2023-05-24T19:50:04.033914+00:00
[2023-05-24T21:50:04.058+0200] {processor.py:178} INFO - Processing /home/choco/.local/lib/python3.10/site-packages/airflow/example_dags/example_short_circuit_decorator.py took 0.075 seconds
[2023-05-24T21:50:48.977+0200] {processor.py:156} INFO - Started process (PID=8289) to work on /home/choco/.local/lib/python3.10/site-packages/airflow/example_dags/example_short_circuit_decorator.py
[2023-05-24T21:50:48.978+0200] {processor.py:799} INFO - Processing file /home/choco/.local/lib/python3.10/site-packages/airflow/example_dags/example_short_circuit_decorator.py for tasks to queue
[2023-05-24T21:50:48.979+0200] {logging_mixin.py:149} INFO - [2023-05-24T21:50:48.978+0200] {dagbag.py:541} INFO - Filling up the DagBag from /home/choco/.local/lib/python3.10/site-packages/airflow/example_dags/example_short_circuit_decorator.py
[2023-05-24T21:50:48.986+0200] {processor.py:809} INFO - DAG(s) dict_keys(['example_short_circuit_decorator']) retrieved from /home/choco/.local/lib/python3.10/site-packages/airflow/example_dags/example_short_circuit_decorator.py
[2023-05-24T21:50:49.005+0200] {logging_mixin.py:149} INFO - [2023-05-24T21:50:49.005+0200] {dag.py:2726} INFO - Sync 1 DAGs
[2023-05-24T21:50:49.022+0200] {logging_mixin.py:149} INFO - [2023-05-24T21:50:49.022+0200] {dag.py:3486} INFO - Setting next_dagrun for example_short_circuit_decorator to 2023-05-23T19:50:49.022214+00:00, run_after=2023-05-24T19:50:49.022214+00:00
[2023-05-24T21:50:49.049+0200] {processor.py:178} INFO - Processing /home/choco/.local/lib/python3.10/site-packages/airflow/example_dags/example_short_circuit_decorator.py took 0.075 seconds
