[2023-05-24T18:45:25.117+0200] {processor.py:156} INFO - Started process (PID=7906) to work on /home/choco/.local/lib/python3.10/site-packages/airflow/example_dags/example_xcomargs.py
[2023-05-24T18:45:25.120+0200] {processor.py:799} INFO - Processing file /home/choco/.local/lib/python3.10/site-packages/airflow/example_dags/example_xcomargs.py for tasks to queue
[2023-05-24T18:45:25.122+0200] {logging_mixin.py:149} INFO - [2023-05-24T18:45:25.121+0200] {dagbag.py:541} INFO - Filling up the DagBag from /home/choco/.local/lib/python3.10/site-packages/airflow/example_dags/example_xcomargs.py
[2023-05-24T18:45:25.140+0200] {processor.py:809} INFO - DAG(s) dict_keys(['example_xcom_args', 'example_xcom_args_with_operators']) retrieved from /home/choco/.local/lib/python3.10/site-packages/airflow/example_dags/example_xcomargs.py
[2023-05-24T18:45:25.305+0200] {logging_mixin.py:149} INFO - [2023-05-24T18:45:25.305+0200] {manager.py:504} INFO - Created Permission View: can edit on DAG:example_xcom_args
[2023-05-24T18:45:25.330+0200] {logging_mixin.py:149} INFO - [2023-05-24T18:45:25.330+0200] {manager.py:504} INFO - Created Permission View: can read on DAG:example_xcom_args
[2023-05-24T18:45:25.354+0200] {logging_mixin.py:149} INFO - [2023-05-24T18:45:25.353+0200] {manager.py:504} INFO - Created Permission View: can delete on DAG:example_xcom_args
[2023-05-24T18:45:25.410+0200] {logging_mixin.py:149} INFO - [2023-05-24T18:45:25.409+0200] {manager.py:504} INFO - Created Permission View: can edit on DAG:example_xcom_args_with_operators
[2023-05-24T18:45:25.432+0200] {logging_mixin.py:149} INFO - [2023-05-24T18:45:25.431+0200] {manager.py:504} INFO - Created Permission View: can read on DAG:example_xcom_args_with_operators
[2023-05-24T18:45:25.462+0200] {logging_mixin.py:149} INFO - [2023-05-24T18:45:25.461+0200] {manager.py:504} INFO - Created Permission View: can delete on DAG:example_xcom_args_with_operators
[2023-05-24T18:45:25.462+0200] {logging_mixin.py:149} INFO - [2023-05-24T18:45:25.462+0200] {dag.py:2726} INFO - Sync 2 DAGs
[2023-05-24T18:45:25.485+0200] {logging_mixin.py:149} INFO - [2023-05-24T18:45:25.485+0200] {dag.py:2747} INFO - Creating ORM DAG for example_xcom_args
[2023-05-24T18:45:25.487+0200] {logging_mixin.py:149} INFO - [2023-05-24T18:45:25.487+0200] {dag.py:2747} INFO - Creating ORM DAG for example_xcom_args_with_operators
[2023-05-24T18:45:25.768+0200] {logging_mixin.py:149} INFO - [2023-05-24T18:45:25.768+0200] {dag.py:3486} INFO - Setting next_dagrun for example_xcom_args to None, run_after=None
[2023-05-24T18:45:25.769+0200] {logging_mixin.py:149} INFO - [2023-05-24T18:45:25.769+0200] {dag.py:3486} INFO - Setting next_dagrun for example_xcom_args_with_operators to None, run_after=None
[2023-05-24T18:45:25.842+0200] {processor.py:178} INFO - Processing /home/choco/.local/lib/python3.10/site-packages/airflow/example_dags/example_xcomargs.py took 0.738 seconds
[2023-05-24T18:46:25.454+0200] {processor.py:156} INFO - Started process (PID=7953) to work on /home/choco/.local/lib/python3.10/site-packages/airflow/example_dags/example_xcomargs.py
[2023-05-24T18:46:25.477+0200] {processor.py:799} INFO - Processing file /home/choco/.local/lib/python3.10/site-packages/airflow/example_dags/example_xcomargs.py for tasks to queue
[2023-05-24T18:46:25.479+0200] {logging_mixin.py:149} INFO - [2023-05-24T18:46:25.478+0200] {dagbag.py:541} INFO - Filling up the DagBag from /home/choco/.local/lib/python3.10/site-packages/airflow/example_dags/example_xcomargs.py
[2023-05-24T18:46:25.494+0200] {processor.py:809} INFO - DAG(s) dict_keys(['example_xcom_args', 'example_xcom_args_with_operators']) retrieved from /home/choco/.local/lib/python3.10/site-packages/airflow/example_dags/example_xcomargs.py
[2023-05-24T18:46:25.530+0200] {logging_mixin.py:149} INFO - [2023-05-24T18:46:25.530+0200] {dag.py:2726} INFO - Sync 2 DAGs
[2023-05-24T18:46:25.570+0200] {logging_mixin.py:149} INFO - [2023-05-24T18:46:25.570+0200] {dag.py:3486} INFO - Setting next_dagrun for example_xcom_args to None, run_after=None
[2023-05-24T18:46:25.577+0200] {logging_mixin.py:149} INFO - [2023-05-24T18:46:25.577+0200] {dag.py:3486} INFO - Setting next_dagrun for example_xcom_args_with_operators to None, run_after=None
[2023-05-24T18:46:25.628+0200] {processor.py:178} INFO - Processing /home/choco/.local/lib/python3.10/site-packages/airflow/example_dags/example_xcomargs.py took 0.181 seconds
[2023-05-24T18:47:16.054+0200] {processor.py:156} INFO - Started process (PID=7998) to work on /home/choco/.local/lib/python3.10/site-packages/airflow/example_dags/example_xcomargs.py
[2023-05-24T18:47:16.090+0200] {processor.py:799} INFO - Processing file /home/choco/.local/lib/python3.10/site-packages/airflow/example_dags/example_xcomargs.py for tasks to queue
[2023-05-24T18:47:16.092+0200] {logging_mixin.py:149} INFO - [2023-05-24T18:47:16.091+0200] {dagbag.py:541} INFO - Filling up the DagBag from /home/choco/.local/lib/python3.10/site-packages/airflow/example_dags/example_xcomargs.py
[2023-05-24T18:47:16.108+0200] {processor.py:809} INFO - DAG(s) dict_keys(['example_xcom_args_with_operators', 'example_xcom_args']) retrieved from /home/choco/.local/lib/python3.10/site-packages/airflow/example_dags/example_xcomargs.py
[2023-05-24T18:47:16.151+0200] {logging_mixin.py:149} INFO - [2023-05-24T18:47:16.151+0200] {dag.py:2726} INFO - Sync 2 DAGs
[2023-05-24T18:47:16.345+0200] {logging_mixin.py:149} INFO - [2023-05-24T18:47:16.345+0200] {dag.py:3486} INFO - Setting next_dagrun for example_xcom_args to None, run_after=None
[2023-05-24T18:47:16.349+0200] {logging_mixin.py:149} INFO - [2023-05-24T18:47:16.349+0200] {dag.py:3486} INFO - Setting next_dagrun for example_xcom_args_with_operators to None, run_after=None
[2023-05-24T18:47:16.428+0200] {processor.py:178} INFO - Processing /home/choco/.local/lib/python3.10/site-packages/airflow/example_dags/example_xcomargs.py took 0.379 seconds
[2023-05-24T21:47:06.817+0200] {processor.py:156} INFO - Started process (PID=8068) to work on /home/choco/.local/lib/python3.10/site-packages/airflow/example_dags/example_xcomargs.py
[2023-05-24T21:47:06.853+0200] {processor.py:799} INFO - Processing file /home/choco/.local/lib/python3.10/site-packages/airflow/example_dags/example_xcomargs.py for tasks to queue
[2023-05-24T21:47:06.853+0200] {logging_mixin.py:149} INFO - [2023-05-24T21:47:06.853+0200] {dagbag.py:541} INFO - Filling up the DagBag from /home/choco/.local/lib/python3.10/site-packages/airflow/example_dags/example_xcomargs.py
[2023-05-24T21:47:06.939+0200] {processor.py:809} INFO - DAG(s) dict_keys(['example_xcom_args_with_operators', 'example_xcom_args']) retrieved from /home/choco/.local/lib/python3.10/site-packages/airflow/example_dags/example_xcomargs.py
[2023-05-24T21:47:06.954+0200] {logging_mixin.py:149} INFO - [2023-05-24T21:47:06.954+0200] {dag.py:2726} INFO - Sync 2 DAGs
[2023-05-24T21:47:06.969+0200] {logging_mixin.py:149} INFO - [2023-05-24T21:47:06.969+0200] {dag.py:3486} INFO - Setting next_dagrun for example_xcom_args to None, run_after=None
[2023-05-24T21:47:06.972+0200] {logging_mixin.py:149} INFO - [2023-05-24T21:47:06.971+0200] {dag.py:3486} INFO - Setting next_dagrun for example_xcom_args_with_operators to None, run_after=None
[2023-05-24T21:47:07.029+0200] {processor.py:178} INFO - Processing /home/choco/.local/lib/python3.10/site-packages/airflow/example_dags/example_xcomargs.py took 0.214 seconds
[2023-05-24T21:47:54.535+0200] {processor.py:156} INFO - Started process (PID=8117) to work on /home/choco/.local/lib/python3.10/site-packages/airflow/example_dags/example_xcomargs.py
[2023-05-24T21:47:54.571+0200] {processor.py:799} INFO - Processing file /home/choco/.local/lib/python3.10/site-packages/airflow/example_dags/example_xcomargs.py for tasks to queue
[2023-05-24T21:47:54.573+0200] {logging_mixin.py:149} INFO - [2023-05-24T21:47:54.573+0200] {dagbag.py:541} INFO - Filling up the DagBag from /home/choco/.local/lib/python3.10/site-packages/airflow/example_dags/example_xcomargs.py
[2023-05-24T21:47:54.584+0200] {processor.py:809} INFO - DAG(s) dict_keys(['example_xcom_args', 'example_xcom_args_with_operators']) retrieved from /home/choco/.local/lib/python3.10/site-packages/airflow/example_dags/example_xcomargs.py
[2023-05-24T21:47:54.614+0200] {logging_mixin.py:149} INFO - [2023-05-24T21:47:54.614+0200] {dag.py:2726} INFO - Sync 2 DAGs
[2023-05-24T21:47:54.641+0200] {logging_mixin.py:149} INFO - [2023-05-24T21:47:54.641+0200] {dag.py:3486} INFO - Setting next_dagrun for example_xcom_args to None, run_after=None
[2023-05-24T21:47:54.645+0200] {logging_mixin.py:149} INFO - [2023-05-24T21:47:54.645+0200] {dag.py:3486} INFO - Setting next_dagrun for example_xcom_args_with_operators to None, run_after=None
[2023-05-24T21:47:54.675+0200] {processor.py:178} INFO - Processing /home/choco/.local/lib/python3.10/site-packages/airflow/example_dags/example_xcomargs.py took 0.143 seconds
[2023-05-24T21:48:41.663+0200] {processor.py:156} INFO - Started process (PID=8162) to work on /home/choco/.local/lib/python3.10/site-packages/airflow/example_dags/example_xcomargs.py
[2023-05-24T21:48:41.667+0200] {processor.py:799} INFO - Processing file /home/choco/.local/lib/python3.10/site-packages/airflow/example_dags/example_xcomargs.py for tasks to queue
[2023-05-24T21:48:41.669+0200] {logging_mixin.py:149} INFO - [2023-05-24T21:48:41.669+0200] {dagbag.py:541} INFO - Filling up the DagBag from /home/choco/.local/lib/python3.10/site-packages/airflow/example_dags/example_xcomargs.py
[2023-05-24T21:48:41.688+0200] {processor.py:809} INFO - DAG(s) dict_keys(['example_xcom_args_with_operators', 'example_xcom_args']) retrieved from /home/choco/.local/lib/python3.10/site-packages/airflow/example_dags/example_xcomargs.py
[2023-05-24T21:48:41.731+0200] {logging_mixin.py:149} INFO - [2023-05-24T21:48:41.731+0200] {dag.py:2726} INFO - Sync 2 DAGs
[2023-05-24T21:48:41.770+0200] {logging_mixin.py:149} INFO - [2023-05-24T21:48:41.770+0200] {dag.py:3486} INFO - Setting next_dagrun for example_xcom_args to None, run_after=None
[2023-05-24T21:48:41.776+0200] {logging_mixin.py:149} INFO - [2023-05-24T21:48:41.776+0200] {dag.py:3486} INFO - Setting next_dagrun for example_xcom_args_with_operators to None, run_after=None
[2023-05-24T21:48:41.857+0200] {processor.py:178} INFO - Processing /home/choco/.local/lib/python3.10/site-packages/airflow/example_dags/example_xcomargs.py took 0.201 seconds
[2023-05-24T21:49:33.703+0200] {processor.py:156} INFO - Started process (PID=8212) to work on /home/choco/.local/lib/python3.10/site-packages/airflow/example_dags/example_xcomargs.py
[2023-05-24T21:49:33.705+0200] {processor.py:799} INFO - Processing file /home/choco/.local/lib/python3.10/site-packages/airflow/example_dags/example_xcomargs.py for tasks to queue
[2023-05-24T21:49:33.706+0200] {logging_mixin.py:149} INFO - [2023-05-24T21:49:33.705+0200] {dagbag.py:541} INFO - Filling up the DagBag from /home/choco/.local/lib/python3.10/site-packages/airflow/example_dags/example_xcomargs.py
[2023-05-24T21:49:33.713+0200] {processor.py:809} INFO - DAG(s) dict_keys(['example_xcom_args', 'example_xcom_args_with_operators']) retrieved from /home/choco/.local/lib/python3.10/site-packages/airflow/example_dags/example_xcomargs.py
[2023-05-24T21:49:33.735+0200] {logging_mixin.py:149} INFO - [2023-05-24T21:49:33.735+0200] {dag.py:2726} INFO - Sync 2 DAGs
[2023-05-24T21:49:33.752+0200] {logging_mixin.py:149} INFO - [2023-05-24T21:49:33.752+0200] {dag.py:3486} INFO - Setting next_dagrun for example_xcom_args to None, run_after=None
[2023-05-24T21:49:33.755+0200] {logging_mixin.py:149} INFO - [2023-05-24T21:49:33.755+0200] {dag.py:3486} INFO - Setting next_dagrun for example_xcom_args_with_operators to None, run_after=None
[2023-05-24T21:49:33.783+0200] {processor.py:178} INFO - Processing /home/choco/.local/lib/python3.10/site-packages/airflow/example_dags/example_xcomargs.py took 0.083 seconds
[2023-05-24T21:50:19.097+0200] {processor.py:156} INFO - Started process (PID=8258) to work on /home/choco/.local/lib/python3.10/site-packages/airflow/example_dags/example_xcomargs.py
[2023-05-24T21:50:19.099+0200] {processor.py:799} INFO - Processing file /home/choco/.local/lib/python3.10/site-packages/airflow/example_dags/example_xcomargs.py for tasks to queue
[2023-05-24T21:50:19.099+0200] {logging_mixin.py:149} INFO - [2023-05-24T21:50:19.099+0200] {dagbag.py:541} INFO - Filling up the DagBag from /home/choco/.local/lib/python3.10/site-packages/airflow/example_dags/example_xcomargs.py
[2023-05-24T21:50:19.106+0200] {processor.py:809} INFO - DAG(s) dict_keys(['example_xcom_args_with_operators', 'example_xcom_args']) retrieved from /home/choco/.local/lib/python3.10/site-packages/airflow/example_dags/example_xcomargs.py
[2023-05-24T21:50:19.128+0200] {logging_mixin.py:149} INFO - [2023-05-24T21:50:19.128+0200] {dag.py:2726} INFO - Sync 2 DAGs
[2023-05-24T21:50:19.146+0200] {logging_mixin.py:149} INFO - [2023-05-24T21:50:19.146+0200] {dag.py:3486} INFO - Setting next_dagrun for example_xcom_args to None, run_after=None
[2023-05-24T21:50:19.149+0200] {logging_mixin.py:149} INFO - [2023-05-24T21:50:19.149+0200] {dag.py:3486} INFO - Setting next_dagrun for example_xcom_args_with_operators to None, run_after=None
[2023-05-24T21:50:19.168+0200] {processor.py:178} INFO - Processing /home/choco/.local/lib/python3.10/site-packages/airflow/example_dags/example_xcomargs.py took 0.074 seconds
[2023-05-24T21:51:06.995+0200] {processor.py:156} INFO - Started process (PID=8306) to work on /home/choco/.local/lib/python3.10/site-packages/airflow/example_dags/example_xcomargs.py
[2023-05-24T21:51:07.032+0200] {processor.py:799} INFO - Processing file /home/choco/.local/lib/python3.10/site-packages/airflow/example_dags/example_xcomargs.py for tasks to queue
[2023-05-24T21:51:07.033+0200] {logging_mixin.py:149} INFO - [2023-05-24T21:51:07.033+0200] {dagbag.py:541} INFO - Filling up the DagBag from /home/choco/.local/lib/python3.10/site-packages/airflow/example_dags/example_xcomargs.py
[2023-05-24T21:51:07.039+0200] {processor.py:809} INFO - DAG(s) dict_keys(['example_xcom_args_with_operators', 'example_xcom_args']) retrieved from /home/choco/.local/lib/python3.10/site-packages/airflow/example_dags/example_xcomargs.py
[2023-05-24T21:51:07.056+0200] {logging_mixin.py:149} INFO - [2023-05-24T21:51:07.056+0200] {dag.py:2726} INFO - Sync 2 DAGs
[2023-05-24T21:51:07.072+0200] {logging_mixin.py:149} INFO - [2023-05-24T21:51:07.072+0200] {dag.py:3486} INFO - Setting next_dagrun for example_xcom_args to None, run_after=None
[2023-05-24T21:51:07.075+0200] {logging_mixin.py:149} INFO - [2023-05-24T21:51:07.074+0200] {dag.py:3486} INFO - Setting next_dagrun for example_xcom_args_with_operators to None, run_after=None
[2023-05-24T21:51:07.092+0200] {processor.py:178} INFO - Processing /home/choco/.local/lib/python3.10/site-packages/airflow/example_dags/example_xcomargs.py took 0.098 seconds
