[2023-05-24T18:45:23.279+0200] {processor.py:156} INFO - Started process (PID=7905) to work on /home/choco/.local/lib/python3.10/site-packages/airflow/example_dags/example_python_operator.py
[2023-05-24T18:45:23.280+0200] {processor.py:799} INFO - Processing file /home/choco/.local/lib/python3.10/site-packages/airflow/example_dags/example_python_operator.py for tasks to queue
[2023-05-24T18:45:23.281+0200] {logging_mixin.py:149} INFO - [2023-05-24T18:45:23.281+0200] {dagbag.py:541} INFO - Filling up the DagBag from /home/choco/.local/lib/python3.10/site-packages/airflow/example_dags/example_python_operator.py
[2023-05-24T18:45:23.293+0200] {logging_mixin.py:149} INFO - [2023-05-24T18:45:23.293+0200] {taskmixin.py:211} WARNING - Dependency <Task(_PythonDecoratedOperator): print_the_context>, log_sql_query already registered for DAG: example_python_operator
[2023-05-24T18:45:23.294+0200] {logging_mixin.py:149} INFO - [2023-05-24T18:45:23.293+0200] {taskmixin.py:211} WARNING - Dependency <Task(_PythonDecoratedOperator): log_sql_query>, print_the_context already registered for DAG: example_python_operator
[2023-05-24T18:45:23.295+0200] {logging_mixin.py:149} INFO - [2023-05-24T18:45:23.295+0200] {taskmixin.py:211} WARNING - Dependency <Task(_PythonDecoratedOperator): print_the_context>, log_sql_query already registered for DAG: example_python_operator
[2023-05-24T18:45:23.296+0200] {logging_mixin.py:149} INFO - [2023-05-24T18:45:23.296+0200] {taskmixin.py:211} WARNING - Dependency <Task(_PythonDecoratedOperator): log_sql_query>, print_the_context already registered for DAG: example_python_operator
[2023-05-24T18:45:23.297+0200] {logging_mixin.py:149} INFO - [2023-05-24T18:45:23.297+0200] {taskmixin.py:211} WARNING - Dependency <Task(_PythonDecoratedOperator): print_the_context>, log_sql_query already registered for DAG: example_python_operator
[2023-05-24T18:45:23.297+0200] {logging_mixin.py:149} INFO - [2023-05-24T18:45:23.297+0200] {taskmixin.py:211} WARNING - Dependency <Task(_PythonDecoratedOperator): log_sql_query>, print_the_context already registered for DAG: example_python_operator
[2023-05-24T18:45:23.299+0200] {logging_mixin.py:149} INFO - [2023-05-24T18:45:23.299+0200] {taskmixin.py:211} WARNING - Dependency <Task(_PythonDecoratedOperator): print_the_context>, log_sql_query already registered for DAG: example_python_operator
[2023-05-24T18:45:23.299+0200] {logging_mixin.py:149} INFO - [2023-05-24T18:45:23.299+0200] {taskmixin.py:211} WARNING - Dependency <Task(_PythonDecoratedOperator): log_sql_query>, print_the_context already registered for DAG: example_python_operator
[2023-05-24T18:45:23.428+0200] {logging_mixin.py:149} INFO - [2023-05-24T18:45:23.428+0200] {example_python_operator.py:90} WARNING - The virtalenv_python example task requires virtualenv, please install it.
[2023-05-24T18:45:23.429+0200] {processor.py:809} INFO - DAG(s) dict_keys(['example_python_operator']) retrieved from /home/choco/.local/lib/python3.10/site-packages/airflow/example_dags/example_python_operator.py
[2023-05-24T18:45:23.580+0200] {logging_mixin.py:149} INFO - [2023-05-24T18:45:23.579+0200] {manager.py:504} INFO - Created Permission View: can edit on DAG:example_python_operator
[2023-05-24T18:45:23.607+0200] {logging_mixin.py:149} INFO - [2023-05-24T18:45:23.606+0200] {manager.py:504} INFO - Created Permission View: can read on DAG:example_python_operator
[2023-05-24T18:45:23.625+0200] {logging_mixin.py:149} INFO - [2023-05-24T18:45:23.624+0200] {manager.py:504} INFO - Created Permission View: can delete on DAG:example_python_operator
[2023-05-24T18:45:23.625+0200] {logging_mixin.py:149} INFO - [2023-05-24T18:45:23.625+0200] {dag.py:2726} INFO - Sync 1 DAGs
[2023-05-24T18:45:23.641+0200] {logging_mixin.py:149} INFO - [2023-05-24T18:45:23.640+0200] {dag.py:2747} INFO - Creating ORM DAG for example_python_operator
[2023-05-24T18:45:23.656+0200] {logging_mixin.py:149} INFO - [2023-05-24T18:45:23.656+0200] {dag.py:3486} INFO - Setting next_dagrun for example_python_operator to None, run_after=None
[2023-05-24T18:45:23.942+0200] {processor.py:178} INFO - Processing /home/choco/.local/lib/python3.10/site-packages/airflow/example_dags/example_python_operator.py took 0.667 seconds
[2023-05-24T18:46:23.629+0200] {processor.py:156} INFO - Started process (PID=7952) to work on /home/choco/.local/lib/python3.10/site-packages/airflow/example_dags/example_python_operator.py
[2023-05-24T18:46:23.667+0200] {processor.py:799} INFO - Processing file /home/choco/.local/lib/python3.10/site-packages/airflow/example_dags/example_python_operator.py for tasks to queue
[2023-05-24T18:46:23.668+0200] {logging_mixin.py:149} INFO - [2023-05-24T18:46:23.668+0200] {dagbag.py:541} INFO - Filling up the DagBag from /home/choco/.local/lib/python3.10/site-packages/airflow/example_dags/example_python_operator.py
[2023-05-24T18:46:23.688+0200] {logging_mixin.py:149} INFO - [2023-05-24T18:46:23.687+0200] {taskmixin.py:211} WARNING - Dependency <Task(_PythonDecoratedOperator): print_the_context>, log_sql_query already registered for DAG: example_python_operator
[2023-05-24T18:46:23.689+0200] {logging_mixin.py:149} INFO - [2023-05-24T18:46:23.688+0200] {taskmixin.py:211} WARNING - Dependency <Task(_PythonDecoratedOperator): log_sql_query>, print_the_context already registered for DAG: example_python_operator
[2023-05-24T18:46:23.691+0200] {logging_mixin.py:149} INFO - [2023-05-24T18:46:23.690+0200] {taskmixin.py:211} WARNING - Dependency <Task(_PythonDecoratedOperator): print_the_context>, log_sql_query already registered for DAG: example_python_operator
[2023-05-24T18:46:23.692+0200] {logging_mixin.py:149} INFO - [2023-05-24T18:46:23.691+0200] {taskmixin.py:211} WARNING - Dependency <Task(_PythonDecoratedOperator): log_sql_query>, print_the_context already registered for DAG: example_python_operator
[2023-05-24T18:46:23.694+0200] {logging_mixin.py:149} INFO - [2023-05-24T18:46:23.693+0200] {taskmixin.py:211} WARNING - Dependency <Task(_PythonDecoratedOperator): print_the_context>, log_sql_query already registered for DAG: example_python_operator
[2023-05-24T18:46:23.695+0200] {logging_mixin.py:149} INFO - [2023-05-24T18:46:23.695+0200] {taskmixin.py:211} WARNING - Dependency <Task(_PythonDecoratedOperator): log_sql_query>, print_the_context already registered for DAG: example_python_operator
[2023-05-24T18:46:23.697+0200] {logging_mixin.py:149} INFO - [2023-05-24T18:46:23.696+0200] {taskmixin.py:211} WARNING - Dependency <Task(_PythonDecoratedOperator): print_the_context>, log_sql_query already registered for DAG: example_python_operator
[2023-05-24T18:46:23.697+0200] {logging_mixin.py:149} INFO - [2023-05-24T18:46:23.697+0200] {taskmixin.py:211} WARNING - Dependency <Task(_PythonDecoratedOperator): log_sql_query>, print_the_context already registered for DAG: example_python_operator
[2023-05-24T18:46:23.914+0200] {logging_mixin.py:149} INFO - [2023-05-24T18:46:23.914+0200] {example_python_operator.py:90} WARNING - The virtalenv_python example task requires virtualenv, please install it.
[2023-05-24T18:46:23.916+0200] {processor.py:809} INFO - DAG(s) dict_keys(['example_python_operator']) retrieved from /home/choco/.local/lib/python3.10/site-packages/airflow/example_dags/example_python_operator.py
[2023-05-24T18:46:23.960+0200] {logging_mixin.py:149} INFO - [2023-05-24T18:46:23.959+0200] {dag.py:2726} INFO - Sync 1 DAGs
[2023-05-24T18:46:23.984+0200] {logging_mixin.py:149} INFO - [2023-05-24T18:46:23.984+0200] {dag.py:3486} INFO - Setting next_dagrun for example_python_operator to None, run_after=None
[2023-05-24T18:46:24.056+0200] {processor.py:178} INFO - Processing /home/choco/.local/lib/python3.10/site-packages/airflow/example_dags/example_python_operator.py took 0.434 seconds
[2023-05-24T18:47:15.143+0200] {processor.py:156} INFO - Started process (PID=7997) to work on /home/choco/.local/lib/python3.10/site-packages/airflow/example_dags/example_python_operator.py
[2023-05-24T18:47:15.180+0200] {processor.py:799} INFO - Processing file /home/choco/.local/lib/python3.10/site-packages/airflow/example_dags/example_python_operator.py for tasks to queue
[2023-05-24T18:47:15.181+0200] {logging_mixin.py:149} INFO - [2023-05-24T18:47:15.181+0200] {dagbag.py:541} INFO - Filling up the DagBag from /home/choco/.local/lib/python3.10/site-packages/airflow/example_dags/example_python_operator.py
[2023-05-24T18:47:15.193+0200] {logging_mixin.py:149} INFO - [2023-05-24T18:47:15.192+0200] {taskmixin.py:211} WARNING - Dependency <Task(_PythonDecoratedOperator): print_the_context>, log_sql_query already registered for DAG: example_python_operator
[2023-05-24T18:47:15.193+0200] {logging_mixin.py:149} INFO - [2023-05-24T18:47:15.193+0200] {taskmixin.py:211} WARNING - Dependency <Task(_PythonDecoratedOperator): log_sql_query>, print_the_context already registered for DAG: example_python_operator
[2023-05-24T18:47:15.194+0200] {logging_mixin.py:149} INFO - [2023-05-24T18:47:15.194+0200] {taskmixin.py:211} WARNING - Dependency <Task(_PythonDecoratedOperator): print_the_context>, log_sql_query already registered for DAG: example_python_operator
[2023-05-24T18:47:15.194+0200] {logging_mixin.py:149} INFO - [2023-05-24T18:47:15.194+0200] {taskmixin.py:211} WARNING - Dependency <Task(_PythonDecoratedOperator): log_sql_query>, print_the_context already registered for DAG: example_python_operator
[2023-05-24T18:47:15.195+0200] {logging_mixin.py:149} INFO - [2023-05-24T18:47:15.195+0200] {taskmixin.py:211} WARNING - Dependency <Task(_PythonDecoratedOperator): print_the_context>, log_sql_query already registered for DAG: example_python_operator
[2023-05-24T18:47:15.196+0200] {logging_mixin.py:149} INFO - [2023-05-24T18:47:15.196+0200] {taskmixin.py:211} WARNING - Dependency <Task(_PythonDecoratedOperator): log_sql_query>, print_the_context already registered for DAG: example_python_operator
[2023-05-24T18:47:15.197+0200] {logging_mixin.py:149} INFO - [2023-05-24T18:47:15.197+0200] {taskmixin.py:211} WARNING - Dependency <Task(_PythonDecoratedOperator): print_the_context>, log_sql_query already registered for DAG: example_python_operator
[2023-05-24T18:47:15.197+0200] {logging_mixin.py:149} INFO - [2023-05-24T18:47:15.197+0200] {taskmixin.py:211} WARNING - Dependency <Task(_PythonDecoratedOperator): log_sql_query>, print_the_context already registered for DAG: example_python_operator
[2023-05-24T18:47:15.394+0200] {logging_mixin.py:149} INFO - [2023-05-24T18:47:15.393+0200] {example_python_operator.py:90} WARNING - The virtalenv_python example task requires virtualenv, please install it.
[2023-05-24T18:47:15.395+0200] {processor.py:809} INFO - DAG(s) dict_keys(['example_python_operator']) retrieved from /home/choco/.local/lib/python3.10/site-packages/airflow/example_dags/example_python_operator.py
[2023-05-24T18:47:15.432+0200] {logging_mixin.py:149} INFO - [2023-05-24T18:47:15.431+0200] {dag.py:2726} INFO - Sync 1 DAGs
[2023-05-24T18:47:15.630+0200] {logging_mixin.py:149} INFO - [2023-05-24T18:47:15.630+0200] {dag.py:3486} INFO - Setting next_dagrun for example_python_operator to None, run_after=None
[2023-05-24T18:47:15.701+0200] {processor.py:178} INFO - Processing /home/choco/.local/lib/python3.10/site-packages/airflow/example_dags/example_python_operator.py took 0.566 seconds
[2023-05-24T21:47:05.470+0200] {processor.py:156} INFO - Started process (PID=8067) to work on /home/choco/.local/lib/python3.10/site-packages/airflow/example_dags/example_python_operator.py
[2023-05-24T21:47:05.505+0200] {processor.py:799} INFO - Processing file /home/choco/.local/lib/python3.10/site-packages/airflow/example_dags/example_python_operator.py for tasks to queue
[2023-05-24T21:47:05.505+0200] {logging_mixin.py:149} INFO - [2023-05-24T21:47:05.505+0200] {dagbag.py:541} INFO - Filling up the DagBag from /home/choco/.local/lib/python3.10/site-packages/airflow/example_dags/example_python_operator.py
[2023-05-24T21:47:05.584+0200] {logging_mixin.py:149} INFO - [2023-05-24T21:47:05.584+0200] {taskmixin.py:211} WARNING - Dependency <Task(_PythonDecoratedOperator): print_the_context>, log_sql_query already registered for DAG: example_python_operator
[2023-05-24T21:47:05.584+0200] {logging_mixin.py:149} INFO - [2023-05-24T21:47:05.584+0200] {taskmixin.py:211} WARNING - Dependency <Task(_PythonDecoratedOperator): log_sql_query>, print_the_context already registered for DAG: example_python_operator
[2023-05-24T21:47:05.585+0200] {logging_mixin.py:149} INFO - [2023-05-24T21:47:05.585+0200] {taskmixin.py:211} WARNING - Dependency <Task(_PythonDecoratedOperator): print_the_context>, log_sql_query already registered for DAG: example_python_operator
[2023-05-24T21:47:05.585+0200] {logging_mixin.py:149} INFO - [2023-05-24T21:47:05.585+0200] {taskmixin.py:211} WARNING - Dependency <Task(_PythonDecoratedOperator): log_sql_query>, print_the_context already registered for DAG: example_python_operator
[2023-05-24T21:47:05.586+0200] {logging_mixin.py:149} INFO - [2023-05-24T21:47:05.585+0200] {taskmixin.py:211} WARNING - Dependency <Task(_PythonDecoratedOperator): print_the_context>, log_sql_query already registered for DAG: example_python_operator
[2023-05-24T21:47:05.586+0200] {logging_mixin.py:149} INFO - [2023-05-24T21:47:05.586+0200] {taskmixin.py:211} WARNING - Dependency <Task(_PythonDecoratedOperator): log_sql_query>, print_the_context already registered for DAG: example_python_operator
[2023-05-24T21:47:05.586+0200] {logging_mixin.py:149} INFO - [2023-05-24T21:47:05.586+0200] {taskmixin.py:211} WARNING - Dependency <Task(_PythonDecoratedOperator): print_the_context>, log_sql_query already registered for DAG: example_python_operator
[2023-05-24T21:47:05.586+0200] {logging_mixin.py:149} INFO - [2023-05-24T21:47:05.586+0200] {taskmixin.py:211} WARNING - Dependency <Task(_PythonDecoratedOperator): log_sql_query>, print_the_context already registered for DAG: example_python_operator
[2023-05-24T21:47:05.667+0200] {logging_mixin.py:149} INFO - [2023-05-24T21:47:05.667+0200] {example_python_operator.py:90} WARNING - The virtalenv_python example task requires virtualenv, please install it.
[2023-05-24T21:47:05.667+0200] {processor.py:809} INFO - DAG(s) dict_keys(['example_python_operator']) retrieved from /home/choco/.local/lib/python3.10/site-packages/airflow/example_dags/example_python_operator.py
[2023-05-24T21:47:05.679+0200] {logging_mixin.py:149} INFO - [2023-05-24T21:47:05.678+0200] {dag.py:2726} INFO - Sync 1 DAGs
[2023-05-24T21:47:05.692+0200] {logging_mixin.py:149} INFO - [2023-05-24T21:47:05.692+0200] {dag.py:3486} INFO - Setting next_dagrun for example_python_operator to None, run_after=None
[2023-05-24T21:47:05.745+0200] {processor.py:178} INFO - Processing /home/choco/.local/lib/python3.10/site-packages/airflow/example_dags/example_python_operator.py took 0.277 seconds
[2023-05-24T21:47:53.080+0200] {processor.py:156} INFO - Started process (PID=8114) to work on /home/choco/.local/lib/python3.10/site-packages/airflow/example_dags/example_python_operator.py
[2023-05-24T21:47:53.117+0200] {processor.py:799} INFO - Processing file /home/choco/.local/lib/python3.10/site-packages/airflow/example_dags/example_python_operator.py for tasks to queue
[2023-05-24T21:47:53.118+0200] {logging_mixin.py:149} INFO - [2023-05-24T21:47:53.118+0200] {dagbag.py:541} INFO - Filling up the DagBag from /home/choco/.local/lib/python3.10/site-packages/airflow/example_dags/example_python_operator.py
[2023-05-24T21:47:53.125+0200] {logging_mixin.py:149} INFO - [2023-05-24T21:47:53.125+0200] {taskmixin.py:211} WARNING - Dependency <Task(_PythonDecoratedOperator): print_the_context>, log_sql_query already registered for DAG: example_python_operator
[2023-05-24T21:47:53.126+0200] {logging_mixin.py:149} INFO - [2023-05-24T21:47:53.126+0200] {taskmixin.py:211} WARNING - Dependency <Task(_PythonDecoratedOperator): log_sql_query>, print_the_context already registered for DAG: example_python_operator
[2023-05-24T21:47:53.126+0200] {logging_mixin.py:149} INFO - [2023-05-24T21:47:53.126+0200] {taskmixin.py:211} WARNING - Dependency <Task(_PythonDecoratedOperator): print_the_context>, log_sql_query already registered for DAG: example_python_operator
[2023-05-24T21:47:53.126+0200] {logging_mixin.py:149} INFO - [2023-05-24T21:47:53.126+0200] {taskmixin.py:211} WARNING - Dependency <Task(_PythonDecoratedOperator): log_sql_query>, print_the_context already registered for DAG: example_python_operator
[2023-05-24T21:47:53.127+0200] {logging_mixin.py:149} INFO - [2023-05-24T21:47:53.127+0200] {taskmixin.py:211} WARNING - Dependency <Task(_PythonDecoratedOperator): print_the_context>, log_sql_query already registered for DAG: example_python_operator
[2023-05-24T21:47:53.127+0200] {logging_mixin.py:149} INFO - [2023-05-24T21:47:53.127+0200] {taskmixin.py:211} WARNING - Dependency <Task(_PythonDecoratedOperator): log_sql_query>, print_the_context already registered for DAG: example_python_operator
[2023-05-24T21:47:53.128+0200] {logging_mixin.py:149} INFO - [2023-05-24T21:47:53.128+0200] {taskmixin.py:211} WARNING - Dependency <Task(_PythonDecoratedOperator): print_the_context>, log_sql_query already registered for DAG: example_python_operator
[2023-05-24T21:47:53.128+0200] {logging_mixin.py:149} INFO - [2023-05-24T21:47:53.128+0200] {taskmixin.py:211} WARNING - Dependency <Task(_PythonDecoratedOperator): log_sql_query>, print_the_context already registered for DAG: example_python_operator
[2023-05-24T21:47:53.261+0200] {logging_mixin.py:149} INFO - [2023-05-24T21:47:53.261+0200] {example_python_operator.py:90} WARNING - The virtalenv_python example task requires virtualenv, please install it.
[2023-05-24T21:47:53.262+0200] {processor.py:809} INFO - DAG(s) dict_keys(['example_python_operator']) retrieved from /home/choco/.local/lib/python3.10/site-packages/airflow/example_dags/example_python_operator.py
[2023-05-24T21:47:53.286+0200] {logging_mixin.py:149} INFO - [2023-05-24T21:47:53.286+0200] {dag.py:2726} INFO - Sync 1 DAGs
[2023-05-24T21:47:53.313+0200] {logging_mixin.py:149} INFO - [2023-05-24T21:47:53.313+0200] {dag.py:3486} INFO - Setting next_dagrun for example_python_operator to None, run_after=None
[2023-05-24T21:47:53.379+0200] {processor.py:178} INFO - Processing /home/choco/.local/lib/python3.10/site-packages/airflow/example_dags/example_python_operator.py took 0.302 seconds
[2023-05-24T21:48:40.208+0200] {processor.py:156} INFO - Started process (PID=8161) to work on /home/choco/.local/lib/python3.10/site-packages/airflow/example_dags/example_python_operator.py
[2023-05-24T21:48:40.211+0200] {processor.py:799} INFO - Processing file /home/choco/.local/lib/python3.10/site-packages/airflow/example_dags/example_python_operator.py for tasks to queue
[2023-05-24T21:48:40.213+0200] {logging_mixin.py:149} INFO - [2023-05-24T21:48:40.213+0200] {dagbag.py:541} INFO - Filling up the DagBag from /home/choco/.local/lib/python3.10/site-packages/airflow/example_dags/example_python_operator.py
[2023-05-24T21:48:40.229+0200] {logging_mixin.py:149} INFO - [2023-05-24T21:48:40.229+0200] {taskmixin.py:211} WARNING - Dependency <Task(_PythonDecoratedOperator): print_the_context>, log_sql_query already registered for DAG: example_python_operator
[2023-05-24T21:48:40.229+0200] {logging_mixin.py:149} INFO - [2023-05-24T21:48:40.229+0200] {taskmixin.py:211} WARNING - Dependency <Task(_PythonDecoratedOperator): log_sql_query>, print_the_context already registered for DAG: example_python_operator
[2023-05-24T21:48:40.230+0200] {logging_mixin.py:149} INFO - [2023-05-24T21:48:40.230+0200] {taskmixin.py:211} WARNING - Dependency <Task(_PythonDecoratedOperator): print_the_context>, log_sql_query already registered for DAG: example_python_operator
[2023-05-24T21:48:40.231+0200] {logging_mixin.py:149} INFO - [2023-05-24T21:48:40.230+0200] {taskmixin.py:211} WARNING - Dependency <Task(_PythonDecoratedOperator): log_sql_query>, print_the_context already registered for DAG: example_python_operator
[2023-05-24T21:48:40.231+0200] {logging_mixin.py:149} INFO - [2023-05-24T21:48:40.231+0200] {taskmixin.py:211} WARNING - Dependency <Task(_PythonDecoratedOperator): print_the_context>, log_sql_query already registered for DAG: example_python_operator
[2023-05-24T21:48:40.232+0200] {logging_mixin.py:149} INFO - [2023-05-24T21:48:40.231+0200] {taskmixin.py:211} WARNING - Dependency <Task(_PythonDecoratedOperator): log_sql_query>, print_the_context already registered for DAG: example_python_operator
[2023-05-24T21:48:40.232+0200] {logging_mixin.py:149} INFO - [2023-05-24T21:48:40.232+0200] {taskmixin.py:211} WARNING - Dependency <Task(_PythonDecoratedOperator): print_the_context>, log_sql_query already registered for DAG: example_python_operator
[2023-05-24T21:48:40.233+0200] {logging_mixin.py:149} INFO - [2023-05-24T21:48:40.233+0200] {taskmixin.py:211} WARNING - Dependency <Task(_PythonDecoratedOperator): log_sql_query>, print_the_context already registered for DAG: example_python_operator
[2023-05-24T21:48:40.373+0200] {logging_mixin.py:149} INFO - [2023-05-24T21:48:40.373+0200] {example_python_operator.py:90} WARNING - The virtalenv_python example task requires virtualenv, please install it.
[2023-05-24T21:48:40.374+0200] {processor.py:809} INFO - DAG(s) dict_keys(['example_python_operator']) retrieved from /home/choco/.local/lib/python3.10/site-packages/airflow/example_dags/example_python_operator.py
[2023-05-24T21:48:40.405+0200] {logging_mixin.py:149} INFO - [2023-05-24T21:48:40.405+0200] {dag.py:2726} INFO - Sync 1 DAGs
[2023-05-24T21:48:40.436+0200] {logging_mixin.py:149} INFO - [2023-05-24T21:48:40.435+0200] {dag.py:3486} INFO - Setting next_dagrun for example_python_operator to None, run_after=None
[2023-05-24T21:48:40.513+0200] {processor.py:178} INFO - Processing /home/choco/.local/lib/python3.10/site-packages/airflow/example_dags/example_python_operator.py took 0.317 seconds
[2023-05-24T21:49:32.350+0200] {processor.py:156} INFO - Started process (PID=8211) to work on /home/choco/.local/lib/python3.10/site-packages/airflow/example_dags/example_python_operator.py
[2023-05-24T21:49:32.386+0200] {processor.py:799} INFO - Processing file /home/choco/.local/lib/python3.10/site-packages/airflow/example_dags/example_python_operator.py for tasks to queue
[2023-05-24T21:49:32.386+0200] {logging_mixin.py:149} INFO - [2023-05-24T21:49:32.386+0200] {dagbag.py:541} INFO - Filling up the DagBag from /home/choco/.local/lib/python3.10/site-packages/airflow/example_dags/example_python_operator.py
[2023-05-24T21:49:32.392+0200] {logging_mixin.py:149} INFO - [2023-05-24T21:49:32.392+0200] {taskmixin.py:211} WARNING - Dependency <Task(_PythonDecoratedOperator): print_the_context>, log_sql_query already registered for DAG: example_python_operator
[2023-05-24T21:49:32.392+0200] {logging_mixin.py:149} INFO - [2023-05-24T21:49:32.392+0200] {taskmixin.py:211} WARNING - Dependency <Task(_PythonDecoratedOperator): log_sql_query>, print_the_context already registered for DAG: example_python_operator
[2023-05-24T21:49:32.393+0200] {logging_mixin.py:149} INFO - [2023-05-24T21:49:32.393+0200] {taskmixin.py:211} WARNING - Dependency <Task(_PythonDecoratedOperator): print_the_context>, log_sql_query already registered for DAG: example_python_operator
[2023-05-24T21:49:32.393+0200] {logging_mixin.py:149} INFO - [2023-05-24T21:49:32.393+0200] {taskmixin.py:211} WARNING - Dependency <Task(_PythonDecoratedOperator): log_sql_query>, print_the_context already registered for DAG: example_python_operator
[2023-05-24T21:49:32.394+0200] {logging_mixin.py:149} INFO - [2023-05-24T21:49:32.394+0200] {taskmixin.py:211} WARNING - Dependency <Task(_PythonDecoratedOperator): print_the_context>, log_sql_query already registered for DAG: example_python_operator
[2023-05-24T21:49:32.394+0200] {logging_mixin.py:149} INFO - [2023-05-24T21:49:32.394+0200] {taskmixin.py:211} WARNING - Dependency <Task(_PythonDecoratedOperator): log_sql_query>, print_the_context already registered for DAG: example_python_operator
[2023-05-24T21:49:32.394+0200] {logging_mixin.py:149} INFO - [2023-05-24T21:49:32.394+0200] {taskmixin.py:211} WARNING - Dependency <Task(_PythonDecoratedOperator): print_the_context>, log_sql_query already registered for DAG: example_python_operator
[2023-05-24T21:49:32.394+0200] {logging_mixin.py:149} INFO - [2023-05-24T21:49:32.394+0200] {taskmixin.py:211} WARNING - Dependency <Task(_PythonDecoratedOperator): log_sql_query>, print_the_context already registered for DAG: example_python_operator
[2023-05-24T21:49:32.496+0200] {logging_mixin.py:149} INFO - [2023-05-24T21:49:32.496+0200] {example_python_operator.py:90} WARNING - The virtalenv_python example task requires virtualenv, please install it.
[2023-05-24T21:49:32.497+0200] {processor.py:809} INFO - DAG(s) dict_keys(['example_python_operator']) retrieved from /home/choco/.local/lib/python3.10/site-packages/airflow/example_dags/example_python_operator.py
[2023-05-24T21:49:32.514+0200] {logging_mixin.py:149} INFO - [2023-05-24T21:49:32.514+0200] {dag.py:2726} INFO - Sync 1 DAGs
[2023-05-24T21:49:32.533+0200] {logging_mixin.py:149} INFO - [2023-05-24T21:49:32.533+0200] {dag.py:3486} INFO - Setting next_dagrun for example_python_operator to None, run_after=None
[2023-05-24T21:49:32.562+0200] {processor.py:178} INFO - Processing /home/choco/.local/lib/python3.10/site-packages/airflow/example_dags/example_python_operator.py took 0.215 seconds
[2023-05-24T21:50:17.845+0200] {processor.py:156} INFO - Started process (PID=8257) to work on /home/choco/.local/lib/python3.10/site-packages/airflow/example_dags/example_python_operator.py
[2023-05-24T21:50:17.846+0200] {processor.py:799} INFO - Processing file /home/choco/.local/lib/python3.10/site-packages/airflow/example_dags/example_python_operator.py for tasks to queue
[2023-05-24T21:50:17.846+0200] {logging_mixin.py:149} INFO - [2023-05-24T21:50:17.846+0200] {dagbag.py:541} INFO - Filling up the DagBag from /home/choco/.local/lib/python3.10/site-packages/airflow/example_dags/example_python_operator.py
[2023-05-24T21:50:17.851+0200] {logging_mixin.py:149} INFO - [2023-05-24T21:50:17.851+0200] {taskmixin.py:211} WARNING - Dependency <Task(_PythonDecoratedOperator): print_the_context>, log_sql_query already registered for DAG: example_python_operator
[2023-05-24T21:50:17.851+0200] {logging_mixin.py:149} INFO - [2023-05-24T21:50:17.851+0200] {taskmixin.py:211} WARNING - Dependency <Task(_PythonDecoratedOperator): log_sql_query>, print_the_context already registered for DAG: example_python_operator
[2023-05-24T21:50:17.852+0200] {logging_mixin.py:149} INFO - [2023-05-24T21:50:17.852+0200] {taskmixin.py:211} WARNING - Dependency <Task(_PythonDecoratedOperator): print_the_context>, log_sql_query already registered for DAG: example_python_operator
[2023-05-24T21:50:17.852+0200] {logging_mixin.py:149} INFO - [2023-05-24T21:50:17.852+0200] {taskmixin.py:211} WARNING - Dependency <Task(_PythonDecoratedOperator): log_sql_query>, print_the_context already registered for DAG: example_python_operator
[2023-05-24T21:50:17.852+0200] {logging_mixin.py:149} INFO - [2023-05-24T21:50:17.852+0200] {taskmixin.py:211} WARNING - Dependency <Task(_PythonDecoratedOperator): print_the_context>, log_sql_query already registered for DAG: example_python_operator
[2023-05-24T21:50:17.853+0200] {logging_mixin.py:149} INFO - [2023-05-24T21:50:17.853+0200] {taskmixin.py:211} WARNING - Dependency <Task(_PythonDecoratedOperator): log_sql_query>, print_the_context already registered for DAG: example_python_operator
[2023-05-24T21:50:17.853+0200] {logging_mixin.py:149} INFO - [2023-05-24T21:50:17.853+0200] {taskmixin.py:211} WARNING - Dependency <Task(_PythonDecoratedOperator): print_the_context>, log_sql_query already registered for DAG: example_python_operator
[2023-05-24T21:50:17.853+0200] {logging_mixin.py:149} INFO - [2023-05-24T21:50:17.853+0200] {taskmixin.py:211} WARNING - Dependency <Task(_PythonDecoratedOperator): log_sql_query>, print_the_context already registered for DAG: example_python_operator
[2023-05-24T21:50:17.961+0200] {logging_mixin.py:149} INFO - [2023-05-24T21:50:17.961+0200] {example_python_operator.py:90} WARNING - The virtalenv_python example task requires virtualenv, please install it.
[2023-05-24T21:50:17.961+0200] {processor.py:809} INFO - DAG(s) dict_keys(['example_python_operator']) retrieved from /home/choco/.local/lib/python3.10/site-packages/airflow/example_dags/example_python_operator.py
[2023-05-24T21:50:17.976+0200] {logging_mixin.py:149} INFO - [2023-05-24T21:50:17.976+0200] {dag.py:2726} INFO - Sync 1 DAGs
[2023-05-24T21:50:17.993+0200] {logging_mixin.py:149} INFO - [2023-05-24T21:50:17.993+0200] {dag.py:3486} INFO - Setting next_dagrun for example_python_operator to None, run_after=None
[2023-05-24T21:50:18.015+0200] {processor.py:178} INFO - Processing /home/choco/.local/lib/python3.10/site-packages/airflow/example_dags/example_python_operator.py took 0.172 seconds
[2023-05-24T21:51:05.757+0200] {processor.py:156} INFO - Started process (PID=8305) to work on /home/choco/.local/lib/python3.10/site-packages/airflow/example_dags/example_python_operator.py
[2023-05-24T21:51:05.758+0200] {processor.py:799} INFO - Processing file /home/choco/.local/lib/python3.10/site-packages/airflow/example_dags/example_python_operator.py for tasks to queue
[2023-05-24T21:51:05.759+0200] {logging_mixin.py:149} INFO - [2023-05-24T21:51:05.759+0200] {dagbag.py:541} INFO - Filling up the DagBag from /home/choco/.local/lib/python3.10/site-packages/airflow/example_dags/example_python_operator.py
[2023-05-24T21:51:05.768+0200] {logging_mixin.py:149} INFO - [2023-05-24T21:51:05.768+0200] {taskmixin.py:211} WARNING - Dependency <Task(_PythonDecoratedOperator): print_the_context>, log_sql_query already registered for DAG: example_python_operator
[2023-05-24T21:51:05.768+0200] {logging_mixin.py:149} INFO - [2023-05-24T21:51:05.768+0200] {taskmixin.py:211} WARNING - Dependency <Task(_PythonDecoratedOperator): log_sql_query>, print_the_context already registered for DAG: example_python_operator
[2023-05-24T21:51:05.769+0200] {logging_mixin.py:149} INFO - [2023-05-24T21:51:05.769+0200] {taskmixin.py:211} WARNING - Dependency <Task(_PythonDecoratedOperator): print_the_context>, log_sql_query already registered for DAG: example_python_operator
[2023-05-24T21:51:05.769+0200] {logging_mixin.py:149} INFO - [2023-05-24T21:51:05.769+0200] {taskmixin.py:211} WARNING - Dependency <Task(_PythonDecoratedOperator): log_sql_query>, print_the_context already registered for DAG: example_python_operator
[2023-05-24T21:51:05.770+0200] {logging_mixin.py:149} INFO - [2023-05-24T21:51:05.770+0200] {taskmixin.py:211} WARNING - Dependency <Task(_PythonDecoratedOperator): print_the_context>, log_sql_query already registered for DAG: example_python_operator
[2023-05-24T21:51:05.770+0200] {logging_mixin.py:149} INFO - [2023-05-24T21:51:05.770+0200] {taskmixin.py:211} WARNING - Dependency <Task(_PythonDecoratedOperator): log_sql_query>, print_the_context already registered for DAG: example_python_operator
[2023-05-24T21:51:05.771+0200] {logging_mixin.py:149} INFO - [2023-05-24T21:51:05.771+0200] {taskmixin.py:211} WARNING - Dependency <Task(_PythonDecoratedOperator): print_the_context>, log_sql_query already registered for DAG: example_python_operator
[2023-05-24T21:51:05.771+0200] {logging_mixin.py:149} INFO - [2023-05-24T21:51:05.771+0200] {taskmixin.py:211} WARNING - Dependency <Task(_PythonDecoratedOperator): log_sql_query>, print_the_context already registered for DAG: example_python_operator
[2023-05-24T21:51:05.858+0200] {logging_mixin.py:149} INFO - [2023-05-24T21:51:05.858+0200] {example_python_operator.py:90} WARNING - The virtalenv_python example task requires virtualenv, please install it.
[2023-05-24T21:51:05.859+0200] {processor.py:809} INFO - DAG(s) dict_keys(['example_python_operator']) retrieved from /home/choco/.local/lib/python3.10/site-packages/airflow/example_dags/example_python_operator.py
[2023-05-24T21:51:05.873+0200] {logging_mixin.py:149} INFO - [2023-05-24T21:51:05.873+0200] {dag.py:2726} INFO - Sync 1 DAGs
[2023-05-24T21:51:05.888+0200] {logging_mixin.py:149} INFO - [2023-05-24T21:51:05.888+0200] {dag.py:3486} INFO - Setting next_dagrun for example_python_operator to None, run_after=None
[2023-05-24T21:51:05.943+0200] {processor.py:178} INFO - Processing /home/choco/.local/lib/python3.10/site-packages/airflow/example_dags/example_python_operator.py took 0.189 seconds
