[2023-05-24T18:45:11.557+0200] {processor.py:156} INFO - Started process (PID=7894) to work on /home/choco/.local/lib/python3.10/site-packages/airflow/example_dags/example_latest_only_with_trigger.py
[2023-05-24T18:45:11.558+0200] {processor.py:799} INFO - Processing file /home/choco/.local/lib/python3.10/site-packages/airflow/example_dags/example_latest_only_with_trigger.py for tasks to queue
[2023-05-24T18:45:11.559+0200] {logging_mixin.py:149} INFO - [2023-05-24T18:45:11.558+0200] {dagbag.py:541} INFO - Filling up the DagBag from /home/choco/.local/lib/python3.10/site-packages/airflow/example_dags/example_latest_only_with_trigger.py
[2023-05-24T18:45:11.568+0200] {processor.py:809} INFO - DAG(s) dict_keys(['latest_only_with_trigger']) retrieved from /home/choco/.local/lib/python3.10/site-packages/airflow/example_dags/example_latest_only_with_trigger.py
[2023-05-24T18:45:11.803+0200] {logging_mixin.py:149} INFO - [2023-05-24T18:45:11.802+0200] {manager.py:504} INFO - Created Permission View: can edit on DAG:latest_only_with_trigger
[2023-05-24T18:45:11.897+0200] {logging_mixin.py:149} INFO - [2023-05-24T18:45:11.896+0200] {manager.py:504} INFO - Created Permission View: can read on DAG:latest_only_with_trigger
[2023-05-24T18:45:11.973+0200] {logging_mixin.py:149} INFO - [2023-05-24T18:45:11.972+0200] {manager.py:504} INFO - Created Permission View: can delete on DAG:latest_only_with_trigger
[2023-05-24T18:45:11.974+0200] {logging_mixin.py:149} INFO - [2023-05-24T18:45:11.974+0200] {dag.py:2726} INFO - Sync 1 DAGs
[2023-05-24T18:45:12.008+0200] {logging_mixin.py:149} INFO - [2023-05-24T18:45:12.007+0200] {dag.py:2747} INFO - Creating ORM DAG for latest_only_with_trigger
[2023-05-24T18:45:12.061+0200] {logging_mixin.py:149} INFO - [2023-05-24T18:45:12.061+0200] {dag.py:3486} INFO - Setting next_dagrun for latest_only_with_trigger to 2023-05-24T12:45:12.050815+00:00, run_after=2023-05-24T16:45:12.050815+00:00
[2023-05-24T18:45:12.457+0200] {processor.py:178} INFO - Processing /home/choco/.local/lib/python3.10/site-packages/airflow/example_dags/example_latest_only_with_trigger.py took 0.903 seconds
[2023-05-24T18:46:15.384+0200] {processor.py:156} INFO - Started process (PID=7944) to work on /home/choco/.local/lib/python3.10/site-packages/airflow/example_dags/example_latest_only_with_trigger.py
[2023-05-24T18:46:15.421+0200] {processor.py:799} INFO - Processing file /home/choco/.local/lib/python3.10/site-packages/airflow/example_dags/example_latest_only_with_trigger.py for tasks to queue
[2023-05-24T18:46:15.423+0200] {logging_mixin.py:149} INFO - [2023-05-24T18:46:15.423+0200] {dagbag.py:541} INFO - Filling up the DagBag from /home/choco/.local/lib/python3.10/site-packages/airflow/example_dags/example_latest_only_with_trigger.py
[2023-05-24T18:46:15.434+0200] {processor.py:809} INFO - DAG(s) dict_keys(['latest_only_with_trigger']) retrieved from /home/choco/.local/lib/python3.10/site-packages/airflow/example_dags/example_latest_only_with_trigger.py
[2023-05-24T18:46:15.478+0200] {logging_mixin.py:149} INFO - [2023-05-24T18:46:15.477+0200] {dag.py:2726} INFO - Sync 1 DAGs
[2023-05-24T18:46:15.502+0200] {logging_mixin.py:149} INFO - [2023-05-24T18:46:15.501+0200] {dag.py:3486} INFO - Setting next_dagrun for latest_only_with_trigger to 2023-05-24T12:46:15.501517+00:00, run_after=2023-05-24T16:46:15.501517+00:00
[2023-05-24T18:46:15.531+0200] {processor.py:178} INFO - Processing /home/choco/.local/lib/python3.10/site-packages/airflow/example_dags/example_latest_only_with_trigger.py took 0.152 seconds
[2023-05-24T18:47:04.745+0200] {processor.py:156} INFO - Started process (PID=7989) to work on /home/choco/.local/lib/python3.10/site-packages/airflow/example_dags/example_latest_only_with_trigger.py
[2023-05-24T18:47:04.782+0200] {processor.py:799} INFO - Processing file /home/choco/.local/lib/python3.10/site-packages/airflow/example_dags/example_latest_only_with_trigger.py for tasks to queue
[2023-05-24T18:47:04.783+0200] {logging_mixin.py:149} INFO - [2023-05-24T18:47:04.783+0200] {dagbag.py:541} INFO - Filling up the DagBag from /home/choco/.local/lib/python3.10/site-packages/airflow/example_dags/example_latest_only_with_trigger.py
[2023-05-24T18:47:04.794+0200] {processor.py:809} INFO - DAG(s) dict_keys(['latest_only_with_trigger']) retrieved from /home/choco/.local/lib/python3.10/site-packages/airflow/example_dags/example_latest_only_with_trigger.py
[2023-05-24T18:47:04.830+0200] {logging_mixin.py:149} INFO - [2023-05-24T18:47:04.830+0200] {dag.py:2726} INFO - Sync 1 DAGs
[2023-05-24T18:47:04.880+0200] {logging_mixin.py:149} INFO - [2023-05-24T18:47:04.879+0200] {dag.py:3486} INFO - Setting next_dagrun for latest_only_with_trigger to 2023-05-24T12:47:04.878805+00:00, run_after=2023-05-24T16:47:04.878805+00:00
[2023-05-24T18:47:05.124+0200] {processor.py:178} INFO - Processing /home/choco/.local/lib/python3.10/site-packages/airflow/example_dags/example_latest_only_with_trigger.py took 0.384 seconds
[2023-05-24T21:46:55.105+0200] {processor.py:156} INFO - Started process (PID=8059) to work on /home/choco/.local/lib/python3.10/site-packages/airflow/example_dags/example_latest_only_with_trigger.py
[2023-05-24T21:46:55.107+0200] {processor.py:799} INFO - Processing file /home/choco/.local/lib/python3.10/site-packages/airflow/example_dags/example_latest_only_with_trigger.py for tasks to queue
[2023-05-24T21:46:55.108+0200] {logging_mixin.py:149} INFO - [2023-05-24T21:46:55.108+0200] {dagbag.py:541} INFO - Filling up the DagBag from /home/choco/.local/lib/python3.10/site-packages/airflow/example_dags/example_latest_only_with_trigger.py
[2023-05-24T21:46:55.116+0200] {processor.py:809} INFO - DAG(s) dict_keys(['latest_only_with_trigger']) retrieved from /home/choco/.local/lib/python3.10/site-packages/airflow/example_dags/example_latest_only_with_trigger.py
[2023-05-24T21:46:55.283+0200] {logging_mixin.py:149} INFO - [2023-05-24T21:46:55.282+0200] {dag.py:2726} INFO - Sync 1 DAGs
[2023-05-24T21:46:55.304+0200] {logging_mixin.py:149} INFO - [2023-05-24T21:46:55.304+0200] {dag.py:3486} INFO - Setting next_dagrun for latest_only_with_trigger to 2023-05-24T15:46:55.304343+00:00, run_after=2023-05-24T19:46:55.304343+00:00
[2023-05-24T21:46:55.332+0200] {processor.py:178} INFO - Processing /home/choco/.local/lib/python3.10/site-packages/airflow/example_dags/example_latest_only_with_trigger.py took 0.230 seconds
[2023-05-24T21:47:46.107+0200] {processor.py:156} INFO - Started process (PID=8106) to work on /home/choco/.local/lib/python3.10/site-packages/airflow/example_dags/example_latest_only_with_trigger.py
[2023-05-24T21:47:46.109+0200] {processor.py:799} INFO - Processing file /home/choco/.local/lib/python3.10/site-packages/airflow/example_dags/example_latest_only_with_trigger.py for tasks to queue
[2023-05-24T21:47:46.109+0200] {logging_mixin.py:149} INFO - [2023-05-24T21:47:46.109+0200] {dagbag.py:541} INFO - Filling up the DagBag from /home/choco/.local/lib/python3.10/site-packages/airflow/example_dags/example_latest_only_with_trigger.py
[2023-05-24T21:47:46.115+0200] {processor.py:809} INFO - DAG(s) dict_keys(['latest_only_with_trigger']) retrieved from /home/choco/.local/lib/python3.10/site-packages/airflow/example_dags/example_latest_only_with_trigger.py
[2023-05-24T21:47:46.133+0200] {logging_mixin.py:149} INFO - [2023-05-24T21:47:46.132+0200] {dag.py:2726} INFO - Sync 1 DAGs
[2023-05-24T21:47:46.157+0200] {logging_mixin.py:149} INFO - [2023-05-24T21:47:46.157+0200] {dag.py:3486} INFO - Setting next_dagrun for latest_only_with_trigger to 2023-05-24T15:47:46.156922+00:00, run_after=2023-05-24T19:47:46.156922+00:00
[2023-05-24T21:47:46.185+0200] {processor.py:178} INFO - Processing /home/choco/.local/lib/python3.10/site-packages/airflow/example_dags/example_latest_only_with_trigger.py took 0.080 seconds
[2023-05-24T21:48:31.068+0200] {processor.py:156} INFO - Started process (PID=8153) to work on /home/choco/.local/lib/python3.10/site-packages/airflow/example_dags/example_latest_only_with_trigger.py
[2023-05-24T21:48:31.104+0200] {processor.py:799} INFO - Processing file /home/choco/.local/lib/python3.10/site-packages/airflow/example_dags/example_latest_only_with_trigger.py for tasks to queue
[2023-05-24T21:48:31.105+0200] {logging_mixin.py:149} INFO - [2023-05-24T21:48:31.105+0200] {dagbag.py:541} INFO - Filling up the DagBag from /home/choco/.local/lib/python3.10/site-packages/airflow/example_dags/example_latest_only_with_trigger.py
[2023-05-24T21:48:31.116+0200] {processor.py:809} INFO - DAG(s) dict_keys(['latest_only_with_trigger']) retrieved from /home/choco/.local/lib/python3.10/site-packages/airflow/example_dags/example_latest_only_with_trigger.py
[2023-05-24T21:48:31.151+0200] {logging_mixin.py:149} INFO - [2023-05-24T21:48:31.151+0200] {dag.py:2726} INFO - Sync 1 DAGs
[2023-05-24T21:48:31.178+0200] {logging_mixin.py:149} INFO - [2023-05-24T21:48:31.178+0200] {dag.py:3486} INFO - Setting next_dagrun for latest_only_with_trigger to 2023-05-24T15:48:31.177929+00:00, run_after=2023-05-24T19:48:31.177929+00:00
[2023-05-24T21:48:31.216+0200] {processor.py:178} INFO - Processing /home/choco/.local/lib/python3.10/site-packages/airflow/example_dags/example_latest_only_with_trigger.py took 0.152 seconds
[2023-05-24T21:49:10.546+0200] {processor.py:156} INFO - Started process (PID=8188) to work on /home/choco/.local/lib/python3.10/site-packages/airflow/example_dags/example_latest_only_with_trigger.py
[2023-05-24T21:49:10.549+0200] {processor.py:799} INFO - Processing file /home/choco/.local/lib/python3.10/site-packages/airflow/example_dags/example_latest_only_with_trigger.py for tasks to queue
[2023-05-24T21:49:10.550+0200] {logging_mixin.py:149} INFO - [2023-05-24T21:49:10.550+0200] {dagbag.py:541} INFO - Filling up the DagBag from /home/choco/.local/lib/python3.10/site-packages/airflow/example_dags/example_latest_only_with_trigger.py
[2023-05-24T21:49:10.562+0200] {processor.py:809} INFO - DAG(s) dict_keys(['latest_only_with_trigger']) retrieved from /home/choco/.local/lib/python3.10/site-packages/airflow/example_dags/example_latest_only_with_trigger.py
[2023-05-24T21:49:10.600+0200] {logging_mixin.py:149} INFO - [2023-05-24T21:49:10.600+0200] {dag.py:2726} INFO - Sync 1 DAGs
[2023-05-24T21:49:10.625+0200] {logging_mixin.py:149} INFO - [2023-05-24T21:49:10.625+0200] {dag.py:3486} INFO - Setting next_dagrun for latest_only_with_trigger to 2023-05-24T15:49:10.625053+00:00, run_after=2023-05-24T19:49:10.625053+00:00
[2023-05-24T21:49:10.649+0200] {processor.py:178} INFO - Processing /home/choco/.local/lib/python3.10/site-packages/airflow/example_dags/example_latest_only_with_trigger.py took 0.109 seconds
[2023-05-24T21:49:46.867+0200] {processor.py:156} INFO - Started process (PID=8225) to work on /home/choco/.local/lib/python3.10/site-packages/airflow/example_dags/example_latest_only_with_trigger.py
[2023-05-24T21:49:46.868+0200] {processor.py:799} INFO - Processing file /home/choco/.local/lib/python3.10/site-packages/airflow/example_dags/example_latest_only_with_trigger.py for tasks to queue
[2023-05-24T21:49:46.869+0200] {logging_mixin.py:149} INFO - [2023-05-24T21:49:46.869+0200] {dagbag.py:541} INFO - Filling up the DagBag from /home/choco/.local/lib/python3.10/site-packages/airflow/example_dags/example_latest_only_with_trigger.py
[2023-05-24T21:49:46.877+0200] {processor.py:809} INFO - DAG(s) dict_keys(['latest_only_with_trigger']) retrieved from /home/choco/.local/lib/python3.10/site-packages/airflow/example_dags/example_latest_only_with_trigger.py
[2023-05-24T21:49:46.901+0200] {logging_mixin.py:149} INFO - [2023-05-24T21:49:46.901+0200] {dag.py:2726} INFO - Sync 1 DAGs
[2023-05-24T21:49:46.923+0200] {logging_mixin.py:149} INFO - [2023-05-24T21:49:46.923+0200] {dag.py:3486} INFO - Setting next_dagrun for latest_only_with_trigger to 2023-05-24T15:49:46.922783+00:00, run_after=2023-05-24T19:49:46.922783+00:00
[2023-05-24T21:49:46.946+0200] {processor.py:178} INFO - Processing /home/choco/.local/lib/python3.10/site-packages/airflow/example_dags/example_latest_only_with_trigger.py took 0.083 seconds
[2023-05-24T21:50:30.761+0200] {processor.py:156} INFO - Started process (PID=8270) to work on /home/choco/.local/lib/python3.10/site-packages/airflow/example_dags/example_latest_only_with_trigger.py
[2023-05-24T21:50:30.788+0200] {processor.py:799} INFO - Processing file /home/choco/.local/lib/python3.10/site-packages/airflow/example_dags/example_latest_only_with_trigger.py for tasks to queue
[2023-05-24T21:50:30.789+0200] {logging_mixin.py:149} INFO - [2023-05-24T21:50:30.788+0200] {dagbag.py:541} INFO - Filling up the DagBag from /home/choco/.local/lib/python3.10/site-packages/airflow/example_dags/example_latest_only_with_trigger.py
[2023-05-24T21:50:30.793+0200] {processor.py:809} INFO - DAG(s) dict_keys(['latest_only_with_trigger']) retrieved from /home/choco/.local/lib/python3.10/site-packages/airflow/example_dags/example_latest_only_with_trigger.py
[2023-05-24T21:50:30.807+0200] {logging_mixin.py:149} INFO - [2023-05-24T21:50:30.807+0200] {dag.py:2726} INFO - Sync 1 DAGs
[2023-05-24T21:50:30.822+0200] {logging_mixin.py:149} INFO - [2023-05-24T21:50:30.822+0200] {dag.py:3486} INFO - Setting next_dagrun for latest_only_with_trigger to 2023-05-24T15:50:30.822249+00:00, run_after=2023-05-24T19:50:30.822249+00:00
[2023-05-24T21:50:30.846+0200] {processor.py:178} INFO - Processing /home/choco/.local/lib/python3.10/site-packages/airflow/example_dags/example_latest_only_with_trigger.py took 0.088 seconds
