[2023-05-24T18:45:16.674+0200] {processor.py:156} INFO - Started process (PID=7900) to work on /home/choco/.local/lib/python3.10/site-packages/airflow/example_dags/example_complex.py
[2023-05-24T18:45:16.676+0200] {processor.py:799} INFO - Processing file /home/choco/.local/lib/python3.10/site-packages/airflow/example_dags/example_complex.py for tasks to queue
[2023-05-24T18:45:16.678+0200] {logging_mixin.py:149} INFO - [2023-05-24T18:45:16.678+0200] {dagbag.py:541} INFO - Filling up the DagBag from /home/choco/.local/lib/python3.10/site-packages/airflow/example_dags/example_complex.py
[2023-05-24T18:45:16.701+0200] {logging_mixin.py:149} INFO - [2023-05-24T18:45:16.700+0200] {taskmixin.py:211} WARNING - Dependency <Task(BashOperator): create_entry_group>, delete_entry_group already registered for DAG: example_complex
[2023-05-24T18:45:16.701+0200] {logging_mixin.py:149} INFO - [2023-05-24T18:45:16.701+0200] {taskmixin.py:211} WARNING - Dependency <Task(BashOperator): delete_entry_group>, create_entry_group already registered for DAG: example_complex
[2023-05-24T18:45:16.701+0200] {logging_mixin.py:149} INFO - [2023-05-24T18:45:16.701+0200] {taskmixin.py:211} WARNING - Dependency <Task(BashOperator): create_entry_gcs>, delete_entry already registered for DAG: example_complex
[2023-05-24T18:45:16.701+0200] {logging_mixin.py:149} INFO - [2023-05-24T18:45:16.701+0200] {taskmixin.py:211} WARNING - Dependency <Task(BashOperator): delete_entry>, create_entry_gcs already registered for DAG: example_complex
[2023-05-24T18:45:16.702+0200] {logging_mixin.py:149} INFO - [2023-05-24T18:45:16.702+0200] {taskmixin.py:211} WARNING - Dependency <Task(BashOperator): create_tag>, delete_tag already registered for DAG: example_complex
[2023-05-24T18:45:16.702+0200] {logging_mixin.py:149} INFO - [2023-05-24T18:45:16.702+0200] {taskmixin.py:211} WARNING - Dependency <Task(BashOperator): delete_tag>, create_tag already registered for DAG: example_complex
[2023-05-24T18:45:16.704+0200] {processor.py:809} INFO - DAG(s) dict_keys(['example_complex']) retrieved from /home/choco/.local/lib/python3.10/site-packages/airflow/example_dags/example_complex.py
[2023-05-24T18:45:17.019+0200] {logging_mixin.py:149} INFO - [2023-05-24T18:45:17.018+0200] {manager.py:504} INFO - Created Permission View: can edit on DAG:example_complex
[2023-05-24T18:45:17.038+0200] {logging_mixin.py:149} INFO - [2023-05-24T18:45:17.038+0200] {manager.py:504} INFO - Created Permission View: can read on DAG:example_complex
[2023-05-24T18:45:17.053+0200] {logging_mixin.py:149} INFO - [2023-05-24T18:45:17.053+0200] {manager.py:504} INFO - Created Permission View: can delete on DAG:example_complex
[2023-05-24T18:45:17.054+0200] {logging_mixin.py:149} INFO - [2023-05-24T18:45:17.053+0200] {dag.py:2726} INFO - Sync 1 DAGs
[2023-05-24T18:45:17.074+0200] {logging_mixin.py:149} INFO - [2023-05-24T18:45:17.074+0200] {dag.py:2747} INFO - Creating ORM DAG for example_complex
[2023-05-24T18:45:17.092+0200] {logging_mixin.py:149} INFO - [2023-05-24T18:45:17.092+0200] {dag.py:3486} INFO - Setting next_dagrun for example_complex to None, run_after=None
[2023-05-24T18:45:17.404+0200] {processor.py:178} INFO - Processing /home/choco/.local/lib/python3.10/site-packages/airflow/example_dags/example_complex.py took 0.735 seconds
[2023-05-24T18:46:18.188+0200] {processor.py:156} INFO - Started process (PID=7947) to work on /home/choco/.local/lib/python3.10/site-packages/airflow/example_dags/example_complex.py
[2023-05-24T18:46:18.224+0200] {processor.py:799} INFO - Processing file /home/choco/.local/lib/python3.10/site-packages/airflow/example_dags/example_complex.py for tasks to queue
[2023-05-24T18:46:18.225+0200] {logging_mixin.py:149} INFO - [2023-05-24T18:46:18.225+0200] {dagbag.py:541} INFO - Filling up the DagBag from /home/choco/.local/lib/python3.10/site-packages/airflow/example_dags/example_complex.py
[2023-05-24T18:46:18.242+0200] {logging_mixin.py:149} INFO - [2023-05-24T18:46:18.242+0200] {taskmixin.py:211} WARNING - Dependency <Task(BashOperator): create_entry_group>, delete_entry_group already registered for DAG: example_complex
[2023-05-24T18:46:18.243+0200] {logging_mixin.py:149} INFO - [2023-05-24T18:46:18.243+0200] {taskmixin.py:211} WARNING - Dependency <Task(BashOperator): delete_entry_group>, create_entry_group already registered for DAG: example_complex
[2023-05-24T18:46:18.243+0200] {logging_mixin.py:149} INFO - [2023-05-24T18:46:18.243+0200] {taskmixin.py:211} WARNING - Dependency <Task(BashOperator): create_entry_gcs>, delete_entry already registered for DAG: example_complex
[2023-05-24T18:46:18.244+0200] {logging_mixin.py:149} INFO - [2023-05-24T18:46:18.243+0200] {taskmixin.py:211} WARNING - Dependency <Task(BashOperator): delete_entry>, create_entry_gcs already registered for DAG: example_complex
[2023-05-24T18:46:18.245+0200] {logging_mixin.py:149} INFO - [2023-05-24T18:46:18.244+0200] {taskmixin.py:211} WARNING - Dependency <Task(BashOperator): create_tag>, delete_tag already registered for DAG: example_complex
[2023-05-24T18:46:18.245+0200] {logging_mixin.py:149} INFO - [2023-05-24T18:46:18.245+0200] {taskmixin.py:211} WARNING - Dependency <Task(BashOperator): delete_tag>, create_tag already registered for DAG: example_complex
[2023-05-24T18:46:18.247+0200] {processor.py:809} INFO - DAG(s) dict_keys(['example_complex']) retrieved from /home/choco/.local/lib/python3.10/site-packages/airflow/example_dags/example_complex.py
[2023-05-24T18:46:18.312+0200] {logging_mixin.py:149} INFO - [2023-05-24T18:46:18.312+0200] {dag.py:2726} INFO - Sync 1 DAGs
[2023-05-24T18:46:18.342+0200] {logging_mixin.py:149} INFO - [2023-05-24T18:46:18.342+0200] {dag.py:3486} INFO - Setting next_dagrun for example_complex to None, run_after=None
[2023-05-24T18:46:18.420+0200] {processor.py:178} INFO - Processing /home/choco/.local/lib/python3.10/site-packages/airflow/example_dags/example_complex.py took 0.237 seconds
[2023-05-24T18:47:08.154+0200] {processor.py:156} INFO - Started process (PID=7992) to work on /home/choco/.local/lib/python3.10/site-packages/airflow/example_dags/example_complex.py
[2023-05-24T18:47:08.191+0200] {processor.py:799} INFO - Processing file /home/choco/.local/lib/python3.10/site-packages/airflow/example_dags/example_complex.py for tasks to queue
[2023-05-24T18:47:08.192+0200] {logging_mixin.py:149} INFO - [2023-05-24T18:47:08.192+0200] {dagbag.py:541} INFO - Filling up the DagBag from /home/choco/.local/lib/python3.10/site-packages/airflow/example_dags/example_complex.py
[2023-05-24T18:47:08.210+0200] {logging_mixin.py:149} INFO - [2023-05-24T18:47:08.209+0200] {taskmixin.py:211} WARNING - Dependency <Task(BashOperator): create_entry_group>, delete_entry_group already registered for DAG: example_complex
[2023-05-24T18:47:08.211+0200] {logging_mixin.py:149} INFO - [2023-05-24T18:47:08.210+0200] {taskmixin.py:211} WARNING - Dependency <Task(BashOperator): delete_entry_group>, create_entry_group already registered for DAG: example_complex
[2023-05-24T18:47:08.211+0200] {logging_mixin.py:149} INFO - [2023-05-24T18:47:08.211+0200] {taskmixin.py:211} WARNING - Dependency <Task(BashOperator): create_entry_gcs>, delete_entry already registered for DAG: example_complex
[2023-05-24T18:47:08.211+0200] {logging_mixin.py:149} INFO - [2023-05-24T18:47:08.211+0200] {taskmixin.py:211} WARNING - Dependency <Task(BashOperator): delete_entry>, create_entry_gcs already registered for DAG: example_complex
[2023-05-24T18:47:08.212+0200] {logging_mixin.py:149} INFO - [2023-05-24T18:47:08.212+0200] {taskmixin.py:211} WARNING - Dependency <Task(BashOperator): create_tag>, delete_tag already registered for DAG: example_complex
[2023-05-24T18:47:08.212+0200] {logging_mixin.py:149} INFO - [2023-05-24T18:47:08.212+0200] {taskmixin.py:211} WARNING - Dependency <Task(BashOperator): delete_tag>, create_tag already registered for DAG: example_complex
[2023-05-24T18:47:08.215+0200] {processor.py:809} INFO - DAG(s) dict_keys(['example_complex']) retrieved from /home/choco/.local/lib/python3.10/site-packages/airflow/example_dags/example_complex.py
[2023-05-24T18:47:08.268+0200] {logging_mixin.py:149} INFO - [2023-05-24T18:47:08.267+0200] {dag.py:2726} INFO - Sync 1 DAGs
[2023-05-24T18:47:08.453+0200] {logging_mixin.py:149} INFO - [2023-05-24T18:47:08.453+0200] {dag.py:3486} INFO - Setting next_dagrun for example_complex to None, run_after=None
[2023-05-24T18:47:08.491+0200] {processor.py:178} INFO - Processing /home/choco/.local/lib/python3.10/site-packages/airflow/example_dags/example_complex.py took 0.341 seconds
[2023-05-24T21:46:59.200+0200] {processor.py:156} INFO - Started process (PID=8062) to work on /home/choco/.local/lib/python3.10/site-packages/airflow/example_dags/example_complex.py
[2023-05-24T21:46:59.203+0200] {processor.py:799} INFO - Processing file /home/choco/.local/lib/python3.10/site-packages/airflow/example_dags/example_complex.py for tasks to queue
[2023-05-24T21:46:59.204+0200] {logging_mixin.py:149} INFO - [2023-05-24T21:46:59.203+0200] {dagbag.py:541} INFO - Filling up the DagBag from /home/choco/.local/lib/python3.10/site-packages/airflow/example_dags/example_complex.py
[2023-05-24T21:46:59.214+0200] {logging_mixin.py:149} INFO - [2023-05-24T21:46:59.214+0200] {taskmixin.py:211} WARNING - Dependency <Task(BashOperator): create_entry_group>, delete_entry_group already registered for DAG: example_complex
[2023-05-24T21:46:59.214+0200] {logging_mixin.py:149} INFO - [2023-05-24T21:46:59.214+0200] {taskmixin.py:211} WARNING - Dependency <Task(BashOperator): delete_entry_group>, create_entry_group already registered for DAG: example_complex
[2023-05-24T21:46:59.215+0200] {logging_mixin.py:149} INFO - [2023-05-24T21:46:59.214+0200] {taskmixin.py:211} WARNING - Dependency <Task(BashOperator): create_entry_gcs>, delete_entry already registered for DAG: example_complex
[2023-05-24T21:46:59.215+0200] {logging_mixin.py:149} INFO - [2023-05-24T21:46:59.215+0200] {taskmixin.py:211} WARNING - Dependency <Task(BashOperator): delete_entry>, create_entry_gcs already registered for DAG: example_complex
[2023-05-24T21:46:59.215+0200] {logging_mixin.py:149} INFO - [2023-05-24T21:46:59.215+0200] {taskmixin.py:211} WARNING - Dependency <Task(BashOperator): create_tag>, delete_tag already registered for DAG: example_complex
[2023-05-24T21:46:59.215+0200] {logging_mixin.py:149} INFO - [2023-05-24T21:46:59.215+0200] {taskmixin.py:211} WARNING - Dependency <Task(BashOperator): delete_tag>, create_tag already registered for DAG: example_complex
[2023-05-24T21:46:59.217+0200] {processor.py:809} INFO - DAG(s) dict_keys(['example_complex']) retrieved from /home/choco/.local/lib/python3.10/site-packages/airflow/example_dags/example_complex.py
[2023-05-24T21:46:59.424+0200] {logging_mixin.py:149} INFO - [2023-05-24T21:46:59.424+0200] {dag.py:2726} INFO - Sync 1 DAGs
[2023-05-24T21:46:59.448+0200] {logging_mixin.py:149} INFO - [2023-05-24T21:46:59.448+0200] {dag.py:3486} INFO - Setting next_dagrun for example_complex to None, run_after=None
[2023-05-24T21:46:59.482+0200] {processor.py:178} INFO - Processing /home/choco/.local/lib/python3.10/site-packages/airflow/example_dags/example_complex.py took 0.285 seconds
[2023-05-24T21:47:47.901+0200] {processor.py:156} INFO - Started process (PID=8109) to work on /home/choco/.local/lib/python3.10/site-packages/airflow/example_dags/example_complex.py
[2023-05-24T21:47:47.902+0200] {processor.py:799} INFO - Processing file /home/choco/.local/lib/python3.10/site-packages/airflow/example_dags/example_complex.py for tasks to queue
[2023-05-24T21:47:47.904+0200] {logging_mixin.py:149} INFO - [2023-05-24T21:47:47.903+0200] {dagbag.py:541} INFO - Filling up the DagBag from /home/choco/.local/lib/python3.10/site-packages/airflow/example_dags/example_complex.py
[2023-05-24T21:47:47.912+0200] {logging_mixin.py:149} INFO - [2023-05-24T21:47:47.911+0200] {taskmixin.py:211} WARNING - Dependency <Task(BashOperator): create_entry_group>, delete_entry_group already registered for DAG: example_complex
[2023-05-24T21:47:47.912+0200] {logging_mixin.py:149} INFO - [2023-05-24T21:47:47.912+0200] {taskmixin.py:211} WARNING - Dependency <Task(BashOperator): delete_entry_group>, create_entry_group already registered for DAG: example_complex
[2023-05-24T21:47:47.912+0200] {logging_mixin.py:149} INFO - [2023-05-24T21:47:47.912+0200] {taskmixin.py:211} WARNING - Dependency <Task(BashOperator): create_entry_gcs>, delete_entry already registered for DAG: example_complex
[2023-05-24T21:47:47.912+0200] {logging_mixin.py:149} INFO - [2023-05-24T21:47:47.912+0200] {taskmixin.py:211} WARNING - Dependency <Task(BashOperator): delete_entry>, create_entry_gcs already registered for DAG: example_complex
[2023-05-24T21:47:47.913+0200] {logging_mixin.py:149} INFO - [2023-05-24T21:47:47.913+0200] {taskmixin.py:211} WARNING - Dependency <Task(BashOperator): create_tag>, delete_tag already registered for DAG: example_complex
[2023-05-24T21:47:47.913+0200] {logging_mixin.py:149} INFO - [2023-05-24T21:47:47.913+0200] {taskmixin.py:211} WARNING - Dependency <Task(BashOperator): delete_tag>, create_tag already registered for DAG: example_complex
[2023-05-24T21:47:47.914+0200] {processor.py:809} INFO - DAG(s) dict_keys(['example_complex']) retrieved from /home/choco/.local/lib/python3.10/site-packages/airflow/example_dags/example_complex.py
[2023-05-24T21:47:47.939+0200] {logging_mixin.py:149} INFO - [2023-05-24T21:47:47.939+0200] {dag.py:2726} INFO - Sync 1 DAGs
[2023-05-24T21:47:47.960+0200] {logging_mixin.py:149} INFO - [2023-05-24T21:47:47.960+0200] {dag.py:3486} INFO - Setting next_dagrun for example_complex to None, run_after=None
[2023-05-24T21:47:47.996+0200] {processor.py:178} INFO - Processing /home/choco/.local/lib/python3.10/site-packages/airflow/example_dags/example_complex.py took 0.098 seconds
[2023-05-24T21:48:33.692+0200] {processor.py:156} INFO - Started process (PID=8156) to work on /home/choco/.local/lib/python3.10/site-packages/airflow/example_dags/example_complex.py
[2023-05-24T21:48:33.729+0200] {processor.py:799} INFO - Processing file /home/choco/.local/lib/python3.10/site-packages/airflow/example_dags/example_complex.py for tasks to queue
[2023-05-24T21:48:33.730+0200] {logging_mixin.py:149} INFO - [2023-05-24T21:48:33.730+0200] {dagbag.py:541} INFO - Filling up the DagBag from /home/choco/.local/lib/python3.10/site-packages/airflow/example_dags/example_complex.py
[2023-05-24T21:48:33.746+0200] {logging_mixin.py:149} INFO - [2023-05-24T21:48:33.745+0200] {taskmixin.py:211} WARNING - Dependency <Task(BashOperator): create_entry_group>, delete_entry_group already registered for DAG: example_complex
[2023-05-24T21:48:33.746+0200] {logging_mixin.py:149} INFO - [2023-05-24T21:48:33.746+0200] {taskmixin.py:211} WARNING - Dependency <Task(BashOperator): delete_entry_group>, create_entry_group already registered for DAG: example_complex
[2023-05-24T21:48:33.746+0200] {logging_mixin.py:149} INFO - [2023-05-24T21:48:33.746+0200] {taskmixin.py:211} WARNING - Dependency <Task(BashOperator): create_entry_gcs>, delete_entry already registered for DAG: example_complex
[2023-05-24T21:48:33.747+0200] {logging_mixin.py:149} INFO - [2023-05-24T21:48:33.746+0200] {taskmixin.py:211} WARNING - Dependency <Task(BashOperator): delete_entry>, create_entry_gcs already registered for DAG: example_complex
[2023-05-24T21:48:33.747+0200] {logging_mixin.py:149} INFO - [2023-05-24T21:48:33.747+0200] {taskmixin.py:211} WARNING - Dependency <Task(BashOperator): create_tag>, delete_tag already registered for DAG: example_complex
[2023-05-24T21:48:33.747+0200] {logging_mixin.py:149} INFO - [2023-05-24T21:48:33.747+0200] {taskmixin.py:211} WARNING - Dependency <Task(BashOperator): delete_tag>, create_tag already registered for DAG: example_complex
[2023-05-24T21:48:33.749+0200] {processor.py:809} INFO - DAG(s) dict_keys(['example_complex']) retrieved from /home/choco/.local/lib/python3.10/site-packages/airflow/example_dags/example_complex.py
[2023-05-24T21:48:33.788+0200] {logging_mixin.py:149} INFO - [2023-05-24T21:48:33.787+0200] {dag.py:2726} INFO - Sync 1 DAGs
[2023-05-24T21:48:33.815+0200] {logging_mixin.py:149} INFO - [2023-05-24T21:48:33.815+0200] {dag.py:3486} INFO - Setting next_dagrun for example_complex to None, run_after=None
[2023-05-24T21:48:33.847+0200] {processor.py:178} INFO - Processing /home/choco/.local/lib/python3.10/site-packages/airflow/example_dags/example_complex.py took 0.159 seconds
[2023-05-24T21:49:14.164+0200] {processor.py:156} INFO - Started process (PID=8191) to work on /home/choco/.local/lib/python3.10/site-packages/airflow/example_dags/example_complex.py
[2023-05-24T21:49:14.166+0200] {processor.py:799} INFO - Processing file /home/choco/.local/lib/python3.10/site-packages/airflow/example_dags/example_complex.py for tasks to queue
[2023-05-24T21:49:14.166+0200] {logging_mixin.py:149} INFO - [2023-05-24T21:49:14.166+0200] {dagbag.py:541} INFO - Filling up the DagBag from /home/choco/.local/lib/python3.10/site-packages/airflow/example_dags/example_complex.py
[2023-05-24T21:49:14.175+0200] {logging_mixin.py:149} INFO - [2023-05-24T21:49:14.175+0200] {taskmixin.py:211} WARNING - Dependency <Task(BashOperator): create_entry_group>, delete_entry_group already registered for DAG: example_complex
[2023-05-24T21:49:14.176+0200] {logging_mixin.py:149} INFO - [2023-05-24T21:49:14.176+0200] {taskmixin.py:211} WARNING - Dependency <Task(BashOperator): delete_entry_group>, create_entry_group already registered for DAG: example_complex
[2023-05-24T21:49:14.176+0200] {logging_mixin.py:149} INFO - [2023-05-24T21:49:14.176+0200] {taskmixin.py:211} WARNING - Dependency <Task(BashOperator): create_entry_gcs>, delete_entry already registered for DAG: example_complex
[2023-05-24T21:49:14.177+0200] {logging_mixin.py:149} INFO - [2023-05-24T21:49:14.177+0200] {taskmixin.py:211} WARNING - Dependency <Task(BashOperator): delete_entry>, create_entry_gcs already registered for DAG: example_complex
[2023-05-24T21:49:14.177+0200] {logging_mixin.py:149} INFO - [2023-05-24T21:49:14.177+0200] {taskmixin.py:211} WARNING - Dependency <Task(BashOperator): create_tag>, delete_tag already registered for DAG: example_complex
[2023-05-24T21:49:14.177+0200] {logging_mixin.py:149} INFO - [2023-05-24T21:49:14.177+0200] {taskmixin.py:211} WARNING - Dependency <Task(BashOperator): delete_tag>, create_tag already registered for DAG: example_complex
[2023-05-24T21:49:14.179+0200] {processor.py:809} INFO - DAG(s) dict_keys(['example_complex']) retrieved from /home/choco/.local/lib/python3.10/site-packages/airflow/example_dags/example_complex.py
[2023-05-24T21:49:14.208+0200] {logging_mixin.py:149} INFO - [2023-05-24T21:49:14.208+0200] {dag.py:2726} INFO - Sync 1 DAGs
[2023-05-24T21:49:14.227+0200] {logging_mixin.py:149} INFO - [2023-05-24T21:49:14.227+0200] {dag.py:3486} INFO - Setting next_dagrun for example_complex to None, run_after=None
[2023-05-24T21:49:14.253+0200] {processor.py:178} INFO - Processing /home/choco/.local/lib/python3.10/site-packages/airflow/example_dags/example_complex.py took 0.091 seconds
[2023-05-24T21:50:02.421+0200] {processor.py:156} INFO - Started process (PID=8241) to work on /home/choco/.local/lib/python3.10/site-packages/airflow/example_dags/example_complex.py
[2023-05-24T21:50:02.422+0200] {processor.py:799} INFO - Processing file /home/choco/.local/lib/python3.10/site-packages/airflow/example_dags/example_complex.py for tasks to queue
[2023-05-24T21:50:02.423+0200] {logging_mixin.py:149} INFO - [2023-05-24T21:50:02.422+0200] {dagbag.py:541} INFO - Filling up the DagBag from /home/choco/.local/lib/python3.10/site-packages/airflow/example_dags/example_complex.py
[2023-05-24T21:50:02.430+0200] {logging_mixin.py:149} INFO - [2023-05-24T21:50:02.429+0200] {taskmixin.py:211} WARNING - Dependency <Task(BashOperator): create_entry_group>, delete_entry_group already registered for DAG: example_complex
[2023-05-24T21:50:02.430+0200] {logging_mixin.py:149} INFO - [2023-05-24T21:50:02.430+0200] {taskmixin.py:211} WARNING - Dependency <Task(BashOperator): delete_entry_group>, create_entry_group already registered for DAG: example_complex
[2023-05-24T21:50:02.430+0200] {logging_mixin.py:149} INFO - [2023-05-24T21:50:02.430+0200] {taskmixin.py:211} WARNING - Dependency <Task(BashOperator): create_entry_gcs>, delete_entry already registered for DAG: example_complex
[2023-05-24T21:50:02.430+0200] {logging_mixin.py:149} INFO - [2023-05-24T21:50:02.430+0200] {taskmixin.py:211} WARNING - Dependency <Task(BashOperator): delete_entry>, create_entry_gcs already registered for DAG: example_complex
[2023-05-24T21:50:02.430+0200] {logging_mixin.py:149} INFO - [2023-05-24T21:50:02.430+0200] {taskmixin.py:211} WARNING - Dependency <Task(BashOperator): create_tag>, delete_tag already registered for DAG: example_complex
[2023-05-24T21:50:02.431+0200] {logging_mixin.py:149} INFO - [2023-05-24T21:50:02.431+0200] {taskmixin.py:211} WARNING - Dependency <Task(BashOperator): delete_tag>, create_tag already registered for DAG: example_complex
[2023-05-24T21:50:02.432+0200] {processor.py:809} INFO - DAG(s) dict_keys(['example_complex']) retrieved from /home/choco/.local/lib/python3.10/site-packages/airflow/example_dags/example_complex.py
[2023-05-24T21:50:02.456+0200] {logging_mixin.py:149} INFO - [2023-05-24T21:50:02.456+0200] {dag.py:2726} INFO - Sync 1 DAGs
[2023-05-24T21:50:02.474+0200] {logging_mixin.py:149} INFO - [2023-05-24T21:50:02.474+0200] {dag.py:3486} INFO - Setting next_dagrun for example_complex to None, run_after=None
[2023-05-24T21:50:02.496+0200] {processor.py:178} INFO - Processing /home/choco/.local/lib/python3.10/site-packages/airflow/example_dags/example_complex.py took 0.078 seconds
[2023-05-24T21:50:47.462+0200] {processor.py:156} INFO - Started process (PID=8287) to work on /home/choco/.local/lib/python3.10/site-packages/airflow/example_dags/example_complex.py
[2023-05-24T21:50:47.463+0200] {processor.py:799} INFO - Processing file /home/choco/.local/lib/python3.10/site-packages/airflow/example_dags/example_complex.py for tasks to queue
[2023-05-24T21:50:47.464+0200] {logging_mixin.py:149} INFO - [2023-05-24T21:50:47.464+0200] {dagbag.py:541} INFO - Filling up the DagBag from /home/choco/.local/lib/python3.10/site-packages/airflow/example_dags/example_complex.py
[2023-05-24T21:50:47.480+0200] {logging_mixin.py:149} INFO - [2023-05-24T21:50:47.479+0200] {taskmixin.py:211} WARNING - Dependency <Task(BashOperator): create_entry_group>, delete_entry_group already registered for DAG: example_complex
[2023-05-24T21:50:47.480+0200] {logging_mixin.py:149} INFO - [2023-05-24T21:50:47.480+0200] {taskmixin.py:211} WARNING - Dependency <Task(BashOperator): delete_entry_group>, create_entry_group already registered for DAG: example_complex
[2023-05-24T21:50:47.481+0200] {logging_mixin.py:149} INFO - [2023-05-24T21:50:47.481+0200] {taskmixin.py:211} WARNING - Dependency <Task(BashOperator): create_entry_gcs>, delete_entry already registered for DAG: example_complex
[2023-05-24T21:50:47.482+0200] {logging_mixin.py:149} INFO - [2023-05-24T21:50:47.481+0200] {taskmixin.py:211} WARNING - Dependency <Task(BashOperator): delete_entry>, create_entry_gcs already registered for DAG: example_complex
[2023-05-24T21:50:47.483+0200] {logging_mixin.py:149} INFO - [2023-05-24T21:50:47.482+0200] {taskmixin.py:211} WARNING - Dependency <Task(BashOperator): create_tag>, delete_tag already registered for DAG: example_complex
[2023-05-24T21:50:47.483+0200] {logging_mixin.py:149} INFO - [2023-05-24T21:50:47.483+0200] {taskmixin.py:211} WARNING - Dependency <Task(BashOperator): delete_tag>, create_tag already registered for DAG: example_complex
[2023-05-24T21:50:47.485+0200] {processor.py:809} INFO - DAG(s) dict_keys(['example_complex']) retrieved from /home/choco/.local/lib/python3.10/site-packages/airflow/example_dags/example_complex.py
[2023-05-24T21:50:47.523+0200] {logging_mixin.py:149} INFO - [2023-05-24T21:50:47.523+0200] {dag.py:2726} INFO - Sync 1 DAGs
[2023-05-24T21:50:47.550+0200] {logging_mixin.py:149} INFO - [2023-05-24T21:50:47.549+0200] {dag.py:3486} INFO - Setting next_dagrun for example_complex to None, run_after=None
[2023-05-24T21:50:47.572+0200] {processor.py:178} INFO - Processing /home/choco/.local/lib/python3.10/site-packages/airflow/example_dags/example_complex.py took 0.115 seconds
