[2023-05-24T18:45:48.162+0200] {processor.py:156} INFO - Started process (PID=7923) to work on /home/choco/.local/lib/python3.10/site-packages/airflow/example_dags/example_external_task_marker_dag.py
[2023-05-24T18:45:48.164+0200] {processor.py:799} INFO - Processing file /home/choco/.local/lib/python3.10/site-packages/airflow/example_dags/example_external_task_marker_dag.py for tasks to queue
[2023-05-24T18:45:48.165+0200] {logging_mixin.py:149} INFO - [2023-05-24T18:45:48.165+0200] {dagbag.py:541} INFO - Filling up the DagBag from /home/choco/.local/lib/python3.10/site-packages/airflow/example_dags/example_external_task_marker_dag.py
[2023-05-24T18:45:48.174+0200] {processor.py:809} INFO - DAG(s) dict_keys(['example_external_task_marker_parent', 'example_external_task_marker_child']) retrieved from /home/choco/.local/lib/python3.10/site-packages/airflow/example_dags/example_external_task_marker_dag.py
[2023-05-24T18:45:48.341+0200] {logging_mixin.py:149} INFO - [2023-05-24T18:45:48.341+0200] {manager.py:504} INFO - Created Permission View: can edit on DAG:example_external_task_marker_parent
[2023-05-24T18:45:48.367+0200] {logging_mixin.py:149} INFO - [2023-05-24T18:45:48.367+0200] {manager.py:504} INFO - Created Permission View: can read on DAG:example_external_task_marker_parent
[2023-05-24T18:45:48.394+0200] {logging_mixin.py:149} INFO - [2023-05-24T18:45:48.393+0200] {manager.py:504} INFO - Created Permission View: can delete on DAG:example_external_task_marker_parent
[2023-05-24T18:45:48.531+0200] {logging_mixin.py:149} INFO - [2023-05-24T18:45:48.530+0200] {manager.py:504} INFO - Created Permission View: can edit on DAG:example_external_task_marker_child
[2023-05-24T18:45:48.544+0200] {logging_mixin.py:149} INFO - [2023-05-24T18:45:48.543+0200] {manager.py:504} INFO - Created Permission View: can read on DAG:example_external_task_marker_child
[2023-05-24T18:45:48.567+0200] {logging_mixin.py:149} INFO - [2023-05-24T18:45:48.566+0200] {manager.py:504} INFO - Created Permission View: can delete on DAG:example_external_task_marker_child
[2023-05-24T18:45:48.567+0200] {logging_mixin.py:149} INFO - [2023-05-24T18:45:48.567+0200] {dag.py:2726} INFO - Sync 2 DAGs
[2023-05-24T18:45:48.767+0200] {logging_mixin.py:149} INFO - [2023-05-24T18:45:48.766+0200] {dag.py:2747} INFO - Creating ORM DAG for example_external_task_marker_parent
[2023-05-24T18:45:48.767+0200] {logging_mixin.py:149} INFO - [2023-05-24T18:45:48.767+0200] {dag.py:2747} INFO - Creating ORM DAG for example_external_task_marker_child
[2023-05-24T18:45:48.777+0200] {logging_mixin.py:149} INFO - [2023-05-24T18:45:48.777+0200] {dag.py:3486} INFO - Setting next_dagrun for example_external_task_marker_child to None, run_after=None
[2023-05-24T18:45:48.778+0200] {logging_mixin.py:149} INFO - [2023-05-24T18:45:48.778+0200] {dag.py:3486} INFO - Setting next_dagrun for example_external_task_marker_parent to None, run_after=None
[2023-05-24T18:45:48.847+0200] {processor.py:178} INFO - Processing /home/choco/.local/lib/python3.10/site-packages/airflow/example_dags/example_external_task_marker_dag.py took 0.689 seconds
[2023-05-24T18:46:43.800+0200] {processor.py:156} INFO - Started process (PID=7968) to work on /home/choco/.local/lib/python3.10/site-packages/airflow/example_dags/example_external_task_marker_dag.py
[2023-05-24T18:46:43.839+0200] {processor.py:799} INFO - Processing file /home/choco/.local/lib/python3.10/site-packages/airflow/example_dags/example_external_task_marker_dag.py for tasks to queue
[2023-05-24T18:46:43.840+0200] {logging_mixin.py:149} INFO - [2023-05-24T18:46:43.840+0200] {dagbag.py:541} INFO - Filling up the DagBag from /home/choco/.local/lib/python3.10/site-packages/airflow/example_dags/example_external_task_marker_dag.py
[2023-05-24T18:46:43.850+0200] {processor.py:809} INFO - DAG(s) dict_keys(['example_external_task_marker_child', 'example_external_task_marker_parent']) retrieved from /home/choco/.local/lib/python3.10/site-packages/airflow/example_dags/example_external_task_marker_dag.py
[2023-05-24T18:46:43.898+0200] {logging_mixin.py:149} INFO - [2023-05-24T18:46:43.897+0200] {dag.py:2726} INFO - Sync 2 DAGs
[2023-05-24T18:46:43.925+0200] {logging_mixin.py:149} INFO - [2023-05-24T18:46:43.925+0200] {dag.py:3486} INFO - Setting next_dagrun for example_external_task_marker_child to None, run_after=None
[2023-05-24T18:46:43.929+0200] {logging_mixin.py:149} INFO - [2023-05-24T18:46:43.929+0200] {dag.py:3486} INFO - Setting next_dagrun for example_external_task_marker_parent to None, run_after=None
[2023-05-24T18:46:43.958+0200] {processor.py:178} INFO - Processing /home/choco/.local/lib/python3.10/site-packages/airflow/example_dags/example_external_task_marker_dag.py took 0.163 seconds
[2023-05-24T18:47:38.034+0200] {processor.py:156} INFO - Started process (PID=8015) to work on /home/choco/.local/lib/python3.10/site-packages/airflow/example_dags/example_external_task_marker_dag.py
[2023-05-24T18:47:38.037+0200] {processor.py:799} INFO - Processing file /home/choco/.local/lib/python3.10/site-packages/airflow/example_dags/example_external_task_marker_dag.py for tasks to queue
[2023-05-24T18:47:38.038+0200] {logging_mixin.py:149} INFO - [2023-05-24T18:47:38.038+0200] {dagbag.py:541} INFO - Filling up the DagBag from /home/choco/.local/lib/python3.10/site-packages/airflow/example_dags/example_external_task_marker_dag.py
[2023-05-24T18:47:38.051+0200] {processor.py:809} INFO - DAG(s) dict_keys(['example_external_task_marker_parent', 'example_external_task_marker_child']) retrieved from /home/choco/.local/lib/python3.10/site-packages/airflow/example_dags/example_external_task_marker_dag.py
[2023-05-24T18:47:38.099+0200] {logging_mixin.py:149} INFO - [2023-05-24T18:47:38.098+0200] {dag.py:2726} INFO - Sync 2 DAGs
[2023-05-24T18:47:38.297+0200] {logging_mixin.py:149} INFO - [2023-05-24T18:47:38.296+0200] {dag.py:3486} INFO - Setting next_dagrun for example_external_task_marker_child to None, run_after=None
[2023-05-24T18:47:38.301+0200] {logging_mixin.py:149} INFO - [2023-05-24T18:47:38.301+0200] {dag.py:3486} INFO - Setting next_dagrun for example_external_task_marker_parent to None, run_after=None
[2023-05-24T18:47:38.374+0200] {processor.py:178} INFO - Processing /home/choco/.local/lib/python3.10/site-packages/airflow/example_dags/example_external_task_marker_dag.py took 0.345 seconds
[2023-05-24T21:47:25.520+0200] {processor.py:156} INFO - Started process (PID=8087) to work on /home/choco/.local/lib/python3.10/site-packages/airflow/example_dags/example_external_task_marker_dag.py
[2023-05-24T21:47:25.521+0200] {processor.py:799} INFO - Processing file /home/choco/.local/lib/python3.10/site-packages/airflow/example_dags/example_external_task_marker_dag.py for tasks to queue
[2023-05-24T21:47:25.522+0200] {logging_mixin.py:149} INFO - [2023-05-24T21:47:25.522+0200] {dagbag.py:541} INFO - Filling up the DagBag from /home/choco/.local/lib/python3.10/site-packages/airflow/example_dags/example_external_task_marker_dag.py
[2023-05-24T21:47:25.527+0200] {processor.py:809} INFO - DAG(s) dict_keys(['example_external_task_marker_child', 'example_external_task_marker_parent']) retrieved from /home/choco/.local/lib/python3.10/site-packages/airflow/example_dags/example_external_task_marker_dag.py
[2023-05-24T21:47:25.549+0200] {logging_mixin.py:149} INFO - [2023-05-24T21:47:25.549+0200] {dag.py:2726} INFO - Sync 2 DAGs
[2023-05-24T21:47:25.570+0200] {logging_mixin.py:149} INFO - [2023-05-24T21:47:25.570+0200] {dag.py:3486} INFO - Setting next_dagrun for example_external_task_marker_child to None, run_after=None
[2023-05-24T21:47:25.573+0200] {logging_mixin.py:149} INFO - [2023-05-24T21:47:25.573+0200] {dag.py:3486} INFO - Setting next_dagrun for example_external_task_marker_parent to None, run_after=None
[2023-05-24T21:47:25.598+0200] {processor.py:178} INFO - Processing /home/choco/.local/lib/python3.10/site-packages/airflow/example_dags/example_external_task_marker_dag.py took 0.081 seconds
[2023-05-24T21:48:11.168+0200] {processor.py:156} INFO - Started process (PID=8134) to work on /home/choco/.local/lib/python3.10/site-packages/airflow/example_dags/example_external_task_marker_dag.py
[2023-05-24T21:48:11.170+0200] {processor.py:799} INFO - Processing file /home/choco/.local/lib/python3.10/site-packages/airflow/example_dags/example_external_task_marker_dag.py for tasks to queue
[2023-05-24T21:48:11.171+0200] {logging_mixin.py:149} INFO - [2023-05-24T21:48:11.170+0200] {dagbag.py:541} INFO - Filling up the DagBag from /home/choco/.local/lib/python3.10/site-packages/airflow/example_dags/example_external_task_marker_dag.py
[2023-05-24T21:48:11.177+0200] {processor.py:809} INFO - DAG(s) dict_keys(['example_external_task_marker_child', 'example_external_task_marker_parent']) retrieved from /home/choco/.local/lib/python3.10/site-packages/airflow/example_dags/example_external_task_marker_dag.py
[2023-05-24T21:48:11.204+0200] {logging_mixin.py:149} INFO - [2023-05-24T21:48:11.204+0200] {dag.py:2726} INFO - Sync 2 DAGs
[2023-05-24T21:48:11.228+0200] {logging_mixin.py:149} INFO - [2023-05-24T21:48:11.228+0200] {dag.py:3486} INFO - Setting next_dagrun for example_external_task_marker_child to None, run_after=None
[2023-05-24T21:48:11.233+0200] {logging_mixin.py:149} INFO - [2023-05-24T21:48:11.233+0200] {dag.py:3486} INFO - Setting next_dagrun for example_external_task_marker_parent to None, run_after=None
[2023-05-24T21:48:11.263+0200] {processor.py:178} INFO - Processing /home/choco/.local/lib/python3.10/site-packages/airflow/example_dags/example_external_task_marker_dag.py took 0.098 seconds
[2023-05-24T21:49:04.770+0200] {processor.py:156} INFO - Started process (PID=8182) to work on /home/choco/.local/lib/python3.10/site-packages/airflow/example_dags/example_external_task_marker_dag.py
[2023-05-24T21:49:04.772+0200] {processor.py:799} INFO - Processing file /home/choco/.local/lib/python3.10/site-packages/airflow/example_dags/example_external_task_marker_dag.py for tasks to queue
[2023-05-24T21:49:04.773+0200] {logging_mixin.py:149} INFO - [2023-05-24T21:49:04.773+0200] {dagbag.py:541} INFO - Filling up the DagBag from /home/choco/.local/lib/python3.10/site-packages/airflow/example_dags/example_external_task_marker_dag.py
[2023-05-24T21:49:04.781+0200] {processor.py:809} INFO - DAG(s) dict_keys(['example_external_task_marker_parent', 'example_external_task_marker_child']) retrieved from /home/choco/.local/lib/python3.10/site-packages/airflow/example_dags/example_external_task_marker_dag.py
[2023-05-24T21:49:04.812+0200] {logging_mixin.py:149} INFO - [2023-05-24T21:49:04.812+0200] {dag.py:2726} INFO - Sync 2 DAGs
[2023-05-24T21:49:04.826+0200] {logging_mixin.py:149} INFO - [2023-05-24T21:49:04.826+0200] {dag.py:3486} INFO - Setting next_dagrun for example_external_task_marker_child to None, run_after=None
[2023-05-24T21:49:04.829+0200] {logging_mixin.py:149} INFO - [2023-05-24T21:49:04.829+0200] {dag.py:3486} INFO - Setting next_dagrun for example_external_task_marker_parent to None, run_after=None
[2023-05-24T21:49:04.847+0200] {processor.py:178} INFO - Processing /home/choco/.local/lib/python3.10/site-packages/airflow/example_dags/example_external_task_marker_dag.py took 0.084 seconds
[2023-05-24T21:49:56.026+0200] {processor.py:156} INFO - Started process (PID=8235) to work on /home/choco/.local/lib/python3.10/site-packages/airflow/example_dags/example_external_task_marker_dag.py
[2023-05-24T21:49:56.028+0200] {processor.py:799} INFO - Processing file /home/choco/.local/lib/python3.10/site-packages/airflow/example_dags/example_external_task_marker_dag.py for tasks to queue
[2023-05-24T21:49:56.028+0200] {logging_mixin.py:149} INFO - [2023-05-24T21:49:56.028+0200] {dagbag.py:541} INFO - Filling up the DagBag from /home/choco/.local/lib/python3.10/site-packages/airflow/example_dags/example_external_task_marker_dag.py
[2023-05-24T21:49:56.032+0200] {processor.py:809} INFO - DAG(s) dict_keys(['example_external_task_marker_child', 'example_external_task_marker_parent']) retrieved from /home/choco/.local/lib/python3.10/site-packages/airflow/example_dags/example_external_task_marker_dag.py
[2023-05-24T21:49:56.052+0200] {logging_mixin.py:149} INFO - [2023-05-24T21:49:56.052+0200] {dag.py:2726} INFO - Sync 2 DAGs
[2023-05-24T21:49:56.077+0200] {logging_mixin.py:149} INFO - [2023-05-24T21:49:56.077+0200] {dag.py:3486} INFO - Setting next_dagrun for example_external_task_marker_child to None, run_after=None
[2023-05-24T21:49:56.081+0200] {logging_mixin.py:149} INFO - [2023-05-24T21:49:56.080+0200] {dag.py:3486} INFO - Setting next_dagrun for example_external_task_marker_parent to None, run_after=None
[2023-05-24T21:49:56.102+0200] {processor.py:178} INFO - Processing /home/choco/.local/lib/python3.10/site-packages/airflow/example_dags/example_external_task_marker_dag.py took 0.077 seconds
[2023-05-24T21:50:42.031+0200] {processor.py:156} INFO - Started process (PID=8282) to work on /home/choco/.local/lib/python3.10/site-packages/airflow/example_dags/example_external_task_marker_dag.py
[2023-05-24T21:50:42.068+0200] {processor.py:799} INFO - Processing file /home/choco/.local/lib/python3.10/site-packages/airflow/example_dags/example_external_task_marker_dag.py for tasks to queue
[2023-05-24T21:50:42.069+0200] {logging_mixin.py:149} INFO - [2023-05-24T21:50:42.069+0200] {dagbag.py:541} INFO - Filling up the DagBag from /home/choco/.local/lib/python3.10/site-packages/airflow/example_dags/example_external_task_marker_dag.py
[2023-05-24T21:50:42.075+0200] {processor.py:809} INFO - DAG(s) dict_keys(['example_external_task_marker_child', 'example_external_task_marker_parent']) retrieved from /home/choco/.local/lib/python3.10/site-packages/airflow/example_dags/example_external_task_marker_dag.py
[2023-05-24T21:50:42.101+0200] {logging_mixin.py:149} INFO - [2023-05-24T21:50:42.101+0200] {dag.py:2726} INFO - Sync 2 DAGs
[2023-05-24T21:50:42.125+0200] {logging_mixin.py:149} INFO - [2023-05-24T21:50:42.125+0200] {dag.py:3486} INFO - Setting next_dagrun for example_external_task_marker_child to None, run_after=None
[2023-05-24T21:50:42.130+0200] {logging_mixin.py:149} INFO - [2023-05-24T21:50:42.130+0200] {dag.py:3486} INFO - Setting next_dagrun for example_external_task_marker_parent to None, run_after=None
[2023-05-24T21:50:42.150+0200] {processor.py:178} INFO - Processing /home/choco/.local/lib/python3.10/site-packages/airflow/example_dags/example_external_task_marker_dag.py took 0.121 seconds
