[2023-05-24T18:45:53.840+0200] {processor.py:156} INFO - Started process (PID=7927) to work on /home/choco/.local/lib/python3.10/site-packages/airflow/example_dags/example_setup_teardown_taskflow.py
[2023-05-24T18:45:53.842+0200] {processor.py:799} INFO - Processing file /home/choco/.local/lib/python3.10/site-packages/airflow/example_dags/example_setup_teardown_taskflow.py for tasks to queue
[2023-05-24T18:45:53.843+0200] {logging_mixin.py:149} INFO - [2023-05-24T18:45:53.842+0200] {dagbag.py:541} INFO - Filling up the DagBag from /home/choco/.local/lib/python3.10/site-packages/airflow/example_dags/example_setup_teardown_taskflow.py
[2023-05-24T18:45:53.845+0200] {processor.py:811} WARNING - No viable dags retrieved from /home/choco/.local/lib/python3.10/site-packages/airflow/example_dags/example_setup_teardown_taskflow.py
[2023-05-24T18:45:53.865+0200] {processor.py:178} INFO - Processing /home/choco/.local/lib/python3.10/site-packages/airflow/example_dags/example_setup_teardown_taskflow.py took 0.030 seconds
[2023-05-24T18:46:48.005+0200] {processor.py:156} INFO - Started process (PID=7972) to work on /home/choco/.local/lib/python3.10/site-packages/airflow/example_dags/example_setup_teardown_taskflow.py
[2023-05-24T18:46:48.042+0200] {processor.py:799} INFO - Processing file /home/choco/.local/lib/python3.10/site-packages/airflow/example_dags/example_setup_teardown_taskflow.py for tasks to queue
[2023-05-24T18:46:48.044+0200] {logging_mixin.py:149} INFO - [2023-05-24T18:46:48.044+0200] {dagbag.py:541} INFO - Filling up the DagBag from /home/choco/.local/lib/python3.10/site-packages/airflow/example_dags/example_setup_teardown_taskflow.py
[2023-05-24T18:46:48.048+0200] {processor.py:811} WARNING - No viable dags retrieved from /home/choco/.local/lib/python3.10/site-packages/airflow/example_dags/example_setup_teardown_taskflow.py
[2023-05-24T18:46:48.071+0200] {processor.py:178} INFO - Processing /home/choco/.local/lib/python3.10/site-packages/airflow/example_dags/example_setup_teardown_taskflow.py took 0.070 seconds
[2023-05-24T18:47:43.818+0200] {processor.py:156} INFO - Started process (PID=8021) to work on /home/choco/.local/lib/python3.10/site-packages/airflow/example_dags/example_setup_teardown_taskflow.py
[2023-05-24T18:47:43.820+0200] {processor.py:799} INFO - Processing file /home/choco/.local/lib/python3.10/site-packages/airflow/example_dags/example_setup_teardown_taskflow.py for tasks to queue
[2023-05-24T18:47:43.821+0200] {logging_mixin.py:149} INFO - [2023-05-24T18:47:43.821+0200] {dagbag.py:541} INFO - Filling up the DagBag from /home/choco/.local/lib/python3.10/site-packages/airflow/example_dags/example_setup_teardown_taskflow.py
[2023-05-24T18:47:43.825+0200] {processor.py:811} WARNING - No viable dags retrieved from /home/choco/.local/lib/python3.10/site-packages/airflow/example_dags/example_setup_teardown_taskflow.py
[2023-05-24T18:47:43.848+0200] {processor.py:178} INFO - Processing /home/choco/.local/lib/python3.10/site-packages/airflow/example_dags/example_setup_teardown_taskflow.py took 0.036 seconds
[2023-05-24T21:47:29.764+0200] {processor.py:156} INFO - Started process (PID=8091) to work on /home/choco/.local/lib/python3.10/site-packages/airflow/example_dags/example_setup_teardown_taskflow.py
[2023-05-24T21:47:29.801+0200] {processor.py:799} INFO - Processing file /home/choco/.local/lib/python3.10/site-packages/airflow/example_dags/example_setup_teardown_taskflow.py for tasks to queue
[2023-05-24T21:47:29.802+0200] {logging_mixin.py:149} INFO - [2023-05-24T21:47:29.802+0200] {dagbag.py:541} INFO - Filling up the DagBag from /home/choco/.local/lib/python3.10/site-packages/airflow/example_dags/example_setup_teardown_taskflow.py
[2023-05-24T21:47:29.804+0200] {processor.py:811} WARNING - No viable dags retrieved from /home/choco/.local/lib/python3.10/site-packages/airflow/example_dags/example_setup_teardown_taskflow.py
[2023-05-24T21:47:29.818+0200] {processor.py:178} INFO - Processing /home/choco/.local/lib/python3.10/site-packages/airflow/example_dags/example_setup_teardown_taskflow.py took 0.057 seconds
[2023-05-24T21:48:18.034+0200] {processor.py:156} INFO - Started process (PID=8141) to work on /home/choco/.local/lib/python3.10/site-packages/airflow/example_dags/example_setup_teardown_taskflow.py
[2023-05-24T21:48:18.071+0200] {processor.py:799} INFO - Processing file /home/choco/.local/lib/python3.10/site-packages/airflow/example_dags/example_setup_teardown_taskflow.py for tasks to queue
[2023-05-24T21:48:18.072+0200] {logging_mixin.py:149} INFO - [2023-05-24T21:48:18.072+0200] {dagbag.py:541} INFO - Filling up the DagBag from /home/choco/.local/lib/python3.10/site-packages/airflow/example_dags/example_setup_teardown_taskflow.py
[2023-05-24T21:48:18.075+0200] {processor.py:811} WARNING - No viable dags retrieved from /home/choco/.local/lib/python3.10/site-packages/airflow/example_dags/example_setup_teardown_taskflow.py
[2023-05-24T21:48:18.094+0200] {processor.py:178} INFO - Processing /home/choco/.local/lib/python3.10/site-packages/airflow/example_dags/example_setup_teardown_taskflow.py took 0.066 seconds
[2023-05-24T21:49:17.515+0200] {processor.py:156} INFO - Started process (PID=8197) to work on /home/choco/.local/lib/python3.10/site-packages/airflow/example_dags/example_setup_teardown_taskflow.py
[2023-05-24T21:49:17.516+0200] {processor.py:799} INFO - Processing file /home/choco/.local/lib/python3.10/site-packages/airflow/example_dags/example_setup_teardown_taskflow.py for tasks to queue
[2023-05-24T21:49:17.517+0200] {logging_mixin.py:149} INFO - [2023-05-24T21:49:17.517+0200] {dagbag.py:541} INFO - Filling up the DagBag from /home/choco/.local/lib/python3.10/site-packages/airflow/example_dags/example_setup_teardown_taskflow.py
[2023-05-24T21:49:17.518+0200] {processor.py:811} WARNING - No viable dags retrieved from /home/choco/.local/lib/python3.10/site-packages/airflow/example_dags/example_setup_teardown_taskflow.py
[2023-05-24T21:49:17.529+0200] {processor.py:178} INFO - Processing /home/choco/.local/lib/python3.10/site-packages/airflow/example_dags/example_setup_teardown_taskflow.py took 0.017 seconds
[2023-05-24T21:50:06.269+0200] {processor.py:156} INFO - Started process (PID=8245) to work on /home/choco/.local/lib/python3.10/site-packages/airflow/example_dags/example_setup_teardown_taskflow.py
[2023-05-24T21:50:06.271+0200] {processor.py:799} INFO - Processing file /home/choco/.local/lib/python3.10/site-packages/airflow/example_dags/example_setup_teardown_taskflow.py for tasks to queue
[2023-05-24T21:50:06.272+0200] {logging_mixin.py:149} INFO - [2023-05-24T21:50:06.272+0200] {dagbag.py:541} INFO - Filling up the DagBag from /home/choco/.local/lib/python3.10/site-packages/airflow/example_dags/example_setup_teardown_taskflow.py
[2023-05-24T21:50:06.275+0200] {processor.py:811} WARNING - No viable dags retrieved from /home/choco/.local/lib/python3.10/site-packages/airflow/example_dags/example_setup_teardown_taskflow.py
[2023-05-24T21:50:06.289+0200] {processor.py:178} INFO - Processing /home/choco/.local/lib/python3.10/site-packages/airflow/example_dags/example_setup_teardown_taskflow.py took 0.024 seconds
[2023-05-24T21:50:52.174+0200] {processor.py:156} INFO - Started process (PID=8292) to work on /home/choco/.local/lib/python3.10/site-packages/airflow/example_dags/example_setup_teardown_taskflow.py
[2023-05-24T21:50:52.176+0200] {processor.py:799} INFO - Processing file /home/choco/.local/lib/python3.10/site-packages/airflow/example_dags/example_setup_teardown_taskflow.py for tasks to queue
[2023-05-24T21:50:52.178+0200] {logging_mixin.py:149} INFO - [2023-05-24T21:50:52.177+0200] {dagbag.py:541} INFO - Filling up the DagBag from /home/choco/.local/lib/python3.10/site-packages/airflow/example_dags/example_setup_teardown_taskflow.py
[2023-05-24T21:50:52.179+0200] {processor.py:811} WARNING - No viable dags retrieved from /home/choco/.local/lib/python3.10/site-packages/airflow/example_dags/example_setup_teardown_taskflow.py
[2023-05-24T21:50:52.187+0200] {processor.py:178} INFO - Processing /home/choco/.local/lib/python3.10/site-packages/airflow/example_dags/example_setup_teardown_taskflow.py took 0.016 seconds
