[2023-05-24T18:46:01.052+0200] {processor.py:156} INFO - Started process (PID=7932) to work on /home/choco/.local/lib/python3.10/site-packages/airflow/example_dags/example_branch_operator_decorator.py
[2023-05-24T18:46:01.054+0200] {processor.py:799} INFO - Processing file /home/choco/.local/lib/python3.10/site-packages/airflow/example_dags/example_branch_operator_decorator.py for tasks to queue
[2023-05-24T18:46:01.055+0200] {logging_mixin.py:149} INFO - [2023-05-24T18:46:01.055+0200] {dagbag.py:541} INFO - Filling up the DagBag from /home/choco/.local/lib/python3.10/site-packages/airflow/example_dags/example_branch_operator_decorator.py
[2023-05-24T18:46:01.073+0200] {processor.py:809} INFO - DAG(s) dict_keys(['example_branch_python_operator_decorator']) retrieved from /home/choco/.local/lib/python3.10/site-packages/airflow/example_dags/example_branch_operator_decorator.py
[2023-05-24T18:46:01.267+0200] {logging_mixin.py:149} INFO - [2023-05-24T18:46:01.266+0200] {manager.py:504} INFO - Created Permission View: can edit on DAG:example_branch_python_operator_decorator
[2023-05-24T18:46:01.494+0200] {logging_mixin.py:149} INFO - [2023-05-24T18:46:01.494+0200] {manager.py:504} INFO - Created Permission View: can read on DAG:example_branch_python_operator_decorator
[2023-05-24T18:46:01.508+0200] {logging_mixin.py:149} INFO - [2023-05-24T18:46:01.508+0200] {manager.py:504} INFO - Created Permission View: can delete on DAG:example_branch_python_operator_decorator
[2023-05-24T18:46:01.508+0200] {logging_mixin.py:149} INFO - [2023-05-24T18:46:01.508+0200] {dag.py:2726} INFO - Sync 1 DAGs
[2023-05-24T18:46:01.521+0200] {logging_mixin.py:149} INFO - [2023-05-24T18:46:01.520+0200] {dag.py:2747} INFO - Creating ORM DAG for example_branch_python_operator_decorator
[2023-05-24T18:46:01.533+0200] {logging_mixin.py:149} INFO - [2023-05-24T18:46:01.533+0200] {dag.py:3486} INFO - Setting next_dagrun for example_branch_python_operator_decorator to 2023-05-23T00:00:00+00:00, run_after=2023-05-24T00:00:00+00:00
[2023-05-24T18:46:01.569+0200] {processor.py:178} INFO - Processing /home/choco/.local/lib/python3.10/site-packages/airflow/example_dags/example_branch_operator_decorator.py took 0.522 seconds
[2023-05-24T18:46:54.244+0200] {processor.py:156} INFO - Started process (PID=7977) to work on /home/choco/.local/lib/python3.10/site-packages/airflow/example_dags/example_branch_operator_decorator.py
[2023-05-24T18:46:54.281+0200] {processor.py:799} INFO - Processing file /home/choco/.local/lib/python3.10/site-packages/airflow/example_dags/example_branch_operator_decorator.py for tasks to queue
[2023-05-24T18:46:54.282+0200] {logging_mixin.py:149} INFO - [2023-05-24T18:46:54.282+0200] {dagbag.py:541} INFO - Filling up the DagBag from /home/choco/.local/lib/python3.10/site-packages/airflow/example_dags/example_branch_operator_decorator.py
[2023-05-24T18:46:54.299+0200] {processor.py:809} INFO - DAG(s) dict_keys(['example_branch_python_operator_decorator']) retrieved from /home/choco/.local/lib/python3.10/site-packages/airflow/example_dags/example_branch_operator_decorator.py
[2023-05-24T18:46:54.336+0200] {logging_mixin.py:149} INFO - [2023-05-24T18:46:54.336+0200] {dag.py:2726} INFO - Sync 1 DAGs
[2023-05-24T18:46:54.375+0200] {logging_mixin.py:149} INFO - [2023-05-24T18:46:54.374+0200] {dag.py:3486} INFO - Setting next_dagrun for example_branch_python_operator_decorator to 2023-05-23T00:00:00+00:00, run_after=2023-05-24T00:00:00+00:00
[2023-05-24T18:46:54.570+0200] {processor.py:178} INFO - Processing /home/choco/.local/lib/python3.10/site-packages/airflow/example_dags/example_branch_operator_decorator.py took 0.330 seconds
[2023-05-24T21:47:32.565+0200] {processor.py:156} INFO - Started process (PID=8094) to work on /home/choco/.local/lib/python3.10/site-packages/airflow/example_dags/example_branch_operator_decorator.py
[2023-05-24T21:47:32.576+0200] {processor.py:799} INFO - Processing file /home/choco/.local/lib/python3.10/site-packages/airflow/example_dags/example_branch_operator_decorator.py for tasks to queue
[2023-05-24T21:47:32.578+0200] {logging_mixin.py:149} INFO - [2023-05-24T21:47:32.577+0200] {dagbag.py:541} INFO - Filling up the DagBag from /home/choco/.local/lib/python3.10/site-packages/airflow/example_dags/example_branch_operator_decorator.py
[2023-05-24T21:47:32.609+0200] {processor.py:809} INFO - DAG(s) dict_keys(['example_branch_python_operator_decorator']) retrieved from /home/choco/.local/lib/python3.10/site-packages/airflow/example_dags/example_branch_operator_decorator.py
[2023-05-24T21:47:32.641+0200] {logging_mixin.py:149} INFO - [2023-05-24T21:47:32.641+0200] {dag.py:2726} INFO - Sync 1 DAGs
[2023-05-24T21:47:32.669+0200] {logging_mixin.py:149} INFO - [2023-05-24T21:47:32.668+0200] {dag.py:3486} INFO - Setting next_dagrun for example_branch_python_operator_decorator to 2023-05-23T00:00:00+00:00, run_after=2023-05-24T00:00:00+00:00
[2023-05-24T21:47:32.702+0200] {processor.py:178} INFO - Processing /home/choco/.local/lib/python3.10/site-packages/airflow/example_dags/example_branch_operator_decorator.py took 0.143 seconds
[2023-05-24T21:48:21.637+0200] {processor.py:156} INFO - Started process (PID=8144) to work on /home/choco/.local/lib/python3.10/site-packages/airflow/example_dags/example_branch_operator_decorator.py
[2023-05-24T21:48:21.640+0200] {processor.py:799} INFO - Processing file /home/choco/.local/lib/python3.10/site-packages/airflow/example_dags/example_branch_operator_decorator.py for tasks to queue
[2023-05-24T21:48:21.643+0200] {logging_mixin.py:149} INFO - [2023-05-24T21:48:21.642+0200] {dagbag.py:541} INFO - Filling up the DagBag from /home/choco/.local/lib/python3.10/site-packages/airflow/example_dags/example_branch_operator_decorator.py
[2023-05-24T21:48:21.663+0200] {processor.py:809} INFO - DAG(s) dict_keys(['example_branch_python_operator_decorator']) retrieved from /home/choco/.local/lib/python3.10/site-packages/airflow/example_dags/example_branch_operator_decorator.py
[2023-05-24T21:48:21.705+0200] {logging_mixin.py:149} INFO - [2023-05-24T21:48:21.704+0200] {dag.py:2726} INFO - Sync 1 DAGs
[2023-05-24T21:48:21.740+0200] {logging_mixin.py:149} INFO - [2023-05-24T21:48:21.740+0200] {dag.py:3486} INFO - Setting next_dagrun for example_branch_python_operator_decorator to 2023-05-23T00:00:00+00:00, run_after=2023-05-24T00:00:00+00:00
[2023-05-24T21:48:21.818+0200] {processor.py:178} INFO - Processing /home/choco/.local/lib/python3.10/site-packages/airflow/example_dags/example_branch_operator_decorator.py took 0.188 seconds
[2023-05-24T21:49:20.910+0200] {processor.py:156} INFO - Started process (PID=8200) to work on /home/choco/.local/lib/python3.10/site-packages/airflow/example_dags/example_branch_operator_decorator.py
[2023-05-24T21:49:20.912+0200] {processor.py:799} INFO - Processing file /home/choco/.local/lib/python3.10/site-packages/airflow/example_dags/example_branch_operator_decorator.py for tasks to queue
[2023-05-24T21:49:20.912+0200] {logging_mixin.py:149} INFO - [2023-05-24T21:49:20.912+0200] {dagbag.py:541} INFO - Filling up the DagBag from /home/choco/.local/lib/python3.10/site-packages/airflow/example_dags/example_branch_operator_decorator.py
[2023-05-24T21:49:20.926+0200] {processor.py:809} INFO - DAG(s) dict_keys(['example_branch_python_operator_decorator']) retrieved from /home/choco/.local/lib/python3.10/site-packages/airflow/example_dags/example_branch_operator_decorator.py
[2023-05-24T21:49:20.953+0200] {logging_mixin.py:149} INFO - [2023-05-24T21:49:20.953+0200] {dag.py:2726} INFO - Sync 1 DAGs
[2023-05-24T21:49:20.974+0200] {logging_mixin.py:149} INFO - [2023-05-24T21:49:20.974+0200] {dag.py:3486} INFO - Setting next_dagrun for example_branch_python_operator_decorator to 2023-05-23T00:00:00+00:00, run_after=2023-05-24T00:00:00+00:00
[2023-05-24T21:49:20.996+0200] {processor.py:178} INFO - Processing /home/choco/.local/lib/python3.10/site-packages/airflow/example_dags/example_branch_operator_decorator.py took 0.087 seconds
[2023-05-24T21:50:08.717+0200] {processor.py:156} INFO - Started process (PID=8248) to work on /home/choco/.local/lib/python3.10/site-packages/airflow/example_dags/example_branch_operator_decorator.py
[2023-05-24T21:50:08.718+0200] {processor.py:799} INFO - Processing file /home/choco/.local/lib/python3.10/site-packages/airflow/example_dags/example_branch_operator_decorator.py for tasks to queue
[2023-05-24T21:50:08.719+0200] {logging_mixin.py:149} INFO - [2023-05-24T21:50:08.719+0200] {dagbag.py:541} INFO - Filling up the DagBag from /home/choco/.local/lib/python3.10/site-packages/airflow/example_dags/example_branch_operator_decorator.py
[2023-05-24T21:50:08.728+0200] {processor.py:809} INFO - DAG(s) dict_keys(['example_branch_python_operator_decorator']) retrieved from /home/choco/.local/lib/python3.10/site-packages/airflow/example_dags/example_branch_operator_decorator.py
[2023-05-24T21:50:08.748+0200] {logging_mixin.py:149} INFO - [2023-05-24T21:50:08.748+0200] {dag.py:2726} INFO - Sync 1 DAGs
[2023-05-24T21:50:08.764+0200] {logging_mixin.py:149} INFO - [2023-05-24T21:50:08.764+0200] {dag.py:3486} INFO - Setting next_dagrun for example_branch_python_operator_decorator to 2023-05-23T00:00:00+00:00, run_after=2023-05-24T00:00:00+00:00
[2023-05-24T21:50:08.783+0200] {processor.py:178} INFO - Processing /home/choco/.local/lib/python3.10/site-packages/airflow/example_dags/example_branch_operator_decorator.py took 0.068 seconds
[2023-05-24T21:50:55.284+0200] {processor.py:156} INFO - Started process (PID=8295) to work on /home/choco/.local/lib/python3.10/site-packages/airflow/example_dags/example_branch_operator_decorator.py
[2023-05-24T21:50:55.285+0200] {processor.py:799} INFO - Processing file /home/choco/.local/lib/python3.10/site-packages/airflow/example_dags/example_branch_operator_decorator.py for tasks to queue
[2023-05-24T21:50:55.286+0200] {logging_mixin.py:149} INFO - [2023-05-24T21:50:55.286+0200] {dagbag.py:541} INFO - Filling up the DagBag from /home/choco/.local/lib/python3.10/site-packages/airflow/example_dags/example_branch_operator_decorator.py
[2023-05-24T21:50:55.300+0200] {processor.py:809} INFO - DAG(s) dict_keys(['example_branch_python_operator_decorator']) retrieved from /home/choco/.local/lib/python3.10/site-packages/airflow/example_dags/example_branch_operator_decorator.py
[2023-05-24T21:50:55.319+0200] {logging_mixin.py:149} INFO - [2023-05-24T21:50:55.319+0200] {dag.py:2726} INFO - Sync 1 DAGs
[2023-05-24T21:50:55.343+0200] {logging_mixin.py:149} INFO - [2023-05-24T21:50:55.343+0200] {dag.py:3486} INFO - Setting next_dagrun for example_branch_python_operator_decorator to 2023-05-23T00:00:00+00:00, run_after=2023-05-24T00:00:00+00:00
[2023-05-24T21:50:55.378+0200] {processor.py:178} INFO - Processing /home/choco/.local/lib/python3.10/site-packages/airflow/example_dags/example_branch_operator_decorator.py took 0.096 seconds
