[2023-05-24T18:45:30.568+0200] {processor.py:156} INFO - Started process (PID=7909) to work on /home/choco/.local/lib/python3.10/site-packages/airflow/example_dags/example_branch_datetime_operator.py
[2023-05-24T18:45:30.570+0200] {processor.py:799} INFO - Processing file /home/choco/.local/lib/python3.10/site-packages/airflow/example_dags/example_branch_datetime_operator.py for tasks to queue
[2023-05-24T18:45:30.572+0200] {logging_mixin.py:149} INFO - [2023-05-24T18:45:30.571+0200] {dagbag.py:541} INFO - Filling up the DagBag from /home/choco/.local/lib/python3.10/site-packages/airflow/example_dags/example_branch_datetime_operator.py
[2023-05-24T18:45:30.589+0200] {processor.py:809} INFO - DAG(s) dict_keys(['example_branch_datetime_operator', 'example_branch_datetime_operator_2', 'example_branch_datetime_operator_3']) retrieved from /home/choco/.local/lib/python3.10/site-packages/airflow/example_dags/example_branch_datetime_operator.py
[2023-05-24T18:45:30.788+0200] {logging_mixin.py:149} INFO - [2023-05-24T18:45:30.787+0200] {manager.py:504} INFO - Created Permission View: can edit on DAG:example_branch_datetime_operator
[2023-05-24T18:45:30.811+0200] {logging_mixin.py:149} INFO - [2023-05-24T18:45:30.810+0200] {manager.py:504} INFO - Created Permission View: can read on DAG:example_branch_datetime_operator
[2023-05-24T18:45:30.830+0200] {logging_mixin.py:149} INFO - [2023-05-24T18:45:30.830+0200] {manager.py:504} INFO - Created Permission View: can delete on DAG:example_branch_datetime_operator
[2023-05-24T18:45:30.871+0200] {logging_mixin.py:149} INFO - [2023-05-24T18:45:30.869+0200] {manager.py:504} INFO - Created Permission View: can edit on DAG:example_branch_datetime_operator_2
[2023-05-24T18:45:30.893+0200] {logging_mixin.py:149} INFO - [2023-05-24T18:45:30.892+0200] {manager.py:504} INFO - Created Permission View: can read on DAG:example_branch_datetime_operator_2
[2023-05-24T18:45:30.911+0200] {logging_mixin.py:149} INFO - [2023-05-24T18:45:30.910+0200] {manager.py:504} INFO - Created Permission View: can delete on DAG:example_branch_datetime_operator_2
[2023-05-24T18:45:30.970+0200] {logging_mixin.py:149} INFO - [2023-05-24T18:45:30.970+0200] {manager.py:504} INFO - Created Permission View: can edit on DAG:example_branch_datetime_operator_3
[2023-05-24T18:45:30.989+0200] {logging_mixin.py:149} INFO - [2023-05-24T18:45:30.988+0200] {manager.py:504} INFO - Created Permission View: can read on DAG:example_branch_datetime_operator_3
[2023-05-24T18:45:31.009+0200] {logging_mixin.py:149} INFO - [2023-05-24T18:45:31.008+0200] {manager.py:504} INFO - Created Permission View: can delete on DAG:example_branch_datetime_operator_3
[2023-05-24T18:45:31.010+0200] {logging_mixin.py:149} INFO - [2023-05-24T18:45:31.009+0200] {dag.py:2726} INFO - Sync 3 DAGs
[2023-05-24T18:45:31.211+0200] {logging_mixin.py:149} INFO - [2023-05-24T18:45:31.211+0200] {dag.py:2747} INFO - Creating ORM DAG for example_branch_datetime_operator_3
[2023-05-24T18:45:31.212+0200] {logging_mixin.py:149} INFO - [2023-05-24T18:45:31.212+0200] {dag.py:2747} INFO - Creating ORM DAG for example_branch_datetime_operator
[2023-05-24T18:45:31.212+0200] {logging_mixin.py:149} INFO - [2023-05-24T18:45:31.212+0200] {dag.py:2747} INFO - Creating ORM DAG for example_branch_datetime_operator_2
[2023-05-24T18:45:31.226+0200] {logging_mixin.py:149} INFO - [2023-05-24T18:45:31.226+0200] {dag.py:3486} INFO - Setting next_dagrun for example_branch_datetime_operator to 2023-05-23T00:00:00+00:00, run_after=2023-05-24T00:00:00+00:00
[2023-05-24T18:45:31.229+0200] {logging_mixin.py:149} INFO - [2023-05-24T18:45:31.228+0200] {dag.py:3486} INFO - Setting next_dagrun for example_branch_datetime_operator_2 to 2023-05-23T00:00:00+00:00, run_after=2023-05-24T00:00:00+00:00
[2023-05-24T18:45:31.231+0200] {logging_mixin.py:149} INFO - [2023-05-24T18:45:31.230+0200] {dag.py:3486} INFO - Setting next_dagrun for example_branch_datetime_operator_3 to 2023-05-23T00:00:00+00:00, run_after=2023-05-24T00:00:00+00:00
[2023-05-24T18:45:31.265+0200] {processor.py:178} INFO - Processing /home/choco/.local/lib/python3.10/site-packages/airflow/example_dags/example_branch_datetime_operator.py took 0.702 seconds
[2023-05-24T18:46:29.363+0200] {processor.py:156} INFO - Started process (PID=7956) to work on /home/choco/.local/lib/python3.10/site-packages/airflow/example_dags/example_branch_datetime_operator.py
[2023-05-24T18:46:29.399+0200] {processor.py:799} INFO - Processing file /home/choco/.local/lib/python3.10/site-packages/airflow/example_dags/example_branch_datetime_operator.py for tasks to queue
[2023-05-24T18:46:29.400+0200] {logging_mixin.py:149} INFO - [2023-05-24T18:46:29.400+0200] {dagbag.py:541} INFO - Filling up the DagBag from /home/choco/.local/lib/python3.10/site-packages/airflow/example_dags/example_branch_datetime_operator.py
[2023-05-24T18:46:29.426+0200] {processor.py:809} INFO - DAG(s) dict_keys(['example_branch_datetime_operator', 'example_branch_datetime_operator_2', 'example_branch_datetime_operator_3']) retrieved from /home/choco/.local/lib/python3.10/site-packages/airflow/example_dags/example_branch_datetime_operator.py
[2023-05-24T18:46:29.474+0200] {logging_mixin.py:149} INFO - [2023-05-24T18:46:29.473+0200] {dag.py:2726} INFO - Sync 3 DAGs
[2023-05-24T18:46:29.505+0200] {logging_mixin.py:149} INFO - [2023-05-24T18:46:29.504+0200] {dag.py:3486} INFO - Setting next_dagrun for example_branch_datetime_operator to 2023-05-23T00:00:00+00:00, run_after=2023-05-24T00:00:00+00:00
[2023-05-24T18:46:29.513+0200] {logging_mixin.py:149} INFO - [2023-05-24T18:46:29.513+0200] {dag.py:3486} INFO - Setting next_dagrun for example_branch_datetime_operator_2 to 2023-05-23T00:00:00+00:00, run_after=2023-05-24T00:00:00+00:00
[2023-05-24T18:46:29.517+0200] {logging_mixin.py:149} INFO - [2023-05-24T18:46:29.517+0200] {dag.py:3486} INFO - Setting next_dagrun for example_branch_datetime_operator_3 to 2023-05-23T00:00:00+00:00, run_after=2023-05-24T00:00:00+00:00
[2023-05-24T18:46:29.599+0200] {processor.py:178} INFO - Processing /home/choco/.local/lib/python3.10/site-packages/airflow/example_dags/example_branch_datetime_operator.py took 0.242 seconds
[2023-05-24T18:47:22.993+0200] {processor.py:156} INFO - Started process (PID=8003) to work on /home/choco/.local/lib/python3.10/site-packages/airflow/example_dags/example_branch_datetime_operator.py
[2023-05-24T18:47:23.031+0200] {processor.py:799} INFO - Processing file /home/choco/.local/lib/python3.10/site-packages/airflow/example_dags/example_branch_datetime_operator.py for tasks to queue
[2023-05-24T18:47:23.032+0200] {logging_mixin.py:149} INFO - [2023-05-24T18:47:23.032+0200] {dagbag.py:541} INFO - Filling up the DagBag from /home/choco/.local/lib/python3.10/site-packages/airflow/example_dags/example_branch_datetime_operator.py
[2023-05-24T18:47:23.050+0200] {processor.py:809} INFO - DAG(s) dict_keys(['example_branch_datetime_operator_3', 'example_branch_datetime_operator', 'example_branch_datetime_operator_2']) retrieved from /home/choco/.local/lib/python3.10/site-packages/airflow/example_dags/example_branch_datetime_operator.py
[2023-05-24T18:47:23.105+0200] {logging_mixin.py:149} INFO - [2023-05-24T18:47:23.105+0200] {dag.py:2726} INFO - Sync 3 DAGs
[2023-05-24T18:47:23.286+0200] {logging_mixin.py:149} INFO - [2023-05-24T18:47:23.286+0200] {dag.py:3486} INFO - Setting next_dagrun for example_branch_datetime_operator to 2023-05-23T00:00:00+00:00, run_after=2023-05-24T00:00:00+00:00
[2023-05-24T18:47:23.291+0200] {logging_mixin.py:149} INFO - [2023-05-24T18:47:23.291+0200] {dag.py:3486} INFO - Setting next_dagrun for example_branch_datetime_operator_2 to 2023-05-23T00:00:00+00:00, run_after=2023-05-24T00:00:00+00:00
[2023-05-24T18:47:23.294+0200] {logging_mixin.py:149} INFO - [2023-05-24T18:47:23.294+0200] {dag.py:3486} INFO - Setting next_dagrun for example_branch_datetime_operator_3 to 2023-05-23T00:00:00+00:00, run_after=2023-05-24T00:00:00+00:00
[2023-05-24T18:47:23.378+0200] {processor.py:178} INFO - Processing /home/choco/.local/lib/python3.10/site-packages/airflow/example_dags/example_branch_datetime_operator.py took 0.390 seconds
[2023-05-24T21:47:10.620+0200] {processor.py:156} INFO - Started process (PID=8075) to work on /home/choco/.local/lib/python3.10/site-packages/airflow/example_dags/example_branch_datetime_operator.py
[2023-05-24T21:47:10.622+0200] {processor.py:799} INFO - Processing file /home/choco/.local/lib/python3.10/site-packages/airflow/example_dags/example_branch_datetime_operator.py for tasks to queue
[2023-05-24T21:47:10.622+0200] {logging_mixin.py:149} INFO - [2023-05-24T21:47:10.622+0200] {dagbag.py:541} INFO - Filling up the DagBag from /home/choco/.local/lib/python3.10/site-packages/airflow/example_dags/example_branch_datetime_operator.py
[2023-05-24T21:47:10.629+0200] {processor.py:809} INFO - DAG(s) dict_keys(['example_branch_datetime_operator', 'example_branch_datetime_operator_2', 'example_branch_datetime_operator_3']) retrieved from /home/choco/.local/lib/python3.10/site-packages/airflow/example_dags/example_branch_datetime_operator.py
[2023-05-24T21:47:10.726+0200] {logging_mixin.py:149} INFO - [2023-05-24T21:47:10.726+0200] {dag.py:2726} INFO - Sync 3 DAGs
[2023-05-24T21:47:10.741+0200] {logging_mixin.py:149} INFO - [2023-05-24T21:47:10.741+0200] {dag.py:3486} INFO - Setting next_dagrun for example_branch_datetime_operator to 2023-05-23T00:00:00+00:00, run_after=2023-05-24T00:00:00+00:00
[2023-05-24T21:47:10.745+0200] {logging_mixin.py:149} INFO - [2023-05-24T21:47:10.745+0200] {dag.py:3486} INFO - Setting next_dagrun for example_branch_datetime_operator_2 to 2023-05-23T00:00:00+00:00, run_after=2023-05-24T00:00:00+00:00
[2023-05-24T21:47:10.747+0200] {logging_mixin.py:149} INFO - [2023-05-24T21:47:10.747+0200] {dag.py:3486} INFO - Setting next_dagrun for example_branch_datetime_operator_3 to 2023-05-23T00:00:00+00:00, run_after=2023-05-24T00:00:00+00:00
[2023-05-24T21:47:10.767+0200] {processor.py:178} INFO - Processing /home/choco/.local/lib/python3.10/site-packages/airflow/example_dags/example_branch_datetime_operator.py took 0.149 seconds
[2023-05-24T21:47:58.382+0200] {processor.py:156} INFO - Started process (PID=8122) to work on /home/choco/.local/lib/python3.10/site-packages/airflow/example_dags/example_branch_datetime_operator.py
[2023-05-24T21:47:58.384+0200] {processor.py:799} INFO - Processing file /home/choco/.local/lib/python3.10/site-packages/airflow/example_dags/example_branch_datetime_operator.py for tasks to queue
[2023-05-24T21:47:58.385+0200] {logging_mixin.py:149} INFO - [2023-05-24T21:47:58.385+0200] {dagbag.py:541} INFO - Filling up the DagBag from /home/choco/.local/lib/python3.10/site-packages/airflow/example_dags/example_branch_datetime_operator.py
[2023-05-24T21:47:58.397+0200] {processor.py:809} INFO - DAG(s) dict_keys(['example_branch_datetime_operator_3', 'example_branch_datetime_operator', 'example_branch_datetime_operator_2']) retrieved from /home/choco/.local/lib/python3.10/site-packages/airflow/example_dags/example_branch_datetime_operator.py
[2023-05-24T21:47:58.429+0200] {logging_mixin.py:149} INFO - [2023-05-24T21:47:58.429+0200] {dag.py:2726} INFO - Sync 3 DAGs
[2023-05-24T21:47:58.457+0200] {logging_mixin.py:149} INFO - [2023-05-24T21:47:58.456+0200] {dag.py:3486} INFO - Setting next_dagrun for example_branch_datetime_operator to 2023-05-23T00:00:00+00:00, run_after=2023-05-24T00:00:00+00:00
[2023-05-24T21:47:58.462+0200] {logging_mixin.py:149} INFO - [2023-05-24T21:47:58.462+0200] {dag.py:3486} INFO - Setting next_dagrun for example_branch_datetime_operator_2 to 2023-05-23T00:00:00+00:00, run_after=2023-05-24T00:00:00+00:00
[2023-05-24T21:47:58.465+0200] {logging_mixin.py:149} INFO - [2023-05-24T21:47:58.465+0200] {dag.py:3486} INFO - Setting next_dagrun for example_branch_datetime_operator_3 to 2023-05-23T00:00:00+00:00, run_after=2023-05-24T00:00:00+00:00
[2023-05-24T21:47:58.494+0200] {processor.py:178} INFO - Processing /home/choco/.local/lib/python3.10/site-packages/airflow/example_dags/example_branch_datetime_operator.py took 0.116 seconds
[2023-05-24T21:48:51.930+0200] {processor.py:156} INFO - Started process (PID=8170) to work on /home/choco/.local/lib/python3.10/site-packages/airflow/example_dags/example_branch_datetime_operator.py
[2023-05-24T21:48:51.966+0200] {processor.py:799} INFO - Processing file /home/choco/.local/lib/python3.10/site-packages/airflow/example_dags/example_branch_datetime_operator.py for tasks to queue
[2023-05-24T21:48:51.968+0200] {logging_mixin.py:149} INFO - [2023-05-24T21:48:51.967+0200] {dagbag.py:541} INFO - Filling up the DagBag from /home/choco/.local/lib/python3.10/site-packages/airflow/example_dags/example_branch_datetime_operator.py
[2023-05-24T21:48:51.977+0200] {processor.py:809} INFO - DAG(s) dict_keys(['example_branch_datetime_operator', 'example_branch_datetime_operator_2', 'example_branch_datetime_operator_3']) retrieved from /home/choco/.local/lib/python3.10/site-packages/airflow/example_dags/example_branch_datetime_operator.py
[2023-05-24T21:48:52.018+0200] {logging_mixin.py:149} INFO - [2023-05-24T21:48:52.018+0200] {dag.py:2726} INFO - Sync 3 DAGs
[2023-05-24T21:48:52.048+0200] {logging_mixin.py:149} INFO - [2023-05-24T21:48:52.048+0200] {dag.py:3486} INFO - Setting next_dagrun for example_branch_datetime_operator to 2023-05-23T00:00:00+00:00, run_after=2023-05-24T00:00:00+00:00
[2023-05-24T21:48:52.054+0200] {logging_mixin.py:149} INFO - [2023-05-24T21:48:52.054+0200] {dag.py:3486} INFO - Setting next_dagrun for example_branch_datetime_operator_2 to 2023-05-23T00:00:00+00:00, run_after=2023-05-24T00:00:00+00:00
[2023-05-24T21:48:52.058+0200] {logging_mixin.py:149} INFO - [2023-05-24T21:48:52.058+0200] {dag.py:3486} INFO - Setting next_dagrun for example_branch_datetime_operator_3 to 2023-05-23T00:00:00+00:00, run_after=2023-05-24T00:00:00+00:00
[2023-05-24T21:48:52.085+0200] {processor.py:178} INFO - Processing /home/choco/.local/lib/python3.10/site-packages/airflow/example_dags/example_branch_datetime_operator.py took 0.158 seconds
[2023-05-24T21:49:36.345+0200] {processor.py:156} INFO - Started process (PID=8215) to work on /home/choco/.local/lib/python3.10/site-packages/airflow/example_dags/example_branch_datetime_operator.py
[2023-05-24T21:49:36.380+0200] {processor.py:799} INFO - Processing file /home/choco/.local/lib/python3.10/site-packages/airflow/example_dags/example_branch_datetime_operator.py for tasks to queue
[2023-05-24T21:49:36.381+0200] {logging_mixin.py:149} INFO - [2023-05-24T21:49:36.381+0200] {dagbag.py:541} INFO - Filling up the DagBag from /home/choco/.local/lib/python3.10/site-packages/airflow/example_dags/example_branch_datetime_operator.py
[2023-05-24T21:49:36.392+0200] {processor.py:809} INFO - DAG(s) dict_keys(['example_branch_datetime_operator_3', 'example_branch_datetime_operator_2', 'example_branch_datetime_operator']) retrieved from /home/choco/.local/lib/python3.10/site-packages/airflow/example_dags/example_branch_datetime_operator.py
[2023-05-24T21:49:36.423+0200] {logging_mixin.py:149} INFO - [2023-05-24T21:49:36.423+0200] {dag.py:2726} INFO - Sync 3 DAGs
[2023-05-24T21:49:36.441+0200] {logging_mixin.py:149} INFO - [2023-05-24T21:49:36.441+0200] {dag.py:3486} INFO - Setting next_dagrun for example_branch_datetime_operator to 2023-05-23T00:00:00+00:00, run_after=2023-05-24T00:00:00+00:00
[2023-05-24T21:49:36.447+0200] {logging_mixin.py:149} INFO - [2023-05-24T21:49:36.446+0200] {dag.py:3486} INFO - Setting next_dagrun for example_branch_datetime_operator_2 to 2023-05-23T00:00:00+00:00, run_after=2023-05-24T00:00:00+00:00
[2023-05-24T21:49:36.449+0200] {logging_mixin.py:149} INFO - [2023-05-24T21:49:36.449+0200] {dag.py:3486} INFO - Setting next_dagrun for example_branch_datetime_operator_3 to 2023-05-23T00:00:00+00:00, run_after=2023-05-24T00:00:00+00:00
[2023-05-24T21:49:36.475+0200] {processor.py:178} INFO - Processing /home/choco/.local/lib/python3.10/site-packages/airflow/example_dags/example_branch_datetime_operator.py took 0.133 seconds
[2023-05-24T21:50:21.692+0200] {processor.py:156} INFO - Started process (PID=8261) to work on /home/choco/.local/lib/python3.10/site-packages/airflow/example_dags/example_branch_datetime_operator.py
[2023-05-24T21:50:21.693+0200] {processor.py:799} INFO - Processing file /home/choco/.local/lib/python3.10/site-packages/airflow/example_dags/example_branch_datetime_operator.py for tasks to queue
[2023-05-24T21:50:21.693+0200] {logging_mixin.py:149} INFO - [2023-05-24T21:50:21.693+0200] {dagbag.py:541} INFO - Filling up the DagBag from /home/choco/.local/lib/python3.10/site-packages/airflow/example_dags/example_branch_datetime_operator.py
[2023-05-24T21:50:21.701+0200] {processor.py:809} INFO - DAG(s) dict_keys(['example_branch_datetime_operator_2', 'example_branch_datetime_operator', 'example_branch_datetime_operator_3']) retrieved from /home/choco/.local/lib/python3.10/site-packages/airflow/example_dags/example_branch_datetime_operator.py
[2023-05-24T21:50:21.724+0200] {logging_mixin.py:149} INFO - [2023-05-24T21:50:21.724+0200] {dag.py:2726} INFO - Sync 3 DAGs
[2023-05-24T21:50:21.746+0200] {logging_mixin.py:149} INFO - [2023-05-24T21:50:21.746+0200] {dag.py:3486} INFO - Setting next_dagrun for example_branch_datetime_operator to 2023-05-23T00:00:00+00:00, run_after=2023-05-24T00:00:00+00:00
[2023-05-24T21:50:21.749+0200] {logging_mixin.py:149} INFO - [2023-05-24T21:50:21.749+0200] {dag.py:3486} INFO - Setting next_dagrun for example_branch_datetime_operator_2 to 2023-05-23T00:00:00+00:00, run_after=2023-05-24T00:00:00+00:00
[2023-05-24T21:50:21.752+0200] {logging_mixin.py:149} INFO - [2023-05-24T21:50:21.751+0200] {dag.py:3486} INFO - Setting next_dagrun for example_branch_datetime_operator_3 to 2023-05-23T00:00:00+00:00, run_after=2023-05-24T00:00:00+00:00
[2023-05-24T21:50:21.776+0200] {processor.py:178} INFO - Processing /home/choco/.local/lib/python3.10/site-packages/airflow/example_dags/example_branch_datetime_operator.py took 0.087 seconds
[2023-05-24T21:51:09.753+0200] {processor.py:156} INFO - Started process (PID=8309) to work on /home/choco/.local/lib/python3.10/site-packages/airflow/example_dags/example_branch_datetime_operator.py
[2023-05-24T21:51:09.754+0200] {processor.py:799} INFO - Processing file /home/choco/.local/lib/python3.10/site-packages/airflow/example_dags/example_branch_datetime_operator.py for tasks to queue
[2023-05-24T21:51:09.755+0200] {logging_mixin.py:149} INFO - [2023-05-24T21:51:09.755+0200] {dagbag.py:541} INFO - Filling up the DagBag from /home/choco/.local/lib/python3.10/site-packages/airflow/example_dags/example_branch_datetime_operator.py
[2023-05-24T21:51:09.764+0200] {processor.py:809} INFO - DAG(s) dict_keys(['example_branch_datetime_operator_3', 'example_branch_datetime_operator_2', 'example_branch_datetime_operator']) retrieved from /home/choco/.local/lib/python3.10/site-packages/airflow/example_dags/example_branch_datetime_operator.py
[2023-05-24T21:51:09.793+0200] {logging_mixin.py:149} INFO - [2023-05-24T21:51:09.793+0200] {dag.py:2726} INFO - Sync 3 DAGs
[2023-05-24T21:51:09.814+0200] {logging_mixin.py:149} INFO - [2023-05-24T21:51:09.813+0200] {dag.py:3486} INFO - Setting next_dagrun for example_branch_datetime_operator to 2023-05-23T00:00:00+00:00, run_after=2023-05-24T00:00:00+00:00
[2023-05-24T21:51:09.817+0200] {logging_mixin.py:149} INFO - [2023-05-24T21:51:09.817+0200] {dag.py:3486} INFO - Setting next_dagrun for example_branch_datetime_operator_2 to 2023-05-23T00:00:00+00:00, run_after=2023-05-24T00:00:00+00:00
[2023-05-24T21:51:09.819+0200] {logging_mixin.py:149} INFO - [2023-05-24T21:51:09.819+0200] {dag.py:3486} INFO - Setting next_dagrun for example_branch_datetime_operator_3 to 2023-05-23T00:00:00+00:00, run_after=2023-05-24T00:00:00+00:00
[2023-05-24T21:51:09.840+0200] {processor.py:178} INFO - Processing /home/choco/.local/lib/python3.10/site-packages/airflow/example_dags/example_branch_datetime_operator.py took 0.089 seconds
