[2023-05-24T18:45:51.321+0200] {processor.py:156} INFO - Started process (PID=7925) to work on /home/choco/.local/lib/python3.10/site-packages/airflow/example_dags/example_branch_python_dop_operator_3.py
[2023-05-24T18:45:51.323+0200] {processor.py:799} INFO - Processing file /home/choco/.local/lib/python3.10/site-packages/airflow/example_dags/example_branch_python_dop_operator_3.py for tasks to queue
[2023-05-24T18:45:51.324+0200] {logging_mixin.py:149} INFO - [2023-05-24T18:45:51.324+0200] {dagbag.py:541} INFO - Filling up the DagBag from /home/choco/.local/lib/python3.10/site-packages/airflow/example_dags/example_branch_python_dop_operator_3.py
[2023-05-24T18:45:51.338+0200] {processor.py:809} INFO - DAG(s) dict_keys(['example_branch_dop_operator_v3']) retrieved from /home/choco/.local/lib/python3.10/site-packages/airflow/example_dags/example_branch_python_dop_operator_3.py
[2023-05-24T18:45:51.526+0200] {logging_mixin.py:149} INFO - [2023-05-24T18:45:51.525+0200] {manager.py:504} INFO - Created Permission View: can edit on DAG:example_branch_dop_operator_v3
[2023-05-24T18:45:51.554+0200] {logging_mixin.py:149} INFO - [2023-05-24T18:45:51.554+0200] {manager.py:504} INFO - Created Permission View: can read on DAG:example_branch_dop_operator_v3
[2023-05-24T18:45:51.578+0200] {logging_mixin.py:149} INFO - [2023-05-24T18:45:51.577+0200] {manager.py:504} INFO - Created Permission View: can delete on DAG:example_branch_dop_operator_v3
[2023-05-24T18:45:51.579+0200] {logging_mixin.py:149} INFO - [2023-05-24T18:45:51.579+0200] {dag.py:2726} INFO - Sync 1 DAGs
[2023-05-24T18:45:51.791+0200] {logging_mixin.py:149} INFO - [2023-05-24T18:45:51.791+0200] {dag.py:2747} INFO - Creating ORM DAG for example_branch_dop_operator_v3
[2023-05-24T18:45:51.810+0200] {logging_mixin.py:149} INFO - [2023-05-24T18:45:51.810+0200] {dag.py:3486} INFO - Setting next_dagrun for example_branch_dop_operator_v3 to 2023-05-24T16:44:00+00:00, run_after=2023-05-24T16:45:00+00:00
[2023-05-24T18:45:51.890+0200] {processor.py:178} INFO - Processing /home/choco/.local/lib/python3.10/site-packages/airflow/example_dags/example_branch_python_dop_operator_3.py took 0.573 seconds
[2023-05-24T18:46:45.265+0200] {processor.py:156} INFO - Started process (PID=7970) to work on /home/choco/.local/lib/python3.10/site-packages/airflow/example_dags/example_branch_python_dop_operator_3.py
[2023-05-24T18:46:45.302+0200] {processor.py:799} INFO - Processing file /home/choco/.local/lib/python3.10/site-packages/airflow/example_dags/example_branch_python_dop_operator_3.py for tasks to queue
[2023-05-24T18:46:45.303+0200] {logging_mixin.py:149} INFO - [2023-05-24T18:46:45.303+0200] {dagbag.py:541} INFO - Filling up the DagBag from /home/choco/.local/lib/python3.10/site-packages/airflow/example_dags/example_branch_python_dop_operator_3.py
[2023-05-24T18:46:45.317+0200] {processor.py:809} INFO - DAG(s) dict_keys(['example_branch_dop_operator_v3']) retrieved from /home/choco/.local/lib/python3.10/site-packages/airflow/example_dags/example_branch_python_dop_operator_3.py
[2023-05-24T18:46:45.347+0200] {logging_mixin.py:149} INFO - [2023-05-24T18:46:45.347+0200] {dag.py:2726} INFO - Sync 1 DAGs
[2023-05-24T18:46:45.376+0200] {logging_mixin.py:149} INFO - [2023-05-24T18:46:45.375+0200] {dag.py:3486} INFO - Setting next_dagrun for example_branch_dop_operator_v3 to 2023-05-24T16:45:00+00:00, run_after=2023-05-24T16:46:00+00:00
[2023-05-24T18:46:45.413+0200] {processor.py:178} INFO - Processing /home/choco/.local/lib/python3.10/site-packages/airflow/example_dags/example_branch_python_dop_operator_3.py took 0.153 seconds
[2023-05-24T18:47:40.676+0200] {processor.py:156} INFO - Started process (PID=8017) to work on /home/choco/.local/lib/python3.10/site-packages/airflow/example_dags/example_branch_python_dop_operator_3.py
[2023-05-24T18:47:40.713+0200] {processor.py:799} INFO - Processing file /home/choco/.local/lib/python3.10/site-packages/airflow/example_dags/example_branch_python_dop_operator_3.py for tasks to queue
[2023-05-24T18:47:40.714+0200] {logging_mixin.py:149} INFO - [2023-05-24T18:47:40.714+0200] {dagbag.py:541} INFO - Filling up the DagBag from /home/choco/.local/lib/python3.10/site-packages/airflow/example_dags/example_branch_python_dop_operator_3.py
[2023-05-24T18:47:40.729+0200] {processor.py:809} INFO - DAG(s) dict_keys(['example_branch_dop_operator_v3']) retrieved from /home/choco/.local/lib/python3.10/site-packages/airflow/example_dags/example_branch_python_dop_operator_3.py
[2023-05-24T18:47:40.767+0200] {logging_mixin.py:149} INFO - [2023-05-24T18:47:40.767+0200] {dag.py:2726} INFO - Sync 1 DAGs
[2023-05-24T18:47:41.001+0200] {logging_mixin.py:149} INFO - [2023-05-24T18:47:41.001+0200] {dag.py:3486} INFO - Setting next_dagrun for example_branch_dop_operator_v3 to 2023-05-24T16:46:00+00:00, run_after=2023-05-24T16:47:00+00:00
[2023-05-24T18:47:41.068+0200] {processor.py:178} INFO - Processing /home/choco/.local/lib/python3.10/site-packages/airflow/example_dags/example_branch_python_dop_operator_3.py took 0.397 seconds
[2023-05-24T21:47:27.265+0200] {processor.py:156} INFO - Started process (PID=8089) to work on /home/choco/.local/lib/python3.10/site-packages/airflow/example_dags/example_branch_python_dop_operator_3.py
[2023-05-24T21:47:27.300+0200] {processor.py:799} INFO - Processing file /home/choco/.local/lib/python3.10/site-packages/airflow/example_dags/example_branch_python_dop_operator_3.py for tasks to queue
[2023-05-24T21:47:27.300+0200] {logging_mixin.py:149} INFO - [2023-05-24T21:47:27.300+0200] {dagbag.py:541} INFO - Filling up the DagBag from /home/choco/.local/lib/python3.10/site-packages/airflow/example_dags/example_branch_python_dop_operator_3.py
[2023-05-24T21:47:27.308+0200] {processor.py:809} INFO - DAG(s) dict_keys(['example_branch_dop_operator_v3']) retrieved from /home/choco/.local/lib/python3.10/site-packages/airflow/example_dags/example_branch_python_dop_operator_3.py
[2023-05-24T21:47:27.327+0200] {logging_mixin.py:149} INFO - [2023-05-24T21:47:27.327+0200] {dag.py:2726} INFO - Sync 1 DAGs
[2023-05-24T21:47:27.353+0200] {logging_mixin.py:149} INFO - [2023-05-24T21:47:27.352+0200] {dag.py:3486} INFO - Setting next_dagrun for example_branch_dop_operator_v3 to 2023-05-24T19:46:00+00:00, run_after=2023-05-24T19:47:00+00:00
[2023-05-24T21:47:27.379+0200] {processor.py:178} INFO - Processing /home/choco/.local/lib/python3.10/site-packages/airflow/example_dags/example_branch_python_dop_operator_3.py took 0.117 seconds
[2023-05-24T21:48:16.415+0200] {processor.py:156} INFO - Started process (PID=8139) to work on /home/choco/.local/lib/python3.10/site-packages/airflow/example_dags/example_branch_python_dop_operator_3.py
[2023-05-24T21:48:16.418+0200] {processor.py:799} INFO - Processing file /home/choco/.local/lib/python3.10/site-packages/airflow/example_dags/example_branch_python_dop_operator_3.py for tasks to queue
[2023-05-24T21:48:16.420+0200] {logging_mixin.py:149} INFO - [2023-05-24T21:48:16.420+0200] {dagbag.py:541} INFO - Filling up the DagBag from /home/choco/.local/lib/python3.10/site-packages/airflow/example_dags/example_branch_python_dop_operator_3.py
[2023-05-24T21:48:16.435+0200] {processor.py:809} INFO - DAG(s) dict_keys(['example_branch_dop_operator_v3']) retrieved from /home/choco/.local/lib/python3.10/site-packages/airflow/example_dags/example_branch_python_dop_operator_3.py
[2023-05-24T21:48:16.475+0200] {logging_mixin.py:149} INFO - [2023-05-24T21:48:16.474+0200] {dag.py:2726} INFO - Sync 1 DAGs
[2023-05-24T21:48:16.524+0200] {logging_mixin.py:149} INFO - [2023-05-24T21:48:16.524+0200] {dag.py:3486} INFO - Setting next_dagrun for example_branch_dop_operator_v3 to 2023-05-24T19:47:00+00:00, run_after=2023-05-24T19:48:00+00:00
[2023-05-24T21:48:16.579+0200] {processor.py:178} INFO - Processing /home/choco/.local/lib/python3.10/site-packages/airflow/example_dags/example_branch_python_dop_operator_3.py took 0.170 seconds
[2023-05-24T21:49:06.530+0200] {processor.py:156} INFO - Started process (PID=8184) to work on /home/choco/.local/lib/python3.10/site-packages/airflow/example_dags/example_branch_python_dop_operator_3.py
[2023-05-24T21:49:06.532+0200] {processor.py:799} INFO - Processing file /home/choco/.local/lib/python3.10/site-packages/airflow/example_dags/example_branch_python_dop_operator_3.py for tasks to queue
[2023-05-24T21:49:06.533+0200] {logging_mixin.py:149} INFO - [2023-05-24T21:49:06.533+0200] {dagbag.py:541} INFO - Filling up the DagBag from /home/choco/.local/lib/python3.10/site-packages/airflow/example_dags/example_branch_python_dop_operator_3.py
[2023-05-24T21:49:06.540+0200] {processor.py:809} INFO - DAG(s) dict_keys(['example_branch_dop_operator_v3']) retrieved from /home/choco/.local/lib/python3.10/site-packages/airflow/example_dags/example_branch_python_dop_operator_3.py
[2023-05-24T21:49:06.557+0200] {logging_mixin.py:149} INFO - [2023-05-24T21:49:06.557+0200] {dag.py:2726} INFO - Sync 1 DAGs
[2023-05-24T21:49:06.578+0200] {logging_mixin.py:149} INFO - [2023-05-24T21:49:06.577+0200] {dag.py:3486} INFO - Setting next_dagrun for example_branch_dop_operator_v3 to 2023-05-24T19:48:00+00:00, run_after=2023-05-24T19:49:00+00:00
[2023-05-24T21:49:06.605+0200] {processor.py:178} INFO - Processing /home/choco/.local/lib/python3.10/site-packages/airflow/example_dags/example_branch_python_dop_operator_3.py took 0.076 seconds
[2023-05-24T21:49:58.423+0200] {processor.py:156} INFO - Started process (PID=8237) to work on /home/choco/.local/lib/python3.10/site-packages/airflow/example_dags/example_branch_python_dop_operator_3.py
[2023-05-24T21:49:58.426+0200] {processor.py:799} INFO - Processing file /home/choco/.local/lib/python3.10/site-packages/airflow/example_dags/example_branch_python_dop_operator_3.py for tasks to queue
[2023-05-24T21:49:58.427+0200] {logging_mixin.py:149} INFO - [2023-05-24T21:49:58.426+0200] {dagbag.py:541} INFO - Filling up the DagBag from /home/choco/.local/lib/python3.10/site-packages/airflow/example_dags/example_branch_python_dop_operator_3.py
[2023-05-24T21:49:58.432+0200] {processor.py:809} INFO - DAG(s) dict_keys(['example_branch_dop_operator_v3']) retrieved from /home/choco/.local/lib/python3.10/site-packages/airflow/example_dags/example_branch_python_dop_operator_3.py
[2023-05-24T21:49:58.450+0200] {logging_mixin.py:149} INFO - [2023-05-24T21:49:58.449+0200] {dag.py:2726} INFO - Sync 1 DAGs
[2023-05-24T21:49:58.469+0200] {logging_mixin.py:149} INFO - [2023-05-24T21:49:58.469+0200] {dag.py:3486} INFO - Setting next_dagrun for example_branch_dop_operator_v3 to 2023-05-24T19:48:00+00:00, run_after=2023-05-24T19:49:00+00:00
[2023-05-24T21:49:58.487+0200] {processor.py:178} INFO - Processing /home/choco/.local/lib/python3.10/site-packages/airflow/example_dags/example_branch_python_dop_operator_3.py took 0.066 seconds
[2023-05-24T21:50:49.893+0200] {processor.py:156} INFO - Started process (PID=8290) to work on /home/choco/.local/lib/python3.10/site-packages/airflow/example_dags/example_branch_python_dop_operator_3.py
[2023-05-24T21:50:49.894+0200] {processor.py:799} INFO - Processing file /home/choco/.local/lib/python3.10/site-packages/airflow/example_dags/example_branch_python_dop_operator_3.py for tasks to queue
[2023-05-24T21:50:49.895+0200] {logging_mixin.py:149} INFO - [2023-05-24T21:50:49.895+0200] {dagbag.py:541} INFO - Filling up the DagBag from /home/choco/.local/lib/python3.10/site-packages/airflow/example_dags/example_branch_python_dop_operator_3.py
[2023-05-24T21:50:49.901+0200] {processor.py:809} INFO - DAG(s) dict_keys(['example_branch_dop_operator_v3']) retrieved from /home/choco/.local/lib/python3.10/site-packages/airflow/example_dags/example_branch_python_dop_operator_3.py
[2023-05-24T21:50:49.918+0200] {logging_mixin.py:149} INFO - [2023-05-24T21:50:49.918+0200] {dag.py:2726} INFO - Sync 1 DAGs
[2023-05-24T21:50:49.940+0200] {logging_mixin.py:149} INFO - [2023-05-24T21:50:49.940+0200] {dag.py:3486} INFO - Setting next_dagrun for example_branch_dop_operator_v3 to 2023-05-24T19:49:00+00:00, run_after=2023-05-24T19:50:00+00:00
[2023-05-24T21:50:49.964+0200] {processor.py:178} INFO - Processing /home/choco/.local/lib/python3.10/site-packages/airflow/example_dags/example_branch_python_dop_operator_3.py took 0.074 seconds
