[2023-05-24T18:45:34.207+0200] {processor.py:156} INFO - Started process (PID=7911) to work on /home/choco/.local/lib/python3.10/site-packages/airflow/example_dags/example_branch_day_of_week_operator.py
[2023-05-24T18:45:34.209+0200] {processor.py:799} INFO - Processing file /home/choco/.local/lib/python3.10/site-packages/airflow/example_dags/example_branch_day_of_week_operator.py for tasks to queue
[2023-05-24T18:45:34.210+0200] {logging_mixin.py:149} INFO - [2023-05-24T18:45:34.209+0200] {dagbag.py:541} INFO - Filling up the DagBag from /home/choco/.local/lib/python3.10/site-packages/airflow/example_dags/example_branch_day_of_week_operator.py
[2023-05-24T18:45:34.219+0200] {processor.py:809} INFO - DAG(s) dict_keys(['example_weekday_branch_operator']) retrieved from /home/choco/.local/lib/python3.10/site-packages/airflow/example_dags/example_branch_day_of_week_operator.py
[2023-05-24T18:45:34.426+0200] {logging_mixin.py:149} INFO - [2023-05-24T18:45:34.426+0200] {manager.py:504} INFO - Created Permission View: can edit on DAG:example_weekday_branch_operator
[2023-05-24T18:45:34.445+0200] {logging_mixin.py:149} INFO - [2023-05-24T18:45:34.444+0200] {manager.py:504} INFO - Created Permission View: can read on DAG:example_weekday_branch_operator
[2023-05-24T18:45:34.459+0200] {logging_mixin.py:149} INFO - [2023-05-24T18:45:34.458+0200] {manager.py:504} INFO - Created Permission View: can delete on DAG:example_weekday_branch_operator
[2023-05-24T18:45:34.459+0200] {logging_mixin.py:149} INFO - [2023-05-24T18:45:34.459+0200] {dag.py:2726} INFO - Sync 1 DAGs
[2023-05-24T18:45:34.474+0200] {logging_mixin.py:149} INFO - [2023-05-24T18:45:34.473+0200] {dag.py:2747} INFO - Creating ORM DAG for example_weekday_branch_operator
[2023-05-24T18:45:34.680+0200] {logging_mixin.py:149} INFO - [2023-05-24T18:45:34.680+0200] {dag.py:3486} INFO - Setting next_dagrun for example_weekday_branch_operator to 2023-05-23T00:00:00+00:00, run_after=2023-05-24T00:00:00+00:00
[2023-05-24T18:45:34.746+0200] {processor.py:178} INFO - Processing /home/choco/.local/lib/python3.10/site-packages/airflow/example_dags/example_branch_day_of_week_operator.py took 0.543 seconds
[2023-05-24T18:46:32.073+0200] {processor.py:156} INFO - Started process (PID=7958) to work on /home/choco/.local/lib/python3.10/site-packages/airflow/example_dags/example_branch_day_of_week_operator.py
[2023-05-24T18:46:32.111+0200] {processor.py:799} INFO - Processing file /home/choco/.local/lib/python3.10/site-packages/airflow/example_dags/example_branch_day_of_week_operator.py for tasks to queue
[2023-05-24T18:46:32.113+0200] {logging_mixin.py:149} INFO - [2023-05-24T18:46:32.112+0200] {dagbag.py:541} INFO - Filling up the DagBag from /home/choco/.local/lib/python3.10/site-packages/airflow/example_dags/example_branch_day_of_week_operator.py
[2023-05-24T18:46:32.140+0200] {processor.py:809} INFO - DAG(s) dict_keys(['example_weekday_branch_operator']) retrieved from /home/choco/.local/lib/python3.10/site-packages/airflow/example_dags/example_branch_day_of_week_operator.py
[2023-05-24T18:46:32.186+0200] {logging_mixin.py:149} INFO - [2023-05-24T18:46:32.185+0200] {dag.py:2726} INFO - Sync 1 DAGs
[2023-05-24T18:46:32.222+0200] {logging_mixin.py:149} INFO - [2023-05-24T18:46:32.222+0200] {dag.py:3486} INFO - Setting next_dagrun for example_weekday_branch_operator to 2023-05-23T00:00:00+00:00, run_after=2023-05-24T00:00:00+00:00
[2023-05-24T18:46:32.302+0200] {processor.py:178} INFO - Processing /home/choco/.local/lib/python3.10/site-packages/airflow/example_dags/example_branch_day_of_week_operator.py took 0.237 seconds
[2023-05-24T18:47:26.080+0200] {processor.py:156} INFO - Started process (PID=8005) to work on /home/choco/.local/lib/python3.10/site-packages/airflow/example_dags/example_branch_day_of_week_operator.py
[2023-05-24T18:47:26.117+0200] {processor.py:799} INFO - Processing file /home/choco/.local/lib/python3.10/site-packages/airflow/example_dags/example_branch_day_of_week_operator.py for tasks to queue
[2023-05-24T18:47:26.118+0200] {logging_mixin.py:149} INFO - [2023-05-24T18:47:26.118+0200] {dagbag.py:541} INFO - Filling up the DagBag from /home/choco/.local/lib/python3.10/site-packages/airflow/example_dags/example_branch_day_of_week_operator.py
[2023-05-24T18:47:26.132+0200] {processor.py:809} INFO - DAG(s) dict_keys(['example_weekday_branch_operator']) retrieved from /home/choco/.local/lib/python3.10/site-packages/airflow/example_dags/example_branch_day_of_week_operator.py
[2023-05-24T18:47:26.159+0200] {logging_mixin.py:149} INFO - [2023-05-24T18:47:26.158+0200] {dag.py:2726} INFO - Sync 1 DAGs
[2023-05-24T18:47:26.381+0200] {logging_mixin.py:149} INFO - [2023-05-24T18:47:26.380+0200] {dag.py:3486} INFO - Setting next_dagrun for example_weekday_branch_operator to 2023-05-23T00:00:00+00:00, run_after=2023-05-24T00:00:00+00:00
[2023-05-24T18:47:26.448+0200] {processor.py:178} INFO - Processing /home/choco/.local/lib/python3.10/site-packages/airflow/example_dags/example_branch_day_of_week_operator.py took 0.373 seconds
[2023-05-24T21:47:13.114+0200] {processor.py:156} INFO - Started process (PID=8077) to work on /home/choco/.local/lib/python3.10/site-packages/airflow/example_dags/example_branch_day_of_week_operator.py
[2023-05-24T21:47:13.115+0200] {processor.py:799} INFO - Processing file /home/choco/.local/lib/python3.10/site-packages/airflow/example_dags/example_branch_day_of_week_operator.py for tasks to queue
[2023-05-24T21:47:13.116+0200] {logging_mixin.py:149} INFO - [2023-05-24T21:47:13.116+0200] {dagbag.py:541} INFO - Filling up the DagBag from /home/choco/.local/lib/python3.10/site-packages/airflow/example_dags/example_branch_day_of_week_operator.py
[2023-05-24T21:47:13.121+0200] {processor.py:809} INFO - DAG(s) dict_keys(['example_weekday_branch_operator']) retrieved from /home/choco/.local/lib/python3.10/site-packages/airflow/example_dags/example_branch_day_of_week_operator.py
[2023-05-24T21:47:13.215+0200] {logging_mixin.py:149} INFO - [2023-05-24T21:47:13.215+0200] {dag.py:2726} INFO - Sync 1 DAGs
[2023-05-24T21:47:13.231+0200] {logging_mixin.py:149} INFO - [2023-05-24T21:47:13.231+0200] {dag.py:3486} INFO - Setting next_dagrun for example_weekday_branch_operator to 2023-05-23T00:00:00+00:00, run_after=2023-05-24T00:00:00+00:00
[2023-05-24T21:47:13.251+0200] {processor.py:178} INFO - Processing /home/choco/.local/lib/python3.10/site-packages/airflow/example_dags/example_branch_day_of_week_operator.py took 0.139 seconds
[2023-05-24T21:48:00.783+0200] {processor.py:156} INFO - Started process (PID=8124) to work on /home/choco/.local/lib/python3.10/site-packages/airflow/example_dags/example_branch_day_of_week_operator.py
[2023-05-24T21:48:00.785+0200] {processor.py:799} INFO - Processing file /home/choco/.local/lib/python3.10/site-packages/airflow/example_dags/example_branch_day_of_week_operator.py for tasks to queue
[2023-05-24T21:48:00.786+0200] {logging_mixin.py:149} INFO - [2023-05-24T21:48:00.786+0200] {dagbag.py:541} INFO - Filling up the DagBag from /home/choco/.local/lib/python3.10/site-packages/airflow/example_dags/example_branch_day_of_week_operator.py
[2023-05-24T21:48:00.796+0200] {processor.py:809} INFO - DAG(s) dict_keys(['example_weekday_branch_operator']) retrieved from /home/choco/.local/lib/python3.10/site-packages/airflow/example_dags/example_branch_day_of_week_operator.py
[2023-05-24T21:48:00.821+0200] {logging_mixin.py:149} INFO - [2023-05-24T21:48:00.821+0200] {dag.py:2726} INFO - Sync 1 DAGs
[2023-05-24T21:48:00.847+0200] {logging_mixin.py:149} INFO - [2023-05-24T21:48:00.847+0200] {dag.py:3486} INFO - Setting next_dagrun for example_weekday_branch_operator to 2023-05-23T00:00:00+00:00, run_after=2023-05-24T00:00:00+00:00
[2023-05-24T21:48:00.877+0200] {processor.py:178} INFO - Processing /home/choco/.local/lib/python3.10/site-packages/airflow/example_dags/example_branch_day_of_week_operator.py took 0.097 seconds
[2023-05-24T21:48:54.575+0200] {processor.py:156} INFO - Started process (PID=8172) to work on /home/choco/.local/lib/python3.10/site-packages/airflow/example_dags/example_branch_day_of_week_operator.py
[2023-05-24T21:48:54.612+0200] {processor.py:799} INFO - Processing file /home/choco/.local/lib/python3.10/site-packages/airflow/example_dags/example_branch_day_of_week_operator.py for tasks to queue
[2023-05-24T21:48:54.614+0200] {logging_mixin.py:149} INFO - [2023-05-24T21:48:54.614+0200] {dagbag.py:541} INFO - Filling up the DagBag from /home/choco/.local/lib/python3.10/site-packages/airflow/example_dags/example_branch_day_of_week_operator.py
[2023-05-24T21:48:54.630+0200] {processor.py:809} INFO - DAG(s) dict_keys(['example_weekday_branch_operator']) retrieved from /home/choco/.local/lib/python3.10/site-packages/airflow/example_dags/example_branch_day_of_week_operator.py
[2023-05-24T21:48:54.662+0200] {logging_mixin.py:149} INFO - [2023-05-24T21:48:54.662+0200] {dag.py:2726} INFO - Sync 1 DAGs
[2023-05-24T21:48:54.700+0200] {logging_mixin.py:149} INFO - [2023-05-24T21:48:54.699+0200] {dag.py:3486} INFO - Setting next_dagrun for example_weekday_branch_operator to 2023-05-23T00:00:00+00:00, run_after=2023-05-24T00:00:00+00:00
[2023-05-24T21:48:54.795+0200] {processor.py:178} INFO - Processing /home/choco/.local/lib/python3.10/site-packages/airflow/example_dags/example_branch_day_of_week_operator.py took 0.227 seconds
[2023-05-24T21:49:38.851+0200] {processor.py:156} INFO - Started process (PID=8217) to work on /home/choco/.local/lib/python3.10/site-packages/airflow/example_dags/example_branch_day_of_week_operator.py
[2023-05-24T21:49:38.852+0200] {processor.py:799} INFO - Processing file /home/choco/.local/lib/python3.10/site-packages/airflow/example_dags/example_branch_day_of_week_operator.py for tasks to queue
[2023-05-24T21:49:38.853+0200] {logging_mixin.py:149} INFO - [2023-05-24T21:49:38.853+0200] {dagbag.py:541} INFO - Filling up the DagBag from /home/choco/.local/lib/python3.10/site-packages/airflow/example_dags/example_branch_day_of_week_operator.py
[2023-05-24T21:49:38.858+0200] {processor.py:809} INFO - DAG(s) dict_keys(['example_weekday_branch_operator']) retrieved from /home/choco/.local/lib/python3.10/site-packages/airflow/example_dags/example_branch_day_of_week_operator.py
[2023-05-24T21:49:38.879+0200] {logging_mixin.py:149} INFO - [2023-05-24T21:49:38.879+0200] {dag.py:2726} INFO - Sync 1 DAGs
[2023-05-24T21:49:38.904+0200] {logging_mixin.py:149} INFO - [2023-05-24T21:49:38.903+0200] {dag.py:3486} INFO - Setting next_dagrun for example_weekday_branch_operator to 2023-05-23T00:00:00+00:00, run_after=2023-05-24T00:00:00+00:00
[2023-05-24T21:49:38.929+0200] {processor.py:178} INFO - Processing /home/choco/.local/lib/python3.10/site-packages/airflow/example_dags/example_branch_day_of_week_operator.py took 0.081 seconds
[2023-05-24T21:50:23.093+0200] {processor.py:156} INFO - Started process (PID=8263) to work on /home/choco/.local/lib/python3.10/site-packages/airflow/example_dags/example_branch_day_of_week_operator.py
[2023-05-24T21:50:23.094+0200] {processor.py:799} INFO - Processing file /home/choco/.local/lib/python3.10/site-packages/airflow/example_dags/example_branch_day_of_week_operator.py for tasks to queue
[2023-05-24T21:50:23.094+0200] {logging_mixin.py:149} INFO - [2023-05-24T21:50:23.094+0200] {dagbag.py:541} INFO - Filling up the DagBag from /home/choco/.local/lib/python3.10/site-packages/airflow/example_dags/example_branch_day_of_week_operator.py
[2023-05-24T21:50:23.100+0200] {processor.py:809} INFO - DAG(s) dict_keys(['example_weekday_branch_operator']) retrieved from /home/choco/.local/lib/python3.10/site-packages/airflow/example_dags/example_branch_day_of_week_operator.py
[2023-05-24T21:50:23.115+0200] {logging_mixin.py:149} INFO - [2023-05-24T21:50:23.115+0200] {dag.py:2726} INFO - Sync 1 DAGs
[2023-05-24T21:50:23.132+0200] {logging_mixin.py:149} INFO - [2023-05-24T21:50:23.131+0200] {dag.py:3486} INFO - Setting next_dagrun for example_weekday_branch_operator to 2023-05-23T00:00:00+00:00, run_after=2023-05-24T00:00:00+00:00
[2023-05-24T21:50:23.155+0200] {processor.py:178} INFO - Processing /home/choco/.local/lib/python3.10/site-packages/airflow/example_dags/example_branch_day_of_week_operator.py took 0.064 seconds
[2023-05-24T21:51:11.422+0200] {processor.py:156} INFO - Started process (PID=8311) to work on /home/choco/.local/lib/python3.10/site-packages/airflow/example_dags/example_branch_day_of_week_operator.py
[2023-05-24T21:51:11.423+0200] {processor.py:799} INFO - Processing file /home/choco/.local/lib/python3.10/site-packages/airflow/example_dags/example_branch_day_of_week_operator.py for tasks to queue
[2023-05-24T21:51:11.424+0200] {logging_mixin.py:149} INFO - [2023-05-24T21:51:11.424+0200] {dagbag.py:541} INFO - Filling up the DagBag from /home/choco/.local/lib/python3.10/site-packages/airflow/example_dags/example_branch_day_of_week_operator.py
[2023-05-24T21:51:11.429+0200] {processor.py:809} INFO - DAG(s) dict_keys(['example_weekday_branch_operator']) retrieved from /home/choco/.local/lib/python3.10/site-packages/airflow/example_dags/example_branch_day_of_week_operator.py
[2023-05-24T21:51:11.445+0200] {logging_mixin.py:149} INFO - [2023-05-24T21:51:11.445+0200] {dag.py:2726} INFO - Sync 1 DAGs
[2023-05-24T21:51:11.464+0200] {logging_mixin.py:149} INFO - [2023-05-24T21:51:11.463+0200] {dag.py:3486} INFO - Setting next_dagrun for example_weekday_branch_operator to 2023-05-23T00:00:00+00:00, run_after=2023-05-24T00:00:00+00:00
[2023-05-24T21:51:11.487+0200] {processor.py:178} INFO - Processing /home/choco/.local/lib/python3.10/site-packages/airflow/example_dags/example_branch_day_of_week_operator.py took 0.067 seconds
