[2023-05-24T18:45:32.479+0200] {processor.py:156} INFO - Started process (PID=7910) to work on /home/choco/.local/lib/python3.10/site-packages/airflow/example_dags/example_short_circuit_operator.py
[2023-05-24T18:45:32.481+0200] {processor.py:799} INFO - Processing file /home/choco/.local/lib/python3.10/site-packages/airflow/example_dags/example_short_circuit_operator.py for tasks to queue
[2023-05-24T18:45:32.481+0200] {logging_mixin.py:149} INFO - [2023-05-24T18:45:32.481+0200] {dagbag.py:541} INFO - Filling up the DagBag from /home/choco/.local/lib/python3.10/site-packages/airflow/example_dags/example_short_circuit_operator.py
[2023-05-24T18:45:32.491+0200] {processor.py:809} INFO - DAG(s) dict_keys(['example_short_circuit_operator']) retrieved from /home/choco/.local/lib/python3.10/site-packages/airflow/example_dags/example_short_circuit_operator.py
[2023-05-24T18:45:32.682+0200] {logging_mixin.py:149} INFO - [2023-05-24T18:45:32.682+0200] {manager.py:504} INFO - Created Permission View: can edit on DAG:example_short_circuit_operator
[2023-05-24T18:45:32.706+0200] {logging_mixin.py:149} INFO - [2023-05-24T18:45:32.705+0200] {manager.py:504} INFO - Created Permission View: can read on DAG:example_short_circuit_operator
[2023-05-24T18:45:32.728+0200] {logging_mixin.py:149} INFO - [2023-05-24T18:45:32.727+0200] {manager.py:504} INFO - Created Permission View: can delete on DAG:example_short_circuit_operator
[2023-05-24T18:45:32.728+0200] {logging_mixin.py:149} INFO - [2023-05-24T18:45:32.728+0200] {dag.py:2726} INFO - Sync 1 DAGs
[2023-05-24T18:45:32.754+0200] {logging_mixin.py:149} INFO - [2023-05-24T18:45:32.754+0200] {dag.py:2747} INFO - Creating ORM DAG for example_short_circuit_operator
[2023-05-24T18:45:32.959+0200] {logging_mixin.py:149} INFO - [2023-05-24T18:45:32.958+0200] {dag.py:3486} INFO - Setting next_dagrun for example_short_circuit_operator to 2023-05-23T16:45:32.958549+00:00, run_after=2023-05-24T16:45:32.958549+00:00
[2023-05-24T18:45:33.039+0200] {processor.py:178} INFO - Processing /home/choco/.local/lib/python3.10/site-packages/airflow/example_dags/example_short_circuit_operator.py took 0.563 seconds
[2023-05-24T18:46:30.788+0200] {processor.py:156} INFO - Started process (PID=7957) to work on /home/choco/.local/lib/python3.10/site-packages/airflow/example_dags/example_short_circuit_operator.py
[2023-05-24T18:46:30.825+0200] {processor.py:799} INFO - Processing file /home/choco/.local/lib/python3.10/site-packages/airflow/example_dags/example_short_circuit_operator.py for tasks to queue
[2023-05-24T18:46:30.826+0200] {logging_mixin.py:149} INFO - [2023-05-24T18:46:30.826+0200] {dagbag.py:541} INFO - Filling up the DagBag from /home/choco/.local/lib/python3.10/site-packages/airflow/example_dags/example_short_circuit_operator.py
[2023-05-24T18:46:30.842+0200] {processor.py:809} INFO - DAG(s) dict_keys(['example_short_circuit_operator']) retrieved from /home/choco/.local/lib/python3.10/site-packages/airflow/example_dags/example_short_circuit_operator.py
[2023-05-24T18:46:30.882+0200] {logging_mixin.py:149} INFO - [2023-05-24T18:46:30.881+0200] {dag.py:2726} INFO - Sync 1 DAGs
[2023-05-24T18:46:30.911+0200] {logging_mixin.py:149} INFO - [2023-05-24T18:46:30.911+0200] {dag.py:3486} INFO - Setting next_dagrun for example_short_circuit_operator to 2023-05-23T16:46:30.911079+00:00, run_after=2023-05-24T16:46:30.911079+00:00
[2023-05-24T18:46:30.957+0200] {processor.py:178} INFO - Processing /home/choco/.local/lib/python3.10/site-packages/airflow/example_dags/example_short_circuit_operator.py took 0.174 seconds
[2023-05-24T18:47:24.496+0200] {processor.py:156} INFO - Started process (PID=8004) to work on /home/choco/.local/lib/python3.10/site-packages/airflow/example_dags/example_short_circuit_operator.py
[2023-05-24T18:47:24.500+0200] {processor.py:799} INFO - Processing file /home/choco/.local/lib/python3.10/site-packages/airflow/example_dags/example_short_circuit_operator.py for tasks to queue
[2023-05-24T18:47:24.501+0200] {logging_mixin.py:149} INFO - [2023-05-24T18:47:24.501+0200] {dagbag.py:541} INFO - Filling up the DagBag from /home/choco/.local/lib/python3.10/site-packages/airflow/example_dags/example_short_circuit_operator.py
[2023-05-24T18:47:24.515+0200] {processor.py:809} INFO - DAG(s) dict_keys(['example_short_circuit_operator']) retrieved from /home/choco/.local/lib/python3.10/site-packages/airflow/example_dags/example_short_circuit_operator.py
[2023-05-24T18:47:24.576+0200] {logging_mixin.py:149} INFO - [2023-05-24T18:47:24.576+0200] {dag.py:2726} INFO - Sync 1 DAGs
[2023-05-24T18:47:24.850+0200] {logging_mixin.py:149} INFO - [2023-05-24T18:47:24.849+0200] {dag.py:3486} INFO - Setting next_dagrun for example_short_circuit_operator to 2023-05-23T16:47:24.849399+00:00, run_after=2023-05-24T16:47:24.849399+00:00
[2023-05-24T18:47:24.918+0200] {processor.py:178} INFO - Processing /home/choco/.local/lib/python3.10/site-packages/airflow/example_dags/example_short_circuit_operator.py took 0.427 seconds
[2023-05-24T21:47:11.875+0200] {processor.py:156} INFO - Started process (PID=8076) to work on /home/choco/.local/lib/python3.10/site-packages/airflow/example_dags/example_short_circuit_operator.py
[2023-05-24T21:47:11.876+0200] {processor.py:799} INFO - Processing file /home/choco/.local/lib/python3.10/site-packages/airflow/example_dags/example_short_circuit_operator.py for tasks to queue
[2023-05-24T21:47:11.877+0200] {logging_mixin.py:149} INFO - [2023-05-24T21:47:11.877+0200] {dagbag.py:541} INFO - Filling up the DagBag from /home/choco/.local/lib/python3.10/site-packages/airflow/example_dags/example_short_circuit_operator.py
[2023-05-24T21:47:11.968+0200] {processor.py:809} INFO - DAG(s) dict_keys(['example_short_circuit_operator']) retrieved from /home/choco/.local/lib/python3.10/site-packages/airflow/example_dags/example_short_circuit_operator.py
[2023-05-24T21:47:11.983+0200] {logging_mixin.py:149} INFO - [2023-05-24T21:47:11.983+0200] {dag.py:2726} INFO - Sync 1 DAGs
[2023-05-24T21:47:11.998+0200] {logging_mixin.py:149} INFO - [2023-05-24T21:47:11.998+0200] {dag.py:3486} INFO - Setting next_dagrun for example_short_circuit_operator to 2023-05-23T19:47:11.998648+00:00, run_after=2023-05-24T19:47:11.998648+00:00
[2023-05-24T21:47:12.021+0200] {processor.py:178} INFO - Processing /home/choco/.local/lib/python3.10/site-packages/airflow/example_dags/example_short_circuit_operator.py took 0.150 seconds
[2023-05-24T21:47:59.635+0200] {processor.py:156} INFO - Started process (PID=8123) to work on /home/choco/.local/lib/python3.10/site-packages/airflow/example_dags/example_short_circuit_operator.py
[2023-05-24T21:47:59.636+0200] {processor.py:799} INFO - Processing file /home/choco/.local/lib/python3.10/site-packages/airflow/example_dags/example_short_circuit_operator.py for tasks to queue
[2023-05-24T21:47:59.637+0200] {logging_mixin.py:149} INFO - [2023-05-24T21:47:59.637+0200] {dagbag.py:541} INFO - Filling up the DagBag from /home/choco/.local/lib/python3.10/site-packages/airflow/example_dags/example_short_circuit_operator.py
[2023-05-24T21:47:59.645+0200] {processor.py:809} INFO - DAG(s) dict_keys(['example_short_circuit_operator']) retrieved from /home/choco/.local/lib/python3.10/site-packages/airflow/example_dags/example_short_circuit_operator.py
[2023-05-24T21:47:59.669+0200] {logging_mixin.py:149} INFO - [2023-05-24T21:47:59.669+0200] {dag.py:2726} INFO - Sync 1 DAGs
[2023-05-24T21:47:59.691+0200] {logging_mixin.py:149} INFO - [2023-05-24T21:47:59.691+0200] {dag.py:3486} INFO - Setting next_dagrun for example_short_circuit_operator to 2023-05-23T19:47:59.691052+00:00, run_after=2023-05-24T19:47:59.691052+00:00
[2023-05-24T21:47:59.717+0200] {processor.py:178} INFO - Processing /home/choco/.local/lib/python3.10/site-packages/airflow/example_dags/example_short_circuit_operator.py took 0.085 seconds
[2023-05-24T21:48:53.202+0200] {processor.py:156} INFO - Started process (PID=8171) to work on /home/choco/.local/lib/python3.10/site-packages/airflow/example_dags/example_short_circuit_operator.py
[2023-05-24T21:48:53.205+0200] {processor.py:799} INFO - Processing file /home/choco/.local/lib/python3.10/site-packages/airflow/example_dags/example_short_circuit_operator.py for tasks to queue
[2023-05-24T21:48:53.208+0200] {logging_mixin.py:149} INFO - [2023-05-24T21:48:53.207+0200] {dagbag.py:541} INFO - Filling up the DagBag from /home/choco/.local/lib/python3.10/site-packages/airflow/example_dags/example_short_circuit_operator.py
[2023-05-24T21:48:53.227+0200] {processor.py:809} INFO - DAG(s) dict_keys(['example_short_circuit_operator']) retrieved from /home/choco/.local/lib/python3.10/site-packages/airflow/example_dags/example_short_circuit_operator.py
[2023-05-24T21:48:53.276+0200] {logging_mixin.py:149} INFO - [2023-05-24T21:48:53.275+0200] {dag.py:2726} INFO - Sync 1 DAGs
[2023-05-24T21:48:53.322+0200] {logging_mixin.py:149} INFO - [2023-05-24T21:48:53.322+0200] {dag.py:3486} INFO - Setting next_dagrun for example_short_circuit_operator to 2023-05-23T19:48:53.321751+00:00, run_after=2023-05-24T19:48:53.321751+00:00
[2023-05-24T21:48:53.418+0200] {processor.py:178} INFO - Processing /home/choco/.local/lib/python3.10/site-packages/airflow/example_dags/example_short_circuit_operator.py took 0.222 seconds
[2023-05-24T21:49:37.609+0200] {processor.py:156} INFO - Started process (PID=8216) to work on /home/choco/.local/lib/python3.10/site-packages/airflow/example_dags/example_short_circuit_operator.py
[2023-05-24T21:49:37.647+0200] {processor.py:799} INFO - Processing file /home/choco/.local/lib/python3.10/site-packages/airflow/example_dags/example_short_circuit_operator.py for tasks to queue
[2023-05-24T21:49:37.649+0200] {logging_mixin.py:149} INFO - [2023-05-24T21:49:37.648+0200] {dagbag.py:541} INFO - Filling up the DagBag from /home/choco/.local/lib/python3.10/site-packages/airflow/example_dags/example_short_circuit_operator.py
[2023-05-24T21:49:37.658+0200] {processor.py:809} INFO - DAG(s) dict_keys(['example_short_circuit_operator']) retrieved from /home/choco/.local/lib/python3.10/site-packages/airflow/example_dags/example_short_circuit_operator.py
[2023-05-24T21:49:37.686+0200] {logging_mixin.py:149} INFO - [2023-05-24T21:49:37.685+0200] {dag.py:2726} INFO - Sync 1 DAGs
[2023-05-24T21:49:37.710+0200] {logging_mixin.py:149} INFO - [2023-05-24T21:49:37.710+0200] {dag.py:3486} INFO - Setting next_dagrun for example_short_circuit_operator to 2023-05-23T19:49:37.710599+00:00, run_after=2023-05-24T19:49:37.710599+00:00
[2023-05-24T21:49:37.731+0200] {processor.py:178} INFO - Processing /home/choco/.local/lib/python3.10/site-packages/airflow/example_dags/example_short_circuit_operator.py took 0.124 seconds
[2023-05-24T21:50:22.835+0200] {processor.py:156} INFO - Started process (PID=8262) to work on /home/choco/.local/lib/python3.10/site-packages/airflow/example_dags/example_short_circuit_operator.py
[2023-05-24T21:50:22.836+0200] {processor.py:799} INFO - Processing file /home/choco/.local/lib/python3.10/site-packages/airflow/example_dags/example_short_circuit_operator.py for tasks to queue
[2023-05-24T21:50:22.837+0200] {logging_mixin.py:149} INFO - [2023-05-24T21:50:22.837+0200] {dagbag.py:541} INFO - Filling up the DagBag from /home/choco/.local/lib/python3.10/site-packages/airflow/example_dags/example_short_circuit_operator.py
[2023-05-24T21:50:22.851+0200] {processor.py:809} INFO - DAG(s) dict_keys(['example_short_circuit_operator']) retrieved from /home/choco/.local/lib/python3.10/site-packages/airflow/example_dags/example_short_circuit_operator.py
[2023-05-24T21:50:22.877+0200] {logging_mixin.py:149} INFO - [2023-05-24T21:50:22.877+0200] {dag.py:2726} INFO - Sync 1 DAGs
[2023-05-24T21:50:22.902+0200] {logging_mixin.py:149} INFO - [2023-05-24T21:50:22.902+0200] {dag.py:3486} INFO - Setting next_dagrun for example_short_circuit_operator to 2023-05-23T19:50:22.902196+00:00, run_after=2023-05-24T19:50:22.902196+00:00
[2023-05-24T21:50:22.926+0200] {processor.py:178} INFO - Processing /home/choco/.local/lib/python3.10/site-packages/airflow/example_dags/example_short_circuit_operator.py took 0.094 seconds
[2023-05-24T21:51:10.274+0200] {processor.py:156} INFO - Started process (PID=8310) to work on /home/choco/.local/lib/python3.10/site-packages/airflow/example_dags/example_short_circuit_operator.py
[2023-05-24T21:51:10.275+0200] {processor.py:799} INFO - Processing file /home/choco/.local/lib/python3.10/site-packages/airflow/example_dags/example_short_circuit_operator.py for tasks to queue
[2023-05-24T21:51:10.276+0200] {logging_mixin.py:149} INFO - [2023-05-24T21:51:10.276+0200] {dagbag.py:541} INFO - Filling up the DagBag from /home/choco/.local/lib/python3.10/site-packages/airflow/example_dags/example_short_circuit_operator.py
[2023-05-24T21:51:10.283+0200] {processor.py:809} INFO - DAG(s) dict_keys(['example_short_circuit_operator']) retrieved from /home/choco/.local/lib/python3.10/site-packages/airflow/example_dags/example_short_circuit_operator.py
[2023-05-24T21:51:10.300+0200] {logging_mixin.py:149} INFO - [2023-05-24T21:51:10.300+0200] {dag.py:2726} INFO - Sync 1 DAGs
[2023-05-24T21:51:10.320+0200] {logging_mixin.py:149} INFO - [2023-05-24T21:51:10.320+0200] {dag.py:3486} INFO - Setting next_dagrun for example_short_circuit_operator to 2023-05-23T19:51:10.319823+00:00, run_after=2023-05-24T19:51:10.319823+00:00
[2023-05-24T21:51:10.344+0200] {processor.py:178} INFO - Processing /home/choco/.local/lib/python3.10/site-packages/airflow/example_dags/example_short_circuit_operator.py took 0.072 seconds
