[2023-05-24T18:45:37.589+0200] {processor.py:156} INFO - Started process (PID=7913) to work on /home/choco/.local/lib/python3.10/site-packages/airflow/example_dags/example_kubernetes_executor.py
[2023-05-24T18:45:37.591+0200] {processor.py:799} INFO - Processing file /home/choco/.local/lib/python3.10/site-packages/airflow/example_dags/example_kubernetes_executor.py for tasks to queue
[2023-05-24T18:45:37.592+0200] {logging_mixin.py:149} INFO - [2023-05-24T18:45:37.592+0200] {dagbag.py:541} INFO - Filling up the DagBag from /home/choco/.local/lib/python3.10/site-packages/airflow/example_dags/example_kubernetes_executor.py
[2023-05-24T18:45:37.599+0200] {logging_mixin.py:149} INFO - [2023-05-24T18:45:37.598+0200] {example_kubernetes_executor.py:41} WARNING - The example_kubernetes_executor example DAG requires the kubernetes provider. Please install it with: pip install apache-airflow[cncf.kubernetes]
[2023-05-24T18:45:37.600+0200] {processor.py:811} WARNING - No viable dags retrieved from /home/choco/.local/lib/python3.10/site-packages/airflow/example_dags/example_kubernetes_executor.py
[2023-05-24T18:45:37.622+0200] {processor.py:178} INFO - Processing /home/choco/.local/lib/python3.10/site-packages/airflow/example_dags/example_kubernetes_executor.py took 0.037 seconds
[2023-05-24T18:46:34.449+0200] {processor.py:156} INFO - Started process (PID=7960) to work on /home/choco/.local/lib/python3.10/site-packages/airflow/example_dags/example_kubernetes_executor.py
[2023-05-24T18:46:34.485+0200] {processor.py:799} INFO - Processing file /home/choco/.local/lib/python3.10/site-packages/airflow/example_dags/example_kubernetes_executor.py for tasks to queue
[2023-05-24T18:46:34.486+0200] {logging_mixin.py:149} INFO - [2023-05-24T18:46:34.486+0200] {dagbag.py:541} INFO - Filling up the DagBag from /home/choco/.local/lib/python3.10/site-packages/airflow/example_dags/example_kubernetes_executor.py
[2023-05-24T18:46:34.492+0200] {logging_mixin.py:149} INFO - [2023-05-24T18:46:34.491+0200] {example_kubernetes_executor.py:41} WARNING - The example_kubernetes_executor example DAG requires the kubernetes provider. Please install it with: pip install apache-airflow[cncf.kubernetes]
[2023-05-24T18:46:34.492+0200] {processor.py:811} WARNING - No viable dags retrieved from /home/choco/.local/lib/python3.10/site-packages/airflow/example_dags/example_kubernetes_executor.py
[2023-05-24T18:46:34.509+0200] {processor.py:178} INFO - Processing /home/choco/.local/lib/python3.10/site-packages/airflow/example_dags/example_kubernetes_executor.py took 0.063 seconds
[2023-05-24T18:47:28.498+0200] {processor.py:156} INFO - Started process (PID=8007) to work on /home/choco/.local/lib/python3.10/site-packages/airflow/example_dags/example_kubernetes_executor.py
[2023-05-24T18:47:28.540+0200] {processor.py:799} INFO - Processing file /home/choco/.local/lib/python3.10/site-packages/airflow/example_dags/example_kubernetes_executor.py for tasks to queue
[2023-05-24T18:47:28.542+0200] {logging_mixin.py:149} INFO - [2023-05-24T18:47:28.541+0200] {dagbag.py:541} INFO - Filling up the DagBag from /home/choco/.local/lib/python3.10/site-packages/airflow/example_dags/example_kubernetes_executor.py
[2023-05-24T18:47:28.545+0200] {logging_mixin.py:149} INFO - [2023-05-24T18:47:28.545+0200] {example_kubernetes_executor.py:41} WARNING - The example_kubernetes_executor example DAG requires the kubernetes provider. Please install it with: pip install apache-airflow[cncf.kubernetes]
[2023-05-24T18:47:28.546+0200] {processor.py:811} WARNING - No viable dags retrieved from /home/choco/.local/lib/python3.10/site-packages/airflow/example_dags/example_kubernetes_executor.py
[2023-05-24T18:47:28.562+0200] {processor.py:178} INFO - Processing /home/choco/.local/lib/python3.10/site-packages/airflow/example_dags/example_kubernetes_executor.py took 0.068 seconds
[2023-05-24T21:47:15.755+0200] {processor.py:156} INFO - Started process (PID=8079) to work on /home/choco/.local/lib/python3.10/site-packages/airflow/example_dags/example_kubernetes_executor.py
[2023-05-24T21:47:15.757+0200] {processor.py:799} INFO - Processing file /home/choco/.local/lib/python3.10/site-packages/airflow/example_dags/example_kubernetes_executor.py for tasks to queue
[2023-05-24T21:47:15.759+0200] {logging_mixin.py:149} INFO - [2023-05-24T21:47:15.758+0200] {dagbag.py:541} INFO - Filling up the DagBag from /home/choco/.local/lib/python3.10/site-packages/airflow/example_dags/example_kubernetes_executor.py
[2023-05-24T21:47:15.762+0200] {logging_mixin.py:149} INFO - [2023-05-24T21:47:15.762+0200] {example_kubernetes_executor.py:41} WARNING - The example_kubernetes_executor example DAG requires the kubernetes provider. Please install it with: pip install apache-airflow[cncf.kubernetes]
[2023-05-24T21:47:15.762+0200] {processor.py:811} WARNING - No viable dags retrieved from /home/choco/.local/lib/python3.10/site-packages/airflow/example_dags/example_kubernetes_executor.py
[2023-05-24T21:47:15.774+0200] {processor.py:178} INFO - Processing /home/choco/.local/lib/python3.10/site-packages/airflow/example_dags/example_kubernetes_executor.py took 0.023 seconds
[2023-05-24T21:48:02.383+0200] {processor.py:156} INFO - Started process (PID=8126) to work on /home/choco/.local/lib/python3.10/site-packages/airflow/example_dags/example_kubernetes_executor.py
[2023-05-24T21:48:02.420+0200] {processor.py:799} INFO - Processing file /home/choco/.local/lib/python3.10/site-packages/airflow/example_dags/example_kubernetes_executor.py for tasks to queue
[2023-05-24T21:48:02.421+0200] {logging_mixin.py:149} INFO - [2023-05-24T21:48:02.421+0200] {dagbag.py:541} INFO - Filling up the DagBag from /home/choco/.local/lib/python3.10/site-packages/airflow/example_dags/example_kubernetes_executor.py
[2023-05-24T21:48:02.424+0200] {logging_mixin.py:149} INFO - [2023-05-24T21:48:02.424+0200] {example_kubernetes_executor.py:41} WARNING - The example_kubernetes_executor example DAG requires the kubernetes provider. Please install it with: pip install apache-airflow[cncf.kubernetes]
[2023-05-24T21:48:02.424+0200] {processor.py:811} WARNING - No viable dags retrieved from /home/choco/.local/lib/python3.10/site-packages/airflow/example_dags/example_kubernetes_executor.py
[2023-05-24T21:48:02.437+0200] {processor.py:178} INFO - Processing /home/choco/.local/lib/python3.10/site-packages/airflow/example_dags/example_kubernetes_executor.py took 0.057 seconds
[2023-05-24T21:48:56.470+0200] {processor.py:156} INFO - Started process (PID=8174) to work on /home/choco/.local/lib/python3.10/site-packages/airflow/example_dags/example_kubernetes_executor.py
[2023-05-24T21:48:56.473+0200] {processor.py:799} INFO - Processing file /home/choco/.local/lib/python3.10/site-packages/airflow/example_dags/example_kubernetes_executor.py for tasks to queue
[2023-05-24T21:48:56.475+0200] {logging_mixin.py:149} INFO - [2023-05-24T21:48:56.474+0200] {dagbag.py:541} INFO - Filling up the DagBag from /home/choco/.local/lib/python3.10/site-packages/airflow/example_dags/example_kubernetes_executor.py
[2023-05-24T21:48:56.480+0200] {logging_mixin.py:149} INFO - [2023-05-24T21:48:56.480+0200] {example_kubernetes_executor.py:41} WARNING - The example_kubernetes_executor example DAG requires the kubernetes provider. Please install it with: pip install apache-airflow[cncf.kubernetes]
[2023-05-24T21:48:56.481+0200] {processor.py:811} WARNING - No viable dags retrieved from /home/choco/.local/lib/python3.10/site-packages/airflow/example_dags/example_kubernetes_executor.py
[2023-05-24T21:48:56.501+0200] {processor.py:178} INFO - Processing /home/choco/.local/lib/python3.10/site-packages/airflow/example_dags/example_kubernetes_executor.py took 0.036 seconds
[2023-05-24T21:49:41.251+0200] {processor.py:156} INFO - Started process (PID=8219) to work on /home/choco/.local/lib/python3.10/site-packages/airflow/example_dags/example_kubernetes_executor.py
[2023-05-24T21:49:41.255+0200] {processor.py:799} INFO - Processing file /home/choco/.local/lib/python3.10/site-packages/airflow/example_dags/example_kubernetes_executor.py for tasks to queue
[2023-05-24T21:49:41.256+0200] {logging_mixin.py:149} INFO - [2023-05-24T21:49:41.256+0200] {dagbag.py:541} INFO - Filling up the DagBag from /home/choco/.local/lib/python3.10/site-packages/airflow/example_dags/example_kubernetes_executor.py
[2023-05-24T21:49:41.261+0200] {logging_mixin.py:149} INFO - [2023-05-24T21:49:41.260+0200] {example_kubernetes_executor.py:41} WARNING - The example_kubernetes_executor example DAG requires the kubernetes provider. Please install it with: pip install apache-airflow[cncf.kubernetes]
[2023-05-24T21:49:41.261+0200] {processor.py:811} WARNING - No viable dags retrieved from /home/choco/.local/lib/python3.10/site-packages/airflow/example_dags/example_kubernetes_executor.py
[2023-05-24T21:49:41.276+0200] {processor.py:178} INFO - Processing /home/choco/.local/lib/python3.10/site-packages/airflow/example_dags/example_kubernetes_executor.py took 0.033 seconds
[2023-05-24T21:50:25.381+0200] {processor.py:156} INFO - Started process (PID=8265) to work on /home/choco/.local/lib/python3.10/site-packages/airflow/example_dags/example_kubernetes_executor.py
[2023-05-24T21:50:25.383+0200] {processor.py:799} INFO - Processing file /home/choco/.local/lib/python3.10/site-packages/airflow/example_dags/example_kubernetes_executor.py for tasks to queue
[2023-05-24T21:50:25.384+0200] {logging_mixin.py:149} INFO - [2023-05-24T21:50:25.384+0200] {dagbag.py:541} INFO - Filling up the DagBag from /home/choco/.local/lib/python3.10/site-packages/airflow/example_dags/example_kubernetes_executor.py
[2023-05-24T21:50:25.394+0200] {logging_mixin.py:149} INFO - [2023-05-24T21:50:25.394+0200] {example_kubernetes_executor.py:41} WARNING - The example_kubernetes_executor example DAG requires the kubernetes provider. Please install it with: pip install apache-airflow[cncf.kubernetes]
[2023-05-24T21:50:25.395+0200] {processor.py:811} WARNING - No viable dags retrieved from /home/choco/.local/lib/python3.10/site-packages/airflow/example_dags/example_kubernetes_executor.py
[2023-05-24T21:50:25.406+0200] {processor.py:178} INFO - Processing /home/choco/.local/lib/python3.10/site-packages/airflow/example_dags/example_kubernetes_executor.py took 0.028 seconds
[2023-05-24T21:51:13.801+0200] {processor.py:156} INFO - Started process (PID=8313) to work on /home/choco/.local/lib/python3.10/site-packages/airflow/example_dags/example_kubernetes_executor.py
[2023-05-24T21:51:13.802+0200] {processor.py:799} INFO - Processing file /home/choco/.local/lib/python3.10/site-packages/airflow/example_dags/example_kubernetes_executor.py for tasks to queue
[2023-05-24T21:51:13.803+0200] {logging_mixin.py:149} INFO - [2023-05-24T21:51:13.803+0200] {dagbag.py:541} INFO - Filling up the DagBag from /home/choco/.local/lib/python3.10/site-packages/airflow/example_dags/example_kubernetes_executor.py
[2023-05-24T21:51:13.805+0200] {logging_mixin.py:149} INFO - [2023-05-24T21:51:13.805+0200] {example_kubernetes_executor.py:41} WARNING - The example_kubernetes_executor example DAG requires the kubernetes provider. Please install it with: pip install apache-airflow[cncf.kubernetes]
[2023-05-24T21:51:13.805+0200] {processor.py:811} WARNING - No viable dags retrieved from /home/choco/.local/lib/python3.10/site-packages/airflow/example_dags/example_kubernetes_executor.py
[2023-05-24T21:51:13.813+0200] {processor.py:178} INFO - Processing /home/choco/.local/lib/python3.10/site-packages/airflow/example_dags/example_kubernetes_executor.py took 0.015 seconds
