[2023-05-24T18:45:15.200+0200] {processor.py:156} INFO - Started process (PID=7899) to work on /home/choco/.local/lib/python3.10/site-packages/airflow/example_dags/example_sensor_decorator.py
[2023-05-24T18:45:15.203+0200] {processor.py:799} INFO - Processing file /home/choco/.local/lib/python3.10/site-packages/airflow/example_dags/example_sensor_decorator.py for tasks to queue
[2023-05-24T18:45:15.204+0200] {logging_mixin.py:149} INFO - [2023-05-24T18:45:15.204+0200] {dagbag.py:541} INFO - Filling up the DagBag from /home/choco/.local/lib/python3.10/site-packages/airflow/example_dags/example_sensor_decorator.py
[2023-05-24T18:45:15.216+0200] {processor.py:809} INFO - DAG(s) dict_keys(['example_sensor_decorator']) retrieved from /home/choco/.local/lib/python3.10/site-packages/airflow/example_dags/example_sensor_decorator.py
[2023-05-24T18:45:15.421+0200] {logging_mixin.py:149} INFO - [2023-05-24T18:45:15.421+0200] {manager.py:504} INFO - Created Permission View: can edit on DAG:example_sensor_decorator
[2023-05-24T18:45:15.444+0200] {logging_mixin.py:149} INFO - [2023-05-24T18:45:15.443+0200] {manager.py:504} INFO - Created Permission View: can read on DAG:example_sensor_decorator
[2023-05-24T18:45:15.462+0200] {logging_mixin.py:149} INFO - [2023-05-24T18:45:15.461+0200] {manager.py:504} INFO - Created Permission View: can delete on DAG:example_sensor_decorator
[2023-05-24T18:45:15.462+0200] {logging_mixin.py:149} INFO - [2023-05-24T18:45:15.462+0200] {dag.py:2726} INFO - Sync 1 DAGs
[2023-05-24T18:45:15.478+0200] {logging_mixin.py:149} INFO - [2023-05-24T18:45:15.478+0200] {dag.py:2747} INFO - Creating ORM DAG for example_sensor_decorator
[2023-05-24T18:45:15.493+0200] {logging_mixin.py:149} INFO - [2023-05-24T18:45:15.493+0200] {dag.py:3486} INFO - Setting next_dagrun for example_sensor_decorator to None, run_after=None
[2023-05-24T18:45:15.529+0200] {processor.py:178} INFO - Processing /home/choco/.local/lib/python3.10/site-packages/airflow/example_dags/example_sensor_decorator.py took 0.333 seconds
[2023-05-24T18:46:17.924+0200] {processor.py:156} INFO - Started process (PID=7946) to work on /home/choco/.local/lib/python3.10/site-packages/airflow/example_dags/example_sensor_decorator.py
[2023-05-24T18:46:17.926+0200] {processor.py:799} INFO - Processing file /home/choco/.local/lib/python3.10/site-packages/airflow/example_dags/example_sensor_decorator.py for tasks to queue
[2023-05-24T18:46:17.927+0200] {logging_mixin.py:149} INFO - [2023-05-24T18:46:17.927+0200] {dagbag.py:541} INFO - Filling up the DagBag from /home/choco/.local/lib/python3.10/site-packages/airflow/example_dags/example_sensor_decorator.py
[2023-05-24T18:46:17.934+0200] {processor.py:809} INFO - DAG(s) dict_keys(['example_sensor_decorator']) retrieved from /home/choco/.local/lib/python3.10/site-packages/airflow/example_dags/example_sensor_decorator.py
[2023-05-24T18:46:17.958+0200] {logging_mixin.py:149} INFO - [2023-05-24T18:46:17.957+0200] {dag.py:2726} INFO - Sync 1 DAGs
[2023-05-24T18:46:17.982+0200] {logging_mixin.py:149} INFO - [2023-05-24T18:46:17.982+0200] {dag.py:3486} INFO - Setting next_dagrun for example_sensor_decorator to None, run_after=None
[2023-05-24T18:46:18.014+0200] {processor.py:178} INFO - Processing /home/choco/.local/lib/python3.10/site-packages/airflow/example_dags/example_sensor_decorator.py took 0.094 seconds
[2023-05-24T18:47:06.665+0200] {processor.py:156} INFO - Started process (PID=7991) to work on /home/choco/.local/lib/python3.10/site-packages/airflow/example_dags/example_sensor_decorator.py
[2023-05-24T18:47:06.702+0200] {processor.py:799} INFO - Processing file /home/choco/.local/lib/python3.10/site-packages/airflow/example_dags/example_sensor_decorator.py for tasks to queue
[2023-05-24T18:47:06.704+0200] {logging_mixin.py:149} INFO - [2023-05-24T18:47:06.704+0200] {dagbag.py:541} INFO - Filling up the DagBag from /home/choco/.local/lib/python3.10/site-packages/airflow/example_dags/example_sensor_decorator.py
[2023-05-24T18:47:06.720+0200] {processor.py:809} INFO - DAG(s) dict_keys(['example_sensor_decorator']) retrieved from /home/choco/.local/lib/python3.10/site-packages/airflow/example_dags/example_sensor_decorator.py
[2023-05-24T18:47:06.758+0200] {logging_mixin.py:149} INFO - [2023-05-24T18:47:06.757+0200] {dag.py:2726} INFO - Sync 1 DAGs
[2023-05-24T18:47:06.790+0200] {logging_mixin.py:149} INFO - [2023-05-24T18:47:06.790+0200] {dag.py:3486} INFO - Setting next_dagrun for example_sensor_decorator to None, run_after=None
[2023-05-24T18:47:06.973+0200] {processor.py:178} INFO - Processing /home/choco/.local/lib/python3.10/site-packages/airflow/example_dags/example_sensor_decorator.py took 0.312 seconds
[2023-05-24T21:46:57.750+0200] {processor.py:156} INFO - Started process (PID=8061) to work on /home/choco/.local/lib/python3.10/site-packages/airflow/example_dags/example_sensor_decorator.py
[2023-05-24T21:46:57.787+0200] {processor.py:799} INFO - Processing file /home/choco/.local/lib/python3.10/site-packages/airflow/example_dags/example_sensor_decorator.py for tasks to queue
[2023-05-24T21:46:57.788+0200] {logging_mixin.py:149} INFO - [2023-05-24T21:46:57.788+0200] {dagbag.py:541} INFO - Filling up the DagBag from /home/choco/.local/lib/python3.10/site-packages/airflow/example_dags/example_sensor_decorator.py
[2023-05-24T21:46:57.794+0200] {processor.py:809} INFO - DAG(s) dict_keys(['example_sensor_decorator']) retrieved from /home/choco/.local/lib/python3.10/site-packages/airflow/example_dags/example_sensor_decorator.py
[2023-05-24T21:46:57.997+0200] {logging_mixin.py:149} INFO - [2023-05-24T21:46:57.996+0200] {dag.py:2726} INFO - Sync 1 DAGs
[2023-05-24T21:46:58.021+0200] {logging_mixin.py:149} INFO - [2023-05-24T21:46:58.020+0200] {dag.py:3486} INFO - Setting next_dagrun for example_sensor_decorator to None, run_after=None
[2023-05-24T21:46:58.051+0200] {processor.py:178} INFO - Processing /home/choco/.local/lib/python3.10/site-packages/airflow/example_dags/example_sensor_decorator.py took 0.304 seconds
[2023-05-24T21:47:46.745+0200] {processor.py:156} INFO - Started process (PID=8108) to work on /home/choco/.local/lib/python3.10/site-packages/airflow/example_dags/example_sensor_decorator.py
[2023-05-24T21:47:46.746+0200] {processor.py:799} INFO - Processing file /home/choco/.local/lib/python3.10/site-packages/airflow/example_dags/example_sensor_decorator.py for tasks to queue
[2023-05-24T21:47:46.747+0200] {logging_mixin.py:149} INFO - [2023-05-24T21:47:46.747+0200] {dagbag.py:541} INFO - Filling up the DagBag from /home/choco/.local/lib/python3.10/site-packages/airflow/example_dags/example_sensor_decorator.py
[2023-05-24T21:47:46.752+0200] {processor.py:809} INFO - DAG(s) dict_keys(['example_sensor_decorator']) retrieved from /home/choco/.local/lib/python3.10/site-packages/airflow/example_dags/example_sensor_decorator.py
[2023-05-24T21:47:46.776+0200] {logging_mixin.py:149} INFO - [2023-05-24T21:47:46.775+0200] {dag.py:2726} INFO - Sync 1 DAGs
[2023-05-24T21:47:46.791+0200] {logging_mixin.py:149} INFO - [2023-05-24T21:47:46.791+0200] {dag.py:3486} INFO - Setting next_dagrun for example_sensor_decorator to None, run_after=None
[2023-05-24T21:47:46.813+0200] {processor.py:178} INFO - Processing /home/choco/.local/lib/python3.10/site-packages/airflow/example_dags/example_sensor_decorator.py took 0.070 seconds
[2023-05-24T21:48:32.961+0200] {processor.py:156} INFO - Started process (PID=8155) to work on /home/choco/.local/lib/python3.10/site-packages/airflow/example_dags/example_sensor_decorator.py
[2023-05-24T21:48:32.997+0200] {processor.py:799} INFO - Processing file /home/choco/.local/lib/python3.10/site-packages/airflow/example_dags/example_sensor_decorator.py for tasks to queue
[2023-05-24T21:48:32.999+0200] {logging_mixin.py:149} INFO - [2023-05-24T21:48:32.998+0200] {dagbag.py:541} INFO - Filling up the DagBag from /home/choco/.local/lib/python3.10/site-packages/airflow/example_dags/example_sensor_decorator.py
[2023-05-24T21:48:33.009+0200] {processor.py:809} INFO - DAG(s) dict_keys(['example_sensor_decorator']) retrieved from /home/choco/.local/lib/python3.10/site-packages/airflow/example_dags/example_sensor_decorator.py
[2023-05-24T21:48:33.052+0200] {logging_mixin.py:149} INFO - [2023-05-24T21:48:33.052+0200] {dag.py:2726} INFO - Sync 1 DAGs
[2023-05-24T21:48:33.091+0200] {logging_mixin.py:149} INFO - [2023-05-24T21:48:33.090+0200] {dag.py:3486} INFO - Setting next_dagrun for example_sensor_decorator to None, run_after=None
[2023-05-24T21:48:33.128+0200] {processor.py:178} INFO - Processing /home/choco/.local/lib/python3.10/site-packages/airflow/example_dags/example_sensor_decorator.py took 0.172 seconds
[2023-05-24T21:49:12.922+0200] {processor.py:156} INFO - Started process (PID=8190) to work on /home/choco/.local/lib/python3.10/site-packages/airflow/example_dags/example_sensor_decorator.py
[2023-05-24T21:49:12.924+0200] {processor.py:799} INFO - Processing file /home/choco/.local/lib/python3.10/site-packages/airflow/example_dags/example_sensor_decorator.py for tasks to queue
[2023-05-24T21:49:12.925+0200] {logging_mixin.py:149} INFO - [2023-05-24T21:49:12.925+0200] {dagbag.py:541} INFO - Filling up the DagBag from /home/choco/.local/lib/python3.10/site-packages/airflow/example_dags/example_sensor_decorator.py
[2023-05-24T21:49:12.931+0200] {processor.py:809} INFO - DAG(s) dict_keys(['example_sensor_decorator']) retrieved from /home/choco/.local/lib/python3.10/site-packages/airflow/example_dags/example_sensor_decorator.py
[2023-05-24T21:49:12.956+0200] {logging_mixin.py:149} INFO - [2023-05-24T21:49:12.955+0200] {dag.py:2726} INFO - Sync 1 DAGs
[2023-05-24T21:49:12.986+0200] {logging_mixin.py:149} INFO - [2023-05-24T21:49:12.986+0200] {dag.py:3486} INFO - Setting next_dagrun for example_sensor_decorator to None, run_after=None
[2023-05-24T21:49:13.021+0200] {processor.py:178} INFO - Processing /home/choco/.local/lib/python3.10/site-packages/airflow/example_dags/example_sensor_decorator.py took 0.101 seconds
[2023-05-24T21:49:48.847+0200] {processor.py:156} INFO - Started process (PID=8227) to work on /home/choco/.local/lib/python3.10/site-packages/airflow/example_dags/example_sensor_decorator.py
[2023-05-24T21:49:48.848+0200] {processor.py:799} INFO - Processing file /home/choco/.local/lib/python3.10/site-packages/airflow/example_dags/example_sensor_decorator.py for tasks to queue
[2023-05-24T21:49:48.849+0200] {logging_mixin.py:149} INFO - [2023-05-24T21:49:48.849+0200] {dagbag.py:541} INFO - Filling up the DagBag from /home/choco/.local/lib/python3.10/site-packages/airflow/example_dags/example_sensor_decorator.py
[2023-05-24T21:49:48.856+0200] {processor.py:809} INFO - DAG(s) dict_keys(['example_sensor_decorator']) retrieved from /home/choco/.local/lib/python3.10/site-packages/airflow/example_dags/example_sensor_decorator.py
[2023-05-24T21:49:48.880+0200] {logging_mixin.py:149} INFO - [2023-05-24T21:49:48.880+0200] {dag.py:2726} INFO - Sync 1 DAGs
[2023-05-24T21:49:48.912+0200] {logging_mixin.py:149} INFO - [2023-05-24T21:49:48.912+0200] {dag.py:3486} INFO - Setting next_dagrun for example_sensor_decorator to None, run_after=None
[2023-05-24T21:49:48.936+0200] {processor.py:178} INFO - Processing /home/choco/.local/lib/python3.10/site-packages/airflow/example_dags/example_sensor_decorator.py took 0.092 seconds
[2023-05-24T21:50:33.100+0200] {processor.py:156} INFO - Started process (PID=8274) to work on /home/choco/.local/lib/python3.10/site-packages/airflow/example_dags/example_sensor_decorator.py
[2023-05-24T21:50:33.136+0200] {processor.py:799} INFO - Processing file /home/choco/.local/lib/python3.10/site-packages/airflow/example_dags/example_sensor_decorator.py for tasks to queue
[2023-05-24T21:50:33.138+0200] {logging_mixin.py:149} INFO - [2023-05-24T21:50:33.137+0200] {dagbag.py:541} INFO - Filling up the DagBag from /home/choco/.local/lib/python3.10/site-packages/airflow/example_dags/example_sensor_decorator.py
[2023-05-24T21:50:33.147+0200] {processor.py:809} INFO - DAG(s) dict_keys(['example_sensor_decorator']) retrieved from /home/choco/.local/lib/python3.10/site-packages/airflow/example_dags/example_sensor_decorator.py
[2023-05-24T21:50:33.180+0200] {logging_mixin.py:149} INFO - [2023-05-24T21:50:33.180+0200] {dag.py:2726} INFO - Sync 1 DAGs
[2023-05-24T21:50:33.220+0200] {logging_mixin.py:149} INFO - [2023-05-24T21:50:33.220+0200] {dag.py:3486} INFO - Setting next_dagrun for example_sensor_decorator to None, run_after=None
[2023-05-24T21:50:33.240+0200] {processor.py:178} INFO - Processing /home/choco/.local/lib/python3.10/site-packages/airflow/example_dags/example_sensor_decorator.py took 0.142 seconds
