[2023-05-24T18:45:35.917+0200] {processor.py:156} INFO - Started process (PID=7912) to work on /home/choco/.local/lib/python3.10/site-packages/airflow/example_dags/example_time_delta_sensor_async.py
[2023-05-24T18:45:35.920+0200] {processor.py:799} INFO - Processing file /home/choco/.local/lib/python3.10/site-packages/airflow/example_dags/example_time_delta_sensor_async.py for tasks to queue
[2023-05-24T18:45:35.921+0200] {logging_mixin.py:149} INFO - [2023-05-24T18:45:35.921+0200] {dagbag.py:541} INFO - Filling up the DagBag from /home/choco/.local/lib/python3.10/site-packages/airflow/example_dags/example_time_delta_sensor_async.py
[2023-05-24T18:45:35.931+0200] {processor.py:809} INFO - DAG(s) dict_keys(['example_time_delta_sensor_async']) retrieved from /home/choco/.local/lib/python3.10/site-packages/airflow/example_dags/example_time_delta_sensor_async.py
[2023-05-24T18:45:36.121+0200] {logging_mixin.py:149} INFO - [2023-05-24T18:45:36.116+0200] {manager.py:504} INFO - Created Permission View: can edit on DAG:example_time_delta_sensor_async
[2023-05-24T18:45:36.144+0200] {logging_mixin.py:149} INFO - [2023-05-24T18:45:36.143+0200] {manager.py:504} INFO - Created Permission View: can read on DAG:example_time_delta_sensor_async
[2023-05-24T18:45:36.164+0200] {logging_mixin.py:149} INFO - [2023-05-24T18:45:36.163+0200] {manager.py:504} INFO - Created Permission View: can delete on DAG:example_time_delta_sensor_async
[2023-05-24T18:45:36.164+0200] {logging_mixin.py:149} INFO - [2023-05-24T18:45:36.164+0200] {dag.py:2726} INFO - Sync 1 DAGs
[2023-05-24T18:45:36.187+0200] {logging_mixin.py:149} INFO - [2023-05-24T18:45:36.187+0200] {dag.py:2747} INFO - Creating ORM DAG for example_time_delta_sensor_async
[2023-05-24T18:45:36.354+0200] {logging_mixin.py:149} INFO - [2023-05-24T18:45:36.354+0200] {dag.py:3486} INFO - Setting next_dagrun for example_time_delta_sensor_async to None, run_after=None
[2023-05-24T18:45:36.425+0200] {processor.py:178} INFO - Processing /home/choco/.local/lib/python3.10/site-packages/airflow/example_dags/example_time_delta_sensor_async.py took 0.515 seconds
[2023-05-24T18:46:33.451+0200] {processor.py:156} INFO - Started process (PID=7959) to work on /home/choco/.local/lib/python3.10/site-packages/airflow/example_dags/example_time_delta_sensor_async.py
[2023-05-24T18:46:33.488+0200] {processor.py:799} INFO - Processing file /home/choco/.local/lib/python3.10/site-packages/airflow/example_dags/example_time_delta_sensor_async.py for tasks to queue
[2023-05-24T18:46:33.490+0200] {logging_mixin.py:149} INFO - [2023-05-24T18:46:33.489+0200] {dagbag.py:541} INFO - Filling up the DagBag from /home/choco/.local/lib/python3.10/site-packages/airflow/example_dags/example_time_delta_sensor_async.py
[2023-05-24T18:46:33.495+0200] {processor.py:809} INFO - DAG(s) dict_keys(['example_time_delta_sensor_async']) retrieved from /home/choco/.local/lib/python3.10/site-packages/airflow/example_dags/example_time_delta_sensor_async.py
[2023-05-24T18:46:33.540+0200] {logging_mixin.py:149} INFO - [2023-05-24T18:46:33.540+0200] {dag.py:2726} INFO - Sync 1 DAGs
[2023-05-24T18:46:33.581+0200] {logging_mixin.py:149} INFO - [2023-05-24T18:46:33.581+0200] {dag.py:3486} INFO - Setting next_dagrun for example_time_delta_sensor_async to None, run_after=None
[2023-05-24T18:46:33.620+0200] {processor.py:178} INFO - Processing /home/choco/.local/lib/python3.10/site-packages/airflow/example_dags/example_time_delta_sensor_async.py took 0.175 seconds
[2023-05-24T18:47:27.551+0200] {processor.py:156} INFO - Started process (PID=8006) to work on /home/choco/.local/lib/python3.10/site-packages/airflow/example_dags/example_time_delta_sensor_async.py
[2023-05-24T18:47:27.554+0200] {processor.py:799} INFO - Processing file /home/choco/.local/lib/python3.10/site-packages/airflow/example_dags/example_time_delta_sensor_async.py for tasks to queue
[2023-05-24T18:47:27.555+0200] {logging_mixin.py:149} INFO - [2023-05-24T18:47:27.555+0200] {dagbag.py:541} INFO - Filling up the DagBag from /home/choco/.local/lib/python3.10/site-packages/airflow/example_dags/example_time_delta_sensor_async.py
[2023-05-24T18:47:27.563+0200] {processor.py:809} INFO - DAG(s) dict_keys(['example_time_delta_sensor_async']) retrieved from /home/choco/.local/lib/python3.10/site-packages/airflow/example_dags/example_time_delta_sensor_async.py
[2023-05-24T18:47:27.597+0200] {logging_mixin.py:149} INFO - [2023-05-24T18:47:27.597+0200] {dag.py:2726} INFO - Sync 1 DAGs
[2023-05-24T18:47:27.770+0200] {logging_mixin.py:149} INFO - [2023-05-24T18:47:27.770+0200] {dag.py:3486} INFO - Setting next_dagrun for example_time_delta_sensor_async to None, run_after=None
[2023-05-24T18:47:27.837+0200] {processor.py:178} INFO - Processing /home/choco/.local/lib/python3.10/site-packages/airflow/example_dags/example_time_delta_sensor_async.py took 0.290 seconds
[2023-05-24T21:47:14.357+0200] {processor.py:156} INFO - Started process (PID=8078) to work on /home/choco/.local/lib/python3.10/site-packages/airflow/example_dags/example_time_delta_sensor_async.py
[2023-05-24T21:47:14.359+0200] {processor.py:799} INFO - Processing file /home/choco/.local/lib/python3.10/site-packages/airflow/example_dags/example_time_delta_sensor_async.py for tasks to queue
[2023-05-24T21:47:14.360+0200] {logging_mixin.py:149} INFO - [2023-05-24T21:47:14.360+0200] {dagbag.py:541} INFO - Filling up the DagBag from /home/choco/.local/lib/python3.10/site-packages/airflow/example_dags/example_time_delta_sensor_async.py
[2023-05-24T21:47:14.364+0200] {processor.py:809} INFO - DAG(s) dict_keys(['example_time_delta_sensor_async']) retrieved from /home/choco/.local/lib/python3.10/site-packages/airflow/example_dags/example_time_delta_sensor_async.py
[2023-05-24T21:47:14.561+0200] {logging_mixin.py:149} INFO - [2023-05-24T21:47:14.561+0200] {dag.py:2726} INFO - Sync 1 DAGs
[2023-05-24T21:47:14.584+0200] {logging_mixin.py:149} INFO - [2023-05-24T21:47:14.583+0200] {dag.py:3486} INFO - Setting next_dagrun for example_time_delta_sensor_async to None, run_after=None
[2023-05-24T21:47:14.635+0200] {processor.py:178} INFO - Processing /home/choco/.local/lib/python3.10/site-packages/airflow/example_dags/example_time_delta_sensor_async.py took 0.280 seconds
[2023-05-24T21:48:01.251+0200] {processor.py:156} INFO - Started process (PID=8125) to work on /home/choco/.local/lib/python3.10/site-packages/airflow/example_dags/example_time_delta_sensor_async.py
[2023-05-24T21:48:01.253+0200] {processor.py:799} INFO - Processing file /home/choco/.local/lib/python3.10/site-packages/airflow/example_dags/example_time_delta_sensor_async.py for tasks to queue
[2023-05-24T21:48:01.255+0200] {logging_mixin.py:149} INFO - [2023-05-24T21:48:01.254+0200] {dagbag.py:541} INFO - Filling up the DagBag from /home/choco/.local/lib/python3.10/site-packages/airflow/example_dags/example_time_delta_sensor_async.py
[2023-05-24T21:48:01.260+0200] {processor.py:809} INFO - DAG(s) dict_keys(['example_time_delta_sensor_async']) retrieved from /home/choco/.local/lib/python3.10/site-packages/airflow/example_dags/example_time_delta_sensor_async.py
[2023-05-24T21:48:01.284+0200] {logging_mixin.py:149} INFO - [2023-05-24T21:48:01.284+0200] {dag.py:2726} INFO - Sync 1 DAGs
[2023-05-24T21:48:01.309+0200] {logging_mixin.py:149} INFO - [2023-05-24T21:48:01.309+0200] {dag.py:3486} INFO - Setting next_dagrun for example_time_delta_sensor_async to None, run_after=None
[2023-05-24T21:48:01.339+0200] {processor.py:178} INFO - Processing /home/choco/.local/lib/python3.10/site-packages/airflow/example_dags/example_time_delta_sensor_async.py took 0.091 seconds
[2023-05-24T21:48:55.197+0200] {processor.py:156} INFO - Started process (PID=8173) to work on /home/choco/.local/lib/python3.10/site-packages/airflow/example_dags/example_time_delta_sensor_async.py
[2023-05-24T21:48:55.200+0200] {processor.py:799} INFO - Processing file /home/choco/.local/lib/python3.10/site-packages/airflow/example_dags/example_time_delta_sensor_async.py for tasks to queue
[2023-05-24T21:48:55.201+0200] {logging_mixin.py:149} INFO - [2023-05-24T21:48:55.201+0200] {dagbag.py:541} INFO - Filling up the DagBag from /home/choco/.local/lib/python3.10/site-packages/airflow/example_dags/example_time_delta_sensor_async.py
[2023-05-24T21:48:55.208+0200] {processor.py:809} INFO - DAG(s) dict_keys(['example_time_delta_sensor_async']) retrieved from /home/choco/.local/lib/python3.10/site-packages/airflow/example_dags/example_time_delta_sensor_async.py
[2023-05-24T21:48:55.243+0200] {logging_mixin.py:149} INFO - [2023-05-24T21:48:55.242+0200] {dag.py:2726} INFO - Sync 1 DAGs
[2023-05-24T21:48:55.271+0200] {logging_mixin.py:149} INFO - [2023-05-24T21:48:55.270+0200] {dag.py:3486} INFO - Setting next_dagrun for example_time_delta_sensor_async to None, run_after=None
[2023-05-24T21:48:55.303+0200] {processor.py:178} INFO - Processing /home/choco/.local/lib/python3.10/site-packages/airflow/example_dags/example_time_delta_sensor_async.py took 0.112 seconds
[2023-05-24T21:49:39.992+0200] {processor.py:156} INFO - Started process (PID=8218) to work on /home/choco/.local/lib/python3.10/site-packages/airflow/example_dags/example_time_delta_sensor_async.py
[2023-05-24T21:49:40.028+0200] {processor.py:799} INFO - Processing file /home/choco/.local/lib/python3.10/site-packages/airflow/example_dags/example_time_delta_sensor_async.py for tasks to queue
[2023-05-24T21:49:40.029+0200] {logging_mixin.py:149} INFO - [2023-05-24T21:49:40.029+0200] {dagbag.py:541} INFO - Filling up the DagBag from /home/choco/.local/lib/python3.10/site-packages/airflow/example_dags/example_time_delta_sensor_async.py
[2023-05-24T21:49:40.033+0200] {processor.py:809} INFO - DAG(s) dict_keys(['example_time_delta_sensor_async']) retrieved from /home/choco/.local/lib/python3.10/site-packages/airflow/example_dags/example_time_delta_sensor_async.py
[2023-05-24T21:49:40.056+0200] {logging_mixin.py:149} INFO - [2023-05-24T21:49:40.056+0200] {dag.py:2726} INFO - Sync 1 DAGs
[2023-05-24T21:49:40.079+0200] {logging_mixin.py:149} INFO - [2023-05-24T21:49:40.078+0200] {dag.py:3486} INFO - Setting next_dagrun for example_time_delta_sensor_async to None, run_after=None
[2023-05-24T21:49:40.102+0200] {processor.py:178} INFO - Processing /home/choco/.local/lib/python3.10/site-packages/airflow/example_dags/example_time_delta_sensor_async.py took 0.112 seconds
[2023-05-24T21:50:24.240+0200] {processor.py:156} INFO - Started process (PID=8264) to work on /home/choco/.local/lib/python3.10/site-packages/airflow/example_dags/example_time_delta_sensor_async.py
[2023-05-24T21:50:24.241+0200] {processor.py:799} INFO - Processing file /home/choco/.local/lib/python3.10/site-packages/airflow/example_dags/example_time_delta_sensor_async.py for tasks to queue
[2023-05-24T21:50:24.242+0200] {logging_mixin.py:149} INFO - [2023-05-24T21:50:24.242+0200] {dagbag.py:541} INFO - Filling up the DagBag from /home/choco/.local/lib/python3.10/site-packages/airflow/example_dags/example_time_delta_sensor_async.py
[2023-05-24T21:50:24.246+0200] {processor.py:809} INFO - DAG(s) dict_keys(['example_time_delta_sensor_async']) retrieved from /home/choco/.local/lib/python3.10/site-packages/airflow/example_dags/example_time_delta_sensor_async.py
[2023-05-24T21:50:24.264+0200] {logging_mixin.py:149} INFO - [2023-05-24T21:50:24.264+0200] {dag.py:2726} INFO - Sync 1 DAGs
[2023-05-24T21:50:24.282+0200] {logging_mixin.py:149} INFO - [2023-05-24T21:50:24.282+0200] {dag.py:3486} INFO - Setting next_dagrun for example_time_delta_sensor_async to None, run_after=None
[2023-05-24T21:50:24.305+0200] {processor.py:178} INFO - Processing /home/choco/.local/lib/python3.10/site-packages/airflow/example_dags/example_time_delta_sensor_async.py took 0.067 seconds
[2023-05-24T21:51:12.565+0200] {processor.py:156} INFO - Started process (PID=8312) to work on /home/choco/.local/lib/python3.10/site-packages/airflow/example_dags/example_time_delta_sensor_async.py
[2023-05-24T21:51:12.614+0200] {processor.py:799} INFO - Processing file /home/choco/.local/lib/python3.10/site-packages/airflow/example_dags/example_time_delta_sensor_async.py for tasks to queue
[2023-05-24T21:51:12.615+0200] {logging_mixin.py:149} INFO - [2023-05-24T21:51:12.615+0200] {dagbag.py:541} INFO - Filling up the DagBag from /home/choco/.local/lib/python3.10/site-packages/airflow/example_dags/example_time_delta_sensor_async.py
[2023-05-24T21:51:12.620+0200] {processor.py:809} INFO - DAG(s) dict_keys(['example_time_delta_sensor_async']) retrieved from /home/choco/.local/lib/python3.10/site-packages/airflow/example_dags/example_time_delta_sensor_async.py
[2023-05-24T21:51:12.642+0200] {logging_mixin.py:149} INFO - [2023-05-24T21:51:12.641+0200] {dag.py:2726} INFO - Sync 1 DAGs
[2023-05-24T21:51:12.663+0200] {logging_mixin.py:149} INFO - [2023-05-24T21:51:12.662+0200] {dag.py:3486} INFO - Setting next_dagrun for example_time_delta_sensor_async to None, run_after=None
[2023-05-24T21:51:12.685+0200] {processor.py:178} INFO - Processing /home/choco/.local/lib/python3.10/site-packages/airflow/example_dags/example_time_delta_sensor_async.py took 0.122 seconds
