[2023-05-24T18:45:49.929+0200] {processor.py:156} INFO - Started process (PID=7924) to work on /home/choco/.local/lib/python3.10/site-packages/airflow/example_dags/tutorial_taskflow_api_virtualenv.py
[2023-05-24T18:45:49.931+0200] {processor.py:799} INFO - Processing file /home/choco/.local/lib/python3.10/site-packages/airflow/example_dags/tutorial_taskflow_api_virtualenv.py for tasks to queue
[2023-05-24T18:45:49.932+0200] {logging_mixin.py:149} INFO - [2023-05-24T18:45:49.931+0200] {dagbag.py:541} INFO - Filling up the DagBag from /home/choco/.local/lib/python3.10/site-packages/airflow/example_dags/tutorial_taskflow_api_virtualenv.py
[2023-05-24T18:45:50.162+0200] {logging_mixin.py:149} INFO - [2023-05-24T18:45:50.161+0200] {tutorial_taskflow_api_virtualenv.py:29} WARNING - The tutorial_taskflow_api_virtualenv example DAG requires virtualenv, please install it.
[2023-05-24T18:45:50.163+0200] {processor.py:811} WARNING - No viable dags retrieved from /home/choco/.local/lib/python3.10/site-packages/airflow/example_dags/tutorial_taskflow_api_virtualenv.py
[2023-05-24T18:45:50.195+0200] {processor.py:178} INFO - Processing /home/choco/.local/lib/python3.10/site-packages/airflow/example_dags/tutorial_taskflow_api_virtualenv.py took 0.271 seconds
[2023-05-24T18:46:44.627+0200] {processor.py:156} INFO - Started process (PID=7969) to work on /home/choco/.local/lib/python3.10/site-packages/airflow/example_dags/tutorial_taskflow_api_virtualenv.py
[2023-05-24T18:46:44.664+0200] {processor.py:799} INFO - Processing file /home/choco/.local/lib/python3.10/site-packages/airflow/example_dags/tutorial_taskflow_api_virtualenv.py for tasks to queue
[2023-05-24T18:46:44.665+0200] {logging_mixin.py:149} INFO - [2023-05-24T18:46:44.665+0200] {dagbag.py:541} INFO - Filling up the DagBag from /home/choco/.local/lib/python3.10/site-packages/airflow/example_dags/tutorial_taskflow_api_virtualenv.py
[2023-05-24T18:46:44.831+0200] {logging_mixin.py:149} INFO - [2023-05-24T18:46:44.830+0200] {tutorial_taskflow_api_virtualenv.py:29} WARNING - The tutorial_taskflow_api_virtualenv example DAG requires virtualenv, please install it.
[2023-05-24T18:46:44.831+0200] {processor.py:811} WARNING - No viable dags retrieved from /home/choco/.local/lib/python3.10/site-packages/airflow/example_dags/tutorial_taskflow_api_virtualenv.py
[2023-05-24T18:46:44.843+0200] {processor.py:178} INFO - Processing /home/choco/.local/lib/python3.10/site-packages/airflow/example_dags/tutorial_taskflow_api_virtualenv.py took 0.221 seconds
[2023-05-24T18:47:39.205+0200] {processor.py:156} INFO - Started process (PID=8016) to work on /home/choco/.local/lib/python3.10/site-packages/airflow/example_dags/tutorial_taskflow_api_virtualenv.py
[2023-05-24T18:47:39.207+0200] {processor.py:799} INFO - Processing file /home/choco/.local/lib/python3.10/site-packages/airflow/example_dags/tutorial_taskflow_api_virtualenv.py for tasks to queue
[2023-05-24T18:47:39.209+0200] {logging_mixin.py:149} INFO - [2023-05-24T18:47:39.208+0200] {dagbag.py:541} INFO - Filling up the DagBag from /home/choco/.local/lib/python3.10/site-packages/airflow/example_dags/tutorial_taskflow_api_virtualenv.py
[2023-05-24T18:47:39.497+0200] {logging_mixin.py:149} INFO - [2023-05-24T18:47:39.497+0200] {tutorial_taskflow_api_virtualenv.py:29} WARNING - The tutorial_taskflow_api_virtualenv example DAG requires virtualenv, please install it.
[2023-05-24T18:47:39.498+0200] {processor.py:811} WARNING - No viable dags retrieved from /home/choco/.local/lib/python3.10/site-packages/airflow/example_dags/tutorial_taskflow_api_virtualenv.py
[2023-05-24T18:47:39.520+0200] {processor.py:178} INFO - Processing /home/choco/.local/lib/python3.10/site-packages/airflow/example_dags/tutorial_taskflow_api_virtualenv.py took 0.320 seconds
[2023-05-24T21:47:25.951+0200] {processor.py:156} INFO - Started process (PID=8088) to work on /home/choco/.local/lib/python3.10/site-packages/airflow/example_dags/tutorial_taskflow_api_virtualenv.py
[2023-05-24T21:47:25.953+0200] {processor.py:799} INFO - Processing file /home/choco/.local/lib/python3.10/site-packages/airflow/example_dags/tutorial_taskflow_api_virtualenv.py for tasks to queue
[2023-05-24T21:47:25.954+0200] {logging_mixin.py:149} INFO - [2023-05-24T21:47:25.954+0200] {dagbag.py:541} INFO - Filling up the DagBag from /home/choco/.local/lib/python3.10/site-packages/airflow/example_dags/tutorial_taskflow_api_virtualenv.py
[2023-05-24T21:47:26.063+0200] {logging_mixin.py:149} INFO - [2023-05-24T21:47:26.063+0200] {tutorial_taskflow_api_virtualenv.py:29} WARNING - The tutorial_taskflow_api_virtualenv example DAG requires virtualenv, please install it.
[2023-05-24T21:47:26.064+0200] {processor.py:811} WARNING - No viable dags retrieved from /home/choco/.local/lib/python3.10/site-packages/airflow/example_dags/tutorial_taskflow_api_virtualenv.py
[2023-05-24T21:47:26.073+0200] {processor.py:178} INFO - Processing /home/choco/.local/lib/python3.10/site-packages/airflow/example_dags/tutorial_taskflow_api_virtualenv.py took 0.125 seconds
[2023-05-24T21:48:12.322+0200] {processor.py:156} INFO - Started process (PID=8135) to work on /home/choco/.local/lib/python3.10/site-packages/airflow/example_dags/tutorial_taskflow_api_virtualenv.py
[2023-05-24T21:48:12.357+0200] {processor.py:799} INFO - Processing file /home/choco/.local/lib/python3.10/site-packages/airflow/example_dags/tutorial_taskflow_api_virtualenv.py for tasks to queue
[2023-05-24T21:48:12.358+0200] {logging_mixin.py:149} INFO - [2023-05-24T21:48:12.358+0200] {dagbag.py:541} INFO - Filling up the DagBag from /home/choco/.local/lib/python3.10/site-packages/airflow/example_dags/tutorial_taskflow_api_virtualenv.py
[2023-05-24T21:48:12.491+0200] {logging_mixin.py:149} INFO - [2023-05-24T21:48:12.490+0200] {tutorial_taskflow_api_virtualenv.py:29} WARNING - The tutorial_taskflow_api_virtualenv example DAG requires virtualenv, please install it.
[2023-05-24T21:48:12.491+0200] {processor.py:811} WARNING - No viable dags retrieved from /home/choco/.local/lib/python3.10/site-packages/airflow/example_dags/tutorial_taskflow_api_virtualenv.py
[2023-05-24T21:48:12.504+0200] {processor.py:178} INFO - Processing /home/choco/.local/lib/python3.10/site-packages/airflow/example_dags/tutorial_taskflow_api_virtualenv.py took 0.186 seconds
[2023-05-24T21:49:05.282+0200] {processor.py:156} INFO - Started process (PID=8183) to work on /home/choco/.local/lib/python3.10/site-packages/airflow/example_dags/tutorial_taskflow_api_virtualenv.py
[2023-05-24T21:49:05.283+0200] {processor.py:799} INFO - Processing file /home/choco/.local/lib/python3.10/site-packages/airflow/example_dags/tutorial_taskflow_api_virtualenv.py for tasks to queue
[2023-05-24T21:49:05.284+0200] {logging_mixin.py:149} INFO - [2023-05-24T21:49:05.284+0200] {dagbag.py:541} INFO - Filling up the DagBag from /home/choco/.local/lib/python3.10/site-packages/airflow/example_dags/tutorial_taskflow_api_virtualenv.py
[2023-05-24T21:49:05.399+0200] {logging_mixin.py:149} INFO - [2023-05-24T21:49:05.399+0200] {tutorial_taskflow_api_virtualenv.py:29} WARNING - The tutorial_taskflow_api_virtualenv example DAG requires virtualenv, please install it.
[2023-05-24T21:49:05.399+0200] {processor.py:811} WARNING - No viable dags retrieved from /home/choco/.local/lib/python3.10/site-packages/airflow/example_dags/tutorial_taskflow_api_virtualenv.py
[2023-05-24T21:49:05.413+0200] {processor.py:178} INFO - Processing /home/choco/.local/lib/python3.10/site-packages/airflow/example_dags/tutorial_taskflow_api_virtualenv.py took 0.133 seconds
[2023-05-24T21:49:57.168+0200] {processor.py:156} INFO - Started process (PID=8236) to work on /home/choco/.local/lib/python3.10/site-packages/airflow/example_dags/tutorial_taskflow_api_virtualenv.py
[2023-05-24T21:49:57.172+0200] {processor.py:799} INFO - Processing file /home/choco/.local/lib/python3.10/site-packages/airflow/example_dags/tutorial_taskflow_api_virtualenv.py for tasks to queue
[2023-05-24T21:49:57.173+0200] {logging_mixin.py:149} INFO - [2023-05-24T21:49:57.173+0200] {dagbag.py:541} INFO - Filling up the DagBag from /home/choco/.local/lib/python3.10/site-packages/airflow/example_dags/tutorial_taskflow_api_virtualenv.py
[2023-05-24T21:49:57.264+0200] {logging_mixin.py:149} INFO - [2023-05-24T21:49:57.264+0200] {tutorial_taskflow_api_virtualenv.py:29} WARNING - The tutorial_taskflow_api_virtualenv example DAG requires virtualenv, please install it.
[2023-05-24T21:49:57.265+0200] {processor.py:811} WARNING - No viable dags retrieved from /home/choco/.local/lib/python3.10/site-packages/airflow/example_dags/tutorial_taskflow_api_virtualenv.py
[2023-05-24T21:49:57.276+0200] {processor.py:178} INFO - Processing /home/choco/.local/lib/python3.10/site-packages/airflow/example_dags/tutorial_taskflow_api_virtualenv.py took 0.111 seconds
[2023-05-24T21:50:43.294+0200] {processor.py:156} INFO - Started process (PID=8283) to work on /home/choco/.local/lib/python3.10/site-packages/airflow/example_dags/tutorial_taskflow_api_virtualenv.py
[2023-05-24T21:50:43.308+0200] {processor.py:799} INFO - Processing file /home/choco/.local/lib/python3.10/site-packages/airflow/example_dags/tutorial_taskflow_api_virtualenv.py for tasks to queue
[2023-05-24T21:50:43.310+0200] {logging_mixin.py:149} INFO - [2023-05-24T21:50:43.309+0200] {dagbag.py:541} INFO - Filling up the DagBag from /home/choco/.local/lib/python3.10/site-packages/airflow/example_dags/tutorial_taskflow_api_virtualenv.py
[2023-05-24T21:50:43.414+0200] {logging_mixin.py:149} INFO - [2023-05-24T21:50:43.414+0200] {tutorial_taskflow_api_virtualenv.py:29} WARNING - The tutorial_taskflow_api_virtualenv example DAG requires virtualenv, please install it.
[2023-05-24T21:50:43.415+0200] {processor.py:811} WARNING - No viable dags retrieved from /home/choco/.local/lib/python3.10/site-packages/airflow/example_dags/tutorial_taskflow_api_virtualenv.py
[2023-05-24T21:50:43.422+0200] {processor.py:178} INFO - Processing /home/choco/.local/lib/python3.10/site-packages/airflow/example_dags/tutorial_taskflow_api_virtualenv.py took 0.134 seconds
