[2023-05-24T18:46:03.926+0200] {processor.py:156} INFO - Started process (PID=7935) to work on /home/choco/.local/lib/python3.10/site-packages/airflow/example_dags/plugins/event_listener.py
[2023-05-24T18:46:03.928+0200] {processor.py:799} INFO - Processing file /home/choco/.local/lib/python3.10/site-packages/airflow/example_dags/plugins/event_listener.py for tasks to queue
[2023-05-24T18:46:03.929+0200] {logging_mixin.py:149} INFO - [2023-05-24T18:46:03.928+0200] {dagbag.py:541} INFO - Filling up the DagBag from /home/choco/.local/lib/python3.10/site-packages/airflow/example_dags/plugins/event_listener.py
[2023-05-24T18:46:03.932+0200] {processor.py:811} WARNING - No viable dags retrieved from /home/choco/.local/lib/python3.10/site-packages/airflow/example_dags/plugins/event_listener.py
[2023-05-24T18:46:03.951+0200] {processor.py:178} INFO - Processing /home/choco/.local/lib/python3.10/site-packages/airflow/example_dags/plugins/event_listener.py took 0.029 seconds
[2023-05-24T18:46:57.017+0200] {processor.py:156} INFO - Started process (PID=7982) to work on /home/choco/.local/lib/python3.10/site-packages/airflow/example_dags/plugins/event_listener.py
[2023-05-24T18:46:57.020+0200] {processor.py:799} INFO - Processing file /home/choco/.local/lib/python3.10/site-packages/airflow/example_dags/plugins/event_listener.py for tasks to queue
[2023-05-24T18:46:57.021+0200] {logging_mixin.py:149} INFO - [2023-05-24T18:46:57.021+0200] {dagbag.py:541} INFO - Filling up the DagBag from /home/choco/.local/lib/python3.10/site-packages/airflow/example_dags/plugins/event_listener.py
[2023-05-24T18:46:57.025+0200] {processor.py:811} WARNING - No viable dags retrieved from /home/choco/.local/lib/python3.10/site-packages/airflow/example_dags/plugins/event_listener.py
[2023-05-24T18:46:57.044+0200] {processor.py:178} INFO - Processing /home/choco/.local/lib/python3.10/site-packages/airflow/example_dags/plugins/event_listener.py took 0.030 seconds
[2023-05-24T21:47:36.136+0200] {processor.py:156} INFO - Started process (PID=8097) to work on /home/choco/.local/lib/python3.10/site-packages/airflow/example_dags/plugins/event_listener.py
[2023-05-24T21:47:36.138+0200] {processor.py:799} INFO - Processing file /home/choco/.local/lib/python3.10/site-packages/airflow/example_dags/plugins/event_listener.py for tasks to queue
[2023-05-24T21:47:36.139+0200] {logging_mixin.py:149} INFO - [2023-05-24T21:47:36.139+0200] {dagbag.py:541} INFO - Filling up the DagBag from /home/choco/.local/lib/python3.10/site-packages/airflow/example_dags/plugins/event_listener.py
[2023-05-24T21:47:36.141+0200] {processor.py:811} WARNING - No viable dags retrieved from /home/choco/.local/lib/python3.10/site-packages/airflow/example_dags/plugins/event_listener.py
[2023-05-24T21:47:36.154+0200] {processor.py:178} INFO - Processing /home/choco/.local/lib/python3.10/site-packages/airflow/example_dags/plugins/event_listener.py took 0.020 seconds
[2023-05-24T21:48:24.436+0200] {processor.py:156} INFO - Started process (PID=8147) to work on /home/choco/.local/lib/python3.10/site-packages/airflow/example_dags/plugins/event_listener.py
[2023-05-24T21:48:24.474+0200] {processor.py:799} INFO - Processing file /home/choco/.local/lib/python3.10/site-packages/airflow/example_dags/plugins/event_listener.py for tasks to queue
[2023-05-24T21:48:24.476+0200] {logging_mixin.py:149} INFO - [2023-05-24T21:48:24.476+0200] {dagbag.py:541} INFO - Filling up the DagBag from /home/choco/.local/lib/python3.10/site-packages/airflow/example_dags/plugins/event_listener.py
[2023-05-24T21:48:24.480+0200] {processor.py:811} WARNING - No viable dags retrieved from /home/choco/.local/lib/python3.10/site-packages/airflow/example_dags/plugins/event_listener.py
[2023-05-24T21:48:24.505+0200] {processor.py:178} INFO - Processing /home/choco/.local/lib/python3.10/site-packages/airflow/example_dags/plugins/event_listener.py took 0.074 seconds
[2023-05-24T21:49:24.362+0200] {processor.py:156} INFO - Started process (PID=8203) to work on /home/choco/.local/lib/python3.10/site-packages/airflow/example_dags/plugins/event_listener.py
[2023-05-24T21:49:24.364+0200] {processor.py:799} INFO - Processing file /home/choco/.local/lib/python3.10/site-packages/airflow/example_dags/plugins/event_listener.py for tasks to queue
[2023-05-24T21:49:24.365+0200] {logging_mixin.py:149} INFO - [2023-05-24T21:49:24.364+0200] {dagbag.py:541} INFO - Filling up the DagBag from /home/choco/.local/lib/python3.10/site-packages/airflow/example_dags/plugins/event_listener.py
[2023-05-24T21:49:24.366+0200] {processor.py:811} WARNING - No viable dags retrieved from /home/choco/.local/lib/python3.10/site-packages/airflow/example_dags/plugins/event_listener.py
[2023-05-24T21:49:24.376+0200] {processor.py:178} INFO - Processing /home/choco/.local/lib/python3.10/site-packages/airflow/example_dags/plugins/event_listener.py took 0.017 seconds
[2023-05-24T21:50:11.551+0200] {processor.py:156} INFO - Started process (PID=8251) to work on /home/choco/.local/lib/python3.10/site-packages/airflow/example_dags/plugins/event_listener.py
[2023-05-24T21:50:11.552+0200] {processor.py:799} INFO - Processing file /home/choco/.local/lib/python3.10/site-packages/airflow/example_dags/plugins/event_listener.py for tasks to queue
[2023-05-24T21:50:11.553+0200] {logging_mixin.py:149} INFO - [2023-05-24T21:50:11.553+0200] {dagbag.py:541} INFO - Filling up the DagBag from /home/choco/.local/lib/python3.10/site-packages/airflow/example_dags/plugins/event_listener.py
[2023-05-24T21:50:11.555+0200] {processor.py:811} WARNING - No viable dags retrieved from /home/choco/.local/lib/python3.10/site-packages/airflow/example_dags/plugins/event_listener.py
[2023-05-24T21:50:11.565+0200] {processor.py:178} INFO - Processing /home/choco/.local/lib/python3.10/site-packages/airflow/example_dags/plugins/event_listener.py took 0.017 seconds
[2023-05-24T21:50:58.567+0200] {processor.py:156} INFO - Started process (PID=8298) to work on /home/choco/.local/lib/python3.10/site-packages/airflow/example_dags/plugins/event_listener.py
[2023-05-24T21:50:58.603+0200] {processor.py:799} INFO - Processing file /home/choco/.local/lib/python3.10/site-packages/airflow/example_dags/plugins/event_listener.py for tasks to queue
[2023-05-24T21:50:58.604+0200] {logging_mixin.py:149} INFO - [2023-05-24T21:50:58.604+0200] {dagbag.py:541} INFO - Filling up the DagBag from /home/choco/.local/lib/python3.10/site-packages/airflow/example_dags/plugins/event_listener.py
[2023-05-24T21:50:58.605+0200] {processor.py:811} WARNING - No viable dags retrieved from /home/choco/.local/lib/python3.10/site-packages/airflow/example_dags/plugins/event_listener.py
[2023-05-24T21:50:58.613+0200] {processor.py:178} INFO - Processing /home/choco/.local/lib/python3.10/site-packages/airflow/example_dags/plugins/event_listener.py took 0.049 seconds
